<?xml version="1.0" encoding="UTF-8"?>
<!-- Generated by org.testng.reporters.JUnitXMLReporter -->
<testsuite hostname="qa" ignored="0" name="Surefire test" tests="73" failures="1" timestamp="19 Aug 2021 10:15:27 GMT" time="9.943" errors="0">
  <testcase name="testSearchBookBadRequest" time="0.061" classname="book.SearchBookTest"/>
  <testcase name="testSearchBookByName" time="0.324" classname="book.SearchBookTest"/>
  <testcase name="testSearchBookReturn5Results" time="0.749" classname="book.SearchBookTest"/>
  <testcase name="testDeleteBookBadRequest" time="0.512" classname="book.DeleteBookTest"/>
  <testcase name="testDeleteBookById" time="0.12" classname="book.DeleteBookTest"/>
  <testcase name="testDeleteBookNotFound" time="0.024" classname="book.DeleteBookTest"/>
  <testcase name="testSearchBookByAuthorAndGenre" time="0.016" classname="book.GetBookByAuthorAndGenreTest"/>
  <testcase name="testSearchBookByAuthorBadRequestAndGenre" time="0.028" classname="book.GetBookByAuthorAndGenreTest"/>
  <testcase name="testSearchBookByAuthorThatNotExistAndGenre" time="0.028" classname="book.GetBookByAuthorAndGenreTest"/>
  <testcase name="testSearchBookByGenreBadRequestAndAuthor" time="0.022" classname="book.GetBookByAuthorAndGenreTest"/>
  <testcase name="testSearchBookByGenreThatNotExistAndAuthor" time="0.027" classname="book.GetBookByAuthorAndGenreTest"/>
  <testcase name="testGetAllBooks" time="0.697" classname="book.GetAllBookOfSpecialGenreTest">
    <failure type="java.lang.AssertionError" message="Size not equals of expected expected [5] but found [398]">
      <![CDATA[java.lang.AssertionError: Size not equals of expected expected [5] but found [398]
at service.VerifyService.verifyThatResponseBodySizeEquals(VerifyService.java:100)
at book.GetAllBookOfSpecialGenreTest.testGetAllBooks(GetAllBookOfSpecialGenreTest.java:40)
... Removed 34 stack frames]]>
    </failure>
  </testcase> <!-- testGetAllBooks -->
  <testcase name="testGetBooksWithBadPageNumber" time="0.053" classname="book.GetAllBookOfSpecialGenreTest"/>
  <testcase name="testGetBooksWithBadPaginationValue" time="0.057" classname="book.GetAllBookOfSpecialGenreTest"/>
  <testcase name="testGetBookBadRequest" time="0.026" classname="book.GetBookTest"/>
  <testcase name="testGetBookById" time="0.101" classname="book.GetBookTest"/>
  <testcase name="testGetBookNotFound" time="0.035" classname="book.GetBookTest"/>
  <testcase name="testSearchBookByAuthor" time="0.013" classname="book.GetBookByAuthorTest"/>
  <testcase name="testSearchBookByAuthorBadRequest" time="0.055" classname="book.GetBookByAuthorTest"/>
  <testcase name="testSearchBookByAuthorThatNotExist" time="0.057" classname="book.GetBookByAuthorTest"/>
  <testcase name="testGetAllBooks" time="0.032" classname="book.GetAllBooksTest"/>
  <testcase name="testGetBooksWithBadPageNumber" time="0.058" classname="book.GetAllBooksTest"/>
  <testcase name="testGetBooksWithBadPaginationValue" time="0.048" classname="book.GetAllBooksTest"/>
  <testcase name="testPositiveUpdateBook" time="0.031" classname="book.UpdateBookTest"/>
  <testcase name="testUpdateBookThatNotFound" time="0.047" classname="book.UpdateBookTest"/>
  <testcase name="testUpdateBookWithoutBody" time="0.071" classname="book.UpdateBookTest"/>
  <testcase name="testCreateAuthorWithExistsId" time="0.089" classname="book.CreateBookTest"/>
  <testcase name="testCreateAuthorWithoutBody" time="0.026" classname="book.CreateBookTest"/>
  <testcase name="testPositiveScenario" time="0.116" classname="book.CreateBookTest"/>
  <testcase name="testCreateAuthorWithExistsId" time="0.066" classname="genre.CreateGenreTest"/>
  <testcase name="testCreateAuthorWithoutBody" time="0.033" classname="genre.CreateGenreTest"/>
  <testcase name="testPositiveScenario" time="0.003" classname="genre.CreateGenreTest"/>
  <testcase name="testGetGenreBadRequest" time="0.021" classname="genre.GetGenreTest"/>
  <testcase name="testGetGenreById" time="0.045" classname="genre.GetGenreTest"/>
  <testcase name="testGetGenreNotFound" time="0.028" classname="genre.GetGenreTest"/>
  <testcase name="testDeleteGenreBadRequest" time="0.022" classname="genre.DeleteGenreTest"/>
  <testcase name="testDeleteGenreById" time="0.038" classname="genre.DeleteGenreTest"/>
  <testcase name="testDeleteGenreNotFound" time="0.025" classname="genre.DeleteGenreTest"/>
  <testcase name="testPositiveUpdateGenre" time="0.012" classname="genre.UpdateGenreTest"/>
  <testcase name="testUpdateGenreThatNotFound" time="0.022" classname="genre.UpdateGenreTest"/>
  <testcase name="testUpdateGenreWithoutBody" time="0.036" classname="genre.UpdateGenreTest"/>
  <testcase name="testSearchGenreByAuthor" time="0.01" classname="genre.GetGenreByAuthorTest"/>
  <testcase name="testSearchGenreByAuthorBadRequest" time="0.056" classname="genre.GetGenreByAuthorTest"/>
  <testcase name="testSearchGenreByAuthorThatNotExist" time="0.018" classname="genre.GetGenreByAuthorTest"/>
  <testcase name="testSearchGenreBadRequest" time="0.019" classname="genre.SearchGenreTest"/>
  <testcase name="testSearchGenreByName" time="0.002" classname="genre.SearchGenreTest"/>
  <testcase name="testGetAllGenres" time="0.013" classname="genre.GetAllGenresTest"/>
  <testcase name="testGetGenresWithBadPageNumber" time="0.034" classname="genre.GetAllGenresTest"/>
  <testcase name="testGetGenresWithBadPaginationValue" time="0.037" classname="genre.GetAllGenresTest"/>
  <testcase name="testDeleteAuthorBadRequest" time="0.039" classname="author.DeleteAuthorTest"/>
  <testcase name="testDeleteAuthorById" time="0.031" classname="author.DeleteAuthorTest"/>
  <testcase name="testDeleteAuthorNotFound" time="0.022" classname="author.DeleteAuthorTest"/>
  <testcase name="testSearchAuthorByBook" time="0.012" classname="author.GetAuthorByBookTest"/>
  <testcase name="testSearchAuthorByBookBadRequest" time="0.022" classname="author.GetAuthorByBookTest"/>
  <testcase name="testSearchAuthorByBookThatNotExist" time="0.022" classname="author.GetAuthorByBookTest"/>
  <testcase name="testGetAuthorBadRequest" time="0.019" classname="author.GetAuthorTest"/>
  <testcase name="testGetAuthorById" time="0.025" classname="author.GetAuthorTest"/>
  <testcase name="testGetAuthorNotFound" time="0.018" classname="author.GetAuthorTest"/>
  <testcase name="testCreateAuthorWithExistsId" time="0.019" classname="author.CreateAuthorTest"/>
  <testcase name="testCreateAuthorWithoutBody" time="0.033" classname="author.CreateAuthorTest"/>
  <testcase name="testPositiveScenario" time="0.008" classname="author.CreateAuthorTest"/>
  <testcase name="testSearchAuthorByGenre" time="0.009" classname="author.GetAuthorByGenreTest"/>
  <testcase name="testSearchAuthorByGenreBadRequest" time="0.058" classname="author.GetAuthorByGenreTest"/>
  <testcase name="testSearchAuthorByGenreThatNotExist" time="0.036" classname="author.GetAuthorByGenreTest"/>
  <testcase name="testSearchAuthorBadRequest" time="0.021" classname="author.SearchAuthorTest"/>
  <testcase name="testSearchAuthorByFirstName" time="0.012" classname="author.SearchAuthorTest"/>
  <testcase name="testSearchAuthorByLastName" time="0.024" classname="author.SearchAuthorTest"/>
  <testcase name="testPositiveUpdateAuthor" time="0.013" classname="author.UpdateAuthorTest"/>
  <testcase name="testUpdateAuthorWithoutBody" time="0.021" classname="author.UpdateAuthorTest"/>
  <testcase name="testUpdateUserThatNotFound" time="0.018" classname="author.UpdateAuthorTest"/>
  <testcase name="testGetAllAuthors" time="0.051" classname="author.GetAllAuthorsTest"/>
  <testcase name="testGetAuthorsWithBadPageNumber" time="0.024" classname="author.GetAllAuthorsTest"/>
  <testcase name="testGetAuthorsWithBadPaginationValue" time="0.015" classname="author.GetAllAuthorsTest"/>
</testsuite> <!-- Surefire test -->
