<?xml version="1.0" encoding="UTF-8"?>
<!-- Generated by org.testng.reporters.JUnitXMLReporter -->
<testsuite hostname="qa" ignored="0" name="Surefire test" tests="73" failures="2" timestamp="16 Aug 2021 14:51:36 GMT" time="8.746" errors="0">
  <testcase name="testSearchBookBadRequest" time="2.308" classname="book.SearchBookTest"/>
  <testcase name="testSearchBookByName" time="0.646" classname="book.SearchBookTest"/>
  <testcase name="testSearchBookReturn5Results" time="0.476" classname="book.SearchBookTest"/>
  <testcase name="testDeleteBookBadRequest" time="0.668" classname="book.DeleteBookTest"/>
  <testcase name="testDeleteBookById" time="0.082" classname="book.DeleteBookTest"/>
  <testcase name="testDeleteBookNotFound" time="0.024" classname="book.DeleteBookTest"/>
  <testcase name="testSearchBookByAuthorAndGenre" time="0.103" classname="book.GetBookByAuthorAndGenreTest"/>
  <testcase name="testSearchBookByAuthorBadRequestAndGenre" time="0.14" classname="book.GetBookByAuthorAndGenreTest"/>
  <testcase name="testSearchBookByAuthorThatNotExistAndGenre" time="0.09" classname="book.GetBookByAuthorAndGenreTest"/>
  <testcase name="testSearchBookByGenreBadRequestAndAuthor" time="0.099" classname="book.GetBookByAuthorAndGenreTest"/>
  <testcase name="testSearchBookByGenreThatNotExistAndAuthor" time="0.09" classname="book.GetBookByAuthorAndGenreTest"/>
  <testcase name="testGetAllBooks" time="0.935" classname="book.GetAllBookOfSpecialGenreTest">
    <failure type="java.lang.AssertionError" message="expected [5] but found [505]">
      <![CDATA[java.lang.AssertionError: expected [5] but found [505]
at book.GetAllBookOfSpecialGenreTest.testGetAllBooks(GetAllBookOfSpecialGenreTest.java:40)
... Removed 35 stack frames]]>
    </failure>
  </testcase> <!-- testGetAllBooks -->
  <testcase name="testGetBooksWithBadPageNumber" time="0.063" classname="book.GetAllBookOfSpecialGenreTest"/>
  <testcase name="testGetBooksWithBadPaginationValue" time="0.049" classname="book.GetAllBookOfSpecialGenreTest"/>
  <testcase name="testGetBookBadRequest" time="0.022" classname="book.GetBookTest"/>
  <testcase name="testGetBookById" time="0.092" classname="book.GetBookTest"/>
  <testcase name="testGetBookNotFound" time="0.032" classname="book.GetBookTest"/>
  <testcase name="testSearchBookByAuthor" time="0.072" classname="book.GetBookByAuthorTest"/>
  <testcase name="testSearchBookByAuthorBadRequest" time="0.091" classname="book.GetBookByAuthorTest"/>
  <testcase name="testSearchBookByAuthorThatNotExist" time="0.09" classname="book.GetBookByAuthorTest"/>
  <testcase name="testGetAllBooks" time="0.031" classname="book.GetAllBooksTest"/>
  <testcase name="testGetBooksWithBadPageNumber" time="0.02" classname="book.GetAllBooksTest"/>
  <testcase name="testGetBooksWithBadPaginationValue" time="0.02" classname="book.GetAllBooksTest"/>
  <testcase name="testPositiveUpdateBook" time="0.084" classname="book.UpdateBookTest"/>
  <testcase name="testUpdateBookThatNotFound" time="0.121" classname="book.UpdateBookTest"/>
  <testcase name="testUpdateBookWithoutBody" time="0.118" classname="book.UpdateBookTest"/>
  <testcase name="testCreateAuthorWithExistsId" time="0.079" classname="book.CreateBookTest"/>
  <testcase name="testCreateAuthorWithoutBody" time="0.051" classname="book.CreateBookTest"/>
  <testcase name="testPositiveScenario" time="0.053" classname="book.CreateBookTest"/>
  <testcase name="testCreateAuthorWithExistsId" time="0.05" classname="genre.CreateGenreTest"/>
  <testcase name="testCreateAuthorWithoutBody" time="0.026" classname="genre.CreateGenreTest"/>
  <testcase name="testPositiveScenario" time="0.019" classname="genre.CreateGenreTest"/>
  <testcase name="testGetGenreBadRequest" time="0.039" classname="genre.GetGenreTest"/>
  <testcase name="testGetGenreById" time="0.019" classname="genre.GetGenreTest"/>
  <testcase name="testGetGenreNotFound" time="0.018" classname="genre.GetGenreTest"/>
  <testcase name="testDeleteGenreBadRequest" time="0.019" classname="genre.DeleteGenreTest"/>
  <testcase name="testDeleteGenreById" time="0.025" classname="genre.DeleteGenreTest"/>
  <testcase name="testDeleteGenreNotFound" time="0.034" classname="genre.DeleteGenreTest"/>
  <testcase name="testPositiveUpdateGenre" time="0.03" classname="genre.UpdateGenreTest"/>
  <testcase name="testUpdateGenreThatNotFound" time="0.072" classname="genre.UpdateGenreTest"/>
  <testcase name="testUpdateGenreWithoutBody" time="0.064" classname="genre.UpdateGenreTest"/>
  <testcase name="testSearchGenreByAuthor" time="0.077" classname="genre.GetGenreByAuthorTest"/>
  <testcase name="testSearchGenreByAuthorBadRequest" time="0.097" classname="genre.GetGenreByAuthorTest"/>
  <testcase name="testSearchGenreByAuthorThatNotExist" time="0.07" classname="genre.GetGenreByAuthorTest"/>
  <testcase name="testSearchGenreBadRequest" time="0.022" classname="genre.SearchGenreTest"/>
  <testcase name="testSearchGenreByName" time="0.03" classname="genre.SearchGenreTest"/>
  <testcase name="testGetAllGenres" time="0.018" classname="genre.GetAllGenresTest"/>
  <testcase name="testGetGenresWithBadPageNumber" time="0.022" classname="genre.GetAllGenresTest"/>
  <testcase name="testGetGenresWithBadPaginationValue" time="0.017" classname="genre.GetAllGenresTest"/>
  <testcase name="testDeleteAuthorBadRequest" time="0.02" classname="author.DeleteAuthorTest"/>
  <testcase name="testDeleteAuthorById" time="0.025" classname="author.DeleteAuthorTest"/>
  <testcase name="testDeleteAuthorNotFound" time="0.02" classname="author.DeleteAuthorTest"/>
  <testcase name="testSearchAuthorByBook" time="0.048" classname="author.GetAuthorByBookTest">
    <failure type="java.lang.ClassCastException" message="java.util.LinkedHashMap cannot be cast to java.util.List">
      <![CDATA[java.lang.ClassCastException: java.util.LinkedHashMap cannot be cast to java.util.List
at io.restassured.path.json.JsonPath.getList(JsonPath.java:391)
at response.BaseResponse.getListOfBody(BaseResponse.java:50)
at author.GetAuthorByBookTest.testSearchAuthorByBook(GetAuthorByBookTest.java:35)
... Removed 29 stack frames]]>
    </failure>
  </testcase> <!-- testSearchAuthorByBook -->
  <testcase name="testSearchAuthorByBookBadRequest" time="0.068" classname="author.GetAuthorByBookTest"/>
  <testcase name="testSearchAuthorByBookThatNotExist" time="0.07" classname="author.GetAuthorByBookTest"/>
  <testcase name="testGetAuthorBadRequest" time="0.031" classname="author.GetAuthorTest"/>
  <testcase name="testGetAuthorById" time="0.032" classname="author.GetAuthorTest"/>
  <testcase name="testGetAuthorNotFound" time="0.028" classname="author.GetAuthorTest"/>
  <testcase name="testCreateAuthorWithExistsId" time="0.046" classname="author.CreateAuthorTest"/>
  <testcase name="testCreateAuthorWithoutBody" time="0.035" classname="author.CreateAuthorTest"/>
  <testcase name="testPositiveScenario" time="0.024" classname="author.CreateAuthorTest"/>
  <testcase name="testSearchAuthorByGenre" time="0.092" classname="author.GetAuthorByGenreTest"/>
  <testcase name="testSearchAuthorByGenreBadRequest" time="0.109" classname="author.GetAuthorByGenreTest"/>
  <testcase name="testSearchAuthorByGenreThatNotExist" time="0.094" classname="author.GetAuthorByGenreTest"/>
  <testcase name="testSearchAuthorBadRequest" time="0.031" classname="author.SearchAuthorTest"/>
  <testcase name="testSearchAuthorByFirstName" time="0.022" classname="author.SearchAuthorTest"/>
  <testcase name="testSearchAuthorByLastName" time="0.023" classname="author.SearchAuthorTest"/>
  <testcase name="testPositiveUpdateAuthor" time="0.02" classname="author.UpdateAuthorTest"/>
  <testcase name="testUpdateAuthorWithoutBody" time="0.029" classname="author.UpdateAuthorTest"/>
  <testcase name="testUpdateUserThatNotFound" time="0.033" classname="author.UpdateAuthorTest"/>
  <testcase name="testGetAllAuthors" time="0.015" classname="author.GetAllAuthorsTest"/>
  <testcase name="testGetAuthorsWithBadPageNumber" time="0.018" classname="author.GetAllAuthorsTest"/>
  <testcase name="testGetAuthorsWithBadPaginationValue" time="0.018" classname="author.GetAllAuthorsTest"/>
</testsuite> <!-- Surefire test -->
