<?xml version="1.0" encoding="UTF-8"?>
<testsuite xmlns:xsi="http://www.w3.org/2001/XMLSchema-instance" xsi:noNamespaceSchemaLocation="https://maven.apache.org/surefire/maven-surefire-plugin/xsd/surefire-test-report.xsd" name="TestSuite" time="11.133" tests="73" errors="0" skipped="0" failures="1">
  <properties>
[...]
</properties>
  <testcase name="testSearchBookBadRequest" classname="book.SearchBookTest" time="2.568"/>
  <testcase name="testSearchBookByName" classname="book.SearchBookTest" time="0.593"/>
  <testcase name="testSearchBookReturn5Results" classname="book.SearchBookTest" time="0.575"/>
  <testcase name="testDeleteBookBadRequest" classname="book.DeleteBookTest" time="0.535"/>
  <testcase name="testDeleteBookById" classname="book.DeleteBookTest" time="0.073"/>
  <testcase name="testDeleteBookNotFound" classname="book.DeleteBookTest" time="0.029"/>
  <testcase name="testSearchBookByAuthorAndGenre" classname="book.GetBookByAuthorAndGenreTest" time="0.009"/>
  <testcase name="testSearchBookByAuthorBadRequestAndGenre" classname="book.GetBookByAuthorAndGenreTest" time="0.028"/>
  <testcase name="testSearchBookByAuthorThatNotExistAndGenre" classname="book.GetBookByAuthorAndGenreTest" time="0.033"/>
  <testcase name="testSearchBookByGenreBadRequestAndAuthor" classname="book.GetBookByAuthorAndGenreTest" time="0.022"/>
  <testcase name="testSearchBookByGenreThatNotExistAndAuthor" classname="book.GetBookByAuthorAndGenreTest" time="0.028"/>
  <testcase name="testGetAllBooks" classname="book.GetAllBookOfSpecialGenreTest" time="1.871">
    <failure message="expected [5] but found [355]" type="java.lang.AssertionError">java.lang.AssertionError: expected [5] but found [355]
	at book.GetAllBookOfSpecialGenreTest.testGetAllBooks(GetAllBookOfSpecialGenreTest.java:40)
</failure>
    <system-out><![CDATA[2021-08-17 17:37 INFO  AuthorMethods - Get id for genre: '4816'
2021-08-17 17:37 INFO  HttpClient - Send GET request to /api/library/genre/4816 with body : null
2021-08-17 17:37 INFO  BaseResponse - Get status code - 404
2021-08-17 17:37 INFO  AuthorMethods - ID is created successful!
2021-08-17 17:37 INFO  HttpClient - Send POST request to /api/library/genre with body : {"genreId":4816,"genreName":"genreName4816","genreDescription":"goodGenre"}
2021-08-17 17:37 INFO  BookMethods - Get id for book: '54032'
2021-08-17 17:37 INFO  HttpClient - Send GET request to /api/library/book/54032 with body : null
2021-08-17 17:37 INFO  BaseResponse - Get status code - 404
2021-08-17 17:37 INFO  BookMethods - ID is created successful!
2021-08-17 17:37 INFO  AuthorMethods - Get id for author: '50942'
2021-08-17 17:37 INFO  HttpClient - Send GET request to /api/library/author/50942 with body : null
2021-08-17 17:37 INFO  BaseResponse - Get status code - 404
2021-08-17 17:37 INFO  AuthorMethods - ID is created successful!
2021-08-17 17:37 INFO  Author - Setting authorId = 50942
2021-08-17 17:37 INFO  AuthorName - Setting first name = FirstName50942
2021-08-17 17:37 INFO  AuthorName - Setting second name = LastName50942
2021-08-17 17:37 INFO  Author - Setting nationality = Ukrainian50942
2021-08-17 17:37 INFO  Birth - Setting birth date = 1973-03-28
2021-08-17 17:37 INFO  Birth - Setting birth country = Ukraine
2021-08-17 17:37 INFO  Birth - Setting birth city = Mykoliv
2021-08-17 17:37 INFO  Author - Setting authorDescription = GoodAuthor
2021-08-17 17:37 INFO  HttpClient - Send POST request to /api/library/author with body : {"authorId":50942,"authorName":{"first":"FirstName50942","second":"LastName50942"},"nationality":"Ukrainian50942","birth":{"date":"1973-03-28","country":"Ukraine","city":"Mykoliv"},"authorDescription":"GoodAuthor"}
2021-08-17 17:37 INFO  HttpClient - Send POST request to /api/library/book/50942/4816 with body : {"bookId":54032,"bookName":"BookName54032","bookLanguage":"Ukrainian","bookDescription":"goodDescription","additional":{"pageCount":756,"size":{"height":10,"width":20,"length":30}},"publicationYear":2001}
2021-08-17 17:37 INFO  BaseResponse - Get status code - 201
2021-08-17 17:37 INFO  BookMethods - Get id for book: '81001'
2021-08-17 17:37 INFO  HttpClient - Send GET request to /api/library/book/81001 with body : null
2021-08-17 17:37 INFO  BaseResponse - Get status code - 404
2021-08-17 17:37 INFO  BookMethods - ID is created successful!
2021-08-17 17:37 INFO  AuthorMethods - Get id for author: '5912'
2021-08-17 17:37 INFO  HttpClient - Send GET request to /api/library/author/5912 with body : null
2021-08-17 17:37 INFO  BaseResponse - Get status code - 404
2021-08-17 17:37 INFO  AuthorMethods - ID is created successful!
2021-08-17 17:37 INFO  Author - Setting authorId = 5912
2021-08-17 17:37 INFO  AuthorName - Setting first name = FirstName5912
2021-08-17 17:37 INFO  AuthorName - Setting second name = LastName5912
2021-08-17 17:37 INFO  Author - Setting nationality = Ukrainian5912
2021-08-17 17:37 INFO  Birth - Setting birth date = 1973-03-28
2021-08-17 17:37 INFO  Birth - Setting birth country = Ukraine
2021-08-17 17:37 INFO  Birth - Setting birth city = Mykoliv
2021-08-17 17:37 INFO  Author - Setting authorDescription = GoodAuthor
2021-08-17 17:37 INFO  HttpClient - Send POST request to /api/library/author with body : {"authorId":5912,"authorName":{"first":"FirstName5912","second":"LastName5912"},"nationality":"Ukrainian5912","birth":{"date":"1973-03-28","country":"Ukraine","city":"Mykoliv"},"authorDescription":"GoodAuthor"}
2021-08-17 17:37 INFO  HttpClient - Send POST request to /api/library/book/5912/4816 with body : {"bookId":81001,"bookName":"BookName81001","bookLanguage":"Ukrainian","bookDescription":"goodDescription","additional":{"pageCount":756,"size":{"height":10,"width":20,"length":30}},"publicationYear":2001}
2021-08-17 17:37 INFO  BaseResponse - Get status code - 201
2021-08-17 17:37 INFO  BookMethods - Get id for book: '46235'
2021-08-17 17:37 INFO  HttpClient - Send GET request to /api/library/book/46235 with body : null
2021-08-17 17:37 INFO  BaseResponse - Get status code - 404
2021-08-17 17:37 INFO  BookMethods - ID is created successful!
2021-08-17 17:37 INFO  AuthorMethods - Get id for author: '43296'
2021-08-17 17:37 INFO  HttpClient - Send GET request to /api/library/author/43296 with body : null
2021-08-17 17:37 INFO  BaseResponse - Get status code - 404
2021-08-17 17:37 INFO  AuthorMethods - ID is created successful!
2021-08-17 17:37 INFO  Author - Setting authorId = 43296
2021-08-17 17:37 INFO  AuthorName - Setting first name = FirstName43296
2021-08-17 17:37 INFO  AuthorName - Setting second name = LastName43296
2021-08-17 17:37 INFO  Author - Setting nationality = Ukrainian43296
2021-08-17 17:37 INFO  Birth - Setting birth date = 1973-03-28
2021-08-17 17:37 INFO  Birth - Setting birth country = Ukraine
2021-08-17 17:37 INFO  Birth - Setting birth city = Mykoliv
2021-08-17 17:37 INFO  Author - Setting authorDescription = GoodAuthor
2021-08-17 17:37 INFO  HttpClient - Send POST request to /api/library/author with body : {"authorId":43296,"authorName":{"first":"FirstName43296","second":"LastName43296"},"nationality":"Ukrainian43296","birth":{"date":"1973-03-28","country":"Ukraine","city":"Mykoliv"},"authorDescription":"GoodAuthor"}
2021-08-17 17:37 INFO  HttpClient - Send POST request to /api/library/book/43296/4816 with body : {"bookId":46235,"bookName":"BookName46235","bookLanguage":"Ukrainian","bookDescription":"goodDescription","additional":{"pageCount":756,"size":{"height":10,"width":20,"length":30}},"publicationYear":2001}
2021-08-17 17:37 INFO  BaseResponse - Get status code - 201
2021-08-17 17:37 INFO  BookMethods - Get id for book: '62526'
2021-08-17 17:37 INFO  HttpClient - Send GET request to /api/library/book/62526 with body : null
2021-08-17 17:37 INFO  BaseResponse - Get status code - 404
2021-08-17 17:37 INFO  BookMethods - ID is created successful!
2021-08-17 17:37 INFO  AuthorMethods - Get id for author: '80665'
2021-08-17 17:37 INFO  HttpClient - Send GET request to /api/library/author/80665 with body : null
2021-08-17 17:37 INFO  BaseResponse - Get status code - 404
2021-08-17 17:37 INFO  AuthorMethods - ID is created successful!
2021-08-17 17:37 INFO  Author - Setting authorId = 80665
2021-08-17 17:37 INFO  AuthorName - Setting first name = FirstName80665
2021-08-17 17:37 INFO  AuthorName - Setting second name = LastName80665
2021-08-17 17:37 INFO  Author - Setting nationality = Ukrainian80665
2021-08-17 17:37 INFO  Birth - Setting birth date = 1973-03-28
2021-08-17 17:37 INFO  Birth - Setting birth country = Ukraine
2021-08-17 17:37 INFO  Birth - Setting birth city = Mykoliv
2021-08-17 17:37 INFO  Author - Setting authorDescription = GoodAuthor
2021-08-17 17:37 INFO  HttpClient - Send POST request to /api/library/author with body : {"authorId":80665,"authorName":{"first":"FirstName80665","second":"LastName80665"},"nationality":"Ukrainian80665","birth":{"date":"1973-03-28","country":"Ukraine","city":"Mykoliv"},"authorDescription":"GoodAuthor"}
2021-08-17 17:37 INFO  HttpClient - Send POST request to /api/library/book/80665/4816 with body : {"bookId":62526,"bookName":"BookName62526","bookLanguage":"Ukrainian","bookDescription":"goodDescription","additional":{"pageCount":756,"size":{"height":10,"width":20,"length":30}},"publicationYear":2001}
2021-08-17 17:37 INFO  BaseResponse - Get status code - 201
2021-08-17 17:37 INFO  BookMethods - Get id for book: '98781'
2021-08-17 17:37 INFO  HttpClient - Send GET request to /api/library/book/98781 with body : null
2021-08-17 17:37 INFO  BaseResponse - Get status code - 404
2021-08-17 17:37 INFO  BookMethods - ID is created successful!
2021-08-17 17:37 INFO  AuthorMethods - Get id for author: '15813'
2021-08-17 17:37 INFO  HttpClient - Send GET request to /api/library/author/15813 with body : null
2021-08-17 17:37 INFO  BaseResponse - Get status code - 404
2021-08-17 17:37 INFO  AuthorMethods - ID is created successful!
2021-08-17 17:37 INFO  Author - Setting authorId = 15813
2021-08-17 17:37 INFO  AuthorName - Setting first name = FirstName15813
2021-08-17 17:37 INFO  AuthorName - Setting second name = LastName15813
2021-08-17 17:37 INFO  Author - Setting nationality = Ukrainian15813
2021-08-17 17:37 INFO  Birth - Setting birth date = 1973-03-28
2021-08-17 17:37 INFO  Birth - Setting birth country = Ukraine
2021-08-17 17:37 INFO  Birth - Setting birth city = Mykoliv
2021-08-17 17:37 INFO  Author - Setting authorDescription = GoodAuthor
2021-08-17 17:37 INFO  HttpClient - Send POST request to /api/library/author with body : {"authorId":15813,"authorName":{"first":"FirstName15813","second":"LastName15813"},"nationality":"Ukrainian15813","birth":{"date":"1973-03-28","country":"Ukraine","city":"Mykoliv"},"authorDescription":"GoodAuthor"}
2021-08-17 17:37 INFO  HttpClient - Send POST request to /api/library/book/15813/4816 with body : {"bookId":98781,"bookName":"BookName98781","bookLanguage":"Ukrainian","bookDescription":"goodDescription","additional":{"pageCount":756,"size":{"height":10,"width":20,"length":30}},"publicationYear":2001}
2021-08-17 17:37 INFO  BaseResponse - Get status code - 201
2021-08-17 17:37 INFO  HttpClient - Send GET request to /api/library/genre/4816/books?page=5&pagination=false&size=10 with body : null
2021-08-17 17:37 INFO  BaseResponse - Get status code - 200
2021-08-17 17:38 INFO  BaseResponse - Getting list.  List -> [Book{bookId=17, bookName='Eligendi labore excepturi', bookLanguage='chinese', bookDescription='Qui qui optio ut soluta eum. Repellendus molestiae quis velit cum omnis voluptatibus reprehenderit. Sed dolores corrupti dolor non aut. Omnis consequuntur culpa.', additional=Additional{pageCount=962, size=Size{height=28, width=24, length=1}}, publicationYear=2012}, Book{bookId=23, bookName='Dignissimos quia natus minima', bookLanguage='urdu', bookDescription='Quibusdam eius et sunt atque dolores saepe. Facere repellat cumque laboriosam magnam corrupti. Et harum itaque dolores id dicta ullam repellendus. Atque consectetur quos repudiandae veniam.', additional=Additional{pageCount=401, size=Size{height=11, width=10, length=2}}, publicationYear=1984}, Book{bookId=32, bookName='Inventore quod sed', bookLanguage='portuguese', bookDescription='Itaque quis ullam vero. Et magnam quasi. Ullam nisi dolor eveniet modi non cupiditate aut.', additional=Additional{pageCount=225, size=Size{height=14, width=27, length=1}}, publicationYear=1984}, Book{bookId=200, bookName='Totam dolorum eaque dolore', bookLanguage='urdu', bookDescription='Consectetur id nisi nostrum. Delectus non quaerat dolorem officiis. Praesentium aperiam molestiae beatae iure ad.', additional=Additional{pageCount=325, size=Size{height=30, width=23, length=1}}, publicationYear=1974}, Book{bookId=207, bookName='Dolorum nihil neque', bookLanguage='farsi', bookDescription='Suscipit voluptatem velit facilis et perspiciatis ad. Sit maxime facilis suscipit molestiae. Exercitationem vel deserunt voluptatem qui. Vel totam voluptatem consequatur voluptatibus voluptas. Fugiat cupiditate saepe minima vel eos quisquam laborum.', additional=Additional{pageCount=882, size=Size{height=6, width=10, length=4}}, publicationYear=1979}, Book{bookId=255, bookName='Voluptatibus at voluptas', bookLanguage='polish', bookDescription='Porro ipsum ea. Quos id in ea ab odio aliquid quasi. Sequi commodi ut soluta veritatis. Voluptatem quis expedita esse tempore et. Fuga corporis neque et dolore sequi.', additional=Additional{pageCount=316, size=Size{height=11, width=26, length=3}}, publicationYear=1973}, Book{bookId=278, bookName='Occaecati eum dolores', bookLanguage='urdu', bookDescription='Voluptas assumenda vitae provident non quis aut. Inventore amet sit suscipit temporibus ut earum. Delectus quia quas magni. Pariatur voluptate nisi blanditiis ab sunt consequuntur animi.', additional=Additional{pageCount=174, size=Size{height=29, width=9, length=2}}, publicationYear=1980}, Book{bookId=281, bookName='Ab assumenda illo delectus', bookLanguage='farsi', bookDescription='Quasi doloremque soluta. Deserunt explicabo dicta rerum delectus nihil perspiciatis. Quia ut nulla. Ut minima sed et aspernatur. Ut qui dolorem veritatis accusantium aut tempora dignissimos.', additional=Additional{pageCount=106, size=Size{height=8, width=15, length=3}}, publicationYear=2017}, Book{bookId=318, bookName='Omnis labore voluptas occaecati', bookLanguage='ukrainian', bookDescription='Rerum nostrum qui. Nisi porro incidunt velit qui molestiae. Animi autem aperiam aut. Doloribus qui ipsa incidunt id velit sunt. Deserunt praesentium doloremque architecto ab magni.', additional=Additional{pageCount=592, size=Size{height=11, width=5, length=4}}, publicationYear=2011}, Book{bookId=359, bookName='BookName359', bookLanguage='Ukrainian', bookDescription='goodDescription', additional=Additional{pageCount=756, size=Size{height=10, width=20, length=30}}, publicationYear=2001}, Book{bookId=364, bookName='Non accusamus velit', bookLanguage='german', bookDescription='Placeat nam molestiae fugit voluptatem omnis. Et fugiat at et ea delectus itaque soluta. Omnis ipsam laudantium voluptas rerum quis sequi.', additional=Additional{pageCount=257, size=Size{height=8, width=28, length=3}}, publicationYear=1986}, Book{bookId=410, bookName='Maiores modi dolorem', bookLanguage='english', bookDescription='Recusandae soluta expedita itaque delectus voluptas aut. Qui voluptatem fugiat corporis esse omnis et mollitia. Rem est velit quo et sit voluptatem. Occaecati facilis quibusdam. Aliquid voluptatem provident.', additional=Additional{pageCount=960, size=Size{height=6, width=25, length=3}}, publicationYear=1972}, Book{bookId=415, bookName='Eligendi temporibus sunt suscipit', bookLanguage='croatian', bookDescription='Rem ea accusamus numquam reprehenderit eum nostrum eius. Cum consequatur nihil sed voluptatem fugiat aut. Earum inventore voluptatum reiciendis dolor doloribus laudantium.', additional=Additional{pageCount=797, size=Size{height=30, width=31, length=2}}, publicationYear=2014}, Book{bookId=449, bookName='Quia dolor facere', bookLanguage='polish', bookDescription='Qui repellendus id amet incidunt reiciendis adipisci rerum. Iusto aut at deleniti dolores aut minima. Illum aut totam explicabo minima. Facilis architecto est voluptas sint iste. Sit est consequatur temporibus.', additional=Additional{pageCount=36, size=Size{height=19, width=6, length=1}}, publicationYear=2007}, Book{bookId=477, bookName='Sed voluptatem in', bookLanguage='polish', bookDescription='Est et architecto et fugit officia impedit. Et ut voluptatum quae. Eligendi quam nihil quo dignissimos. Nihil id sint sunt voluptate eum et.', additional=Additional{pageCount=905, size=Size{height=29, width=13, length=2}}, publicationYear=1990}, Book{bookId=491, bookName='Ut eius sed eum', bookLanguage='spanish', bookDescription='Inventore non ipsum temporibus deleniti. Nesciunt ducimus exercitationem autem aut cupiditate rerum et. Necessitatibus libero tenetur error perspiciatis.', additional=Additional{pageCount=946, size=Size{height=19, width=17, length=2}}, publicationYear=1971}, Book{bookId=555, bookName='Esse vitae illum eum', bookLanguage='urdu', bookDescription='Illo nostrum porro aut fuga voluptate. Ratione molestiae ea aspernatur saepe enim eum aut. Harum et tenetur. Est rerum ut.', additional=Additional{pageCount=23, size=Size{height=19, width=26, length=3}}, publicationYear=1996}, Book{bookId=687, bookName='Ullam sint eius', bookLanguage='farsi', bookDescription='Laudantium assumenda perspiciatis facere dignissimos recusandae. Quis et est animi sunt nam dolorem. Dolores reprehenderit et. Dicta commodi dolorum. Voluptatum unde ut illum quaerat.', additional=Additional{pageCount=436, size=Size{height=23, width=21, length=1}}, publicationYear=1982}, Book{bookId=705, bookName='Eos labore earum', bookLanguage='english', bookDescription='In cumque quae. Pariatur sint perspiciatis numquam aliquid occaecati numquam. Aut dolorem quasi odit aliquam est incidunt. Aut eos inventore. Dolorem ab id temporibus possimus fuga asperiores eligendi.', additional=Additional{pageCount=959, size=Size{height=26, width=9, length=3}}, publicationYear=1971}, Book{bookId=729, bookName='BookName729', bookLanguage='Ukrainian', bookDescription='goodDescription', additional=Additional{pageCount=756, size=Size{height=10, width=20, length=30}}, publicationYear=2001}, Book{bookId=742, bookName='Eligendi dolore dignissimos', bookLanguage='chinese', bookDescription='Sit nemo facilis nam quisquam cum. Suscipit harum perferendis eos non qui qui autem. Cum nulla qui et numquam cupiditate voluptatem. Odio odio commodi eveniet nesciunt.', additional=Additional{pageCount=243, size=Size{height=23, width=33, length=2}}, publicationYear=1995}, Book{bookId=750, bookName='Recusandae quidem vel error', bookLanguage='arabic', bookDescription='Dolore ea blanditiis. Expedita nobis assumenda minima sapiente dolor ipsa impedit. Corporis aliquam quae quaerat atque sed eligendi. Iusto voluptatem aut vitae quos adipisci eum. Saepe doloribus fugit consequatur officia corporis ullam tempore.', additional=Additional{pageCount=305, size=Size{height=9, width=31, length=2}}, publicationYear=1985}, Book{bookId=757, bookName='Amet aut dolorem', bookLanguage='armenian', bookDescription='Ea optio quo aut provident. Tempora magni ipsum quasi aut ab eum. Dolor animi nisi odio.', additional=Additional{pageCount=659, size=Size{height=17, width=23, length=4}}, publicationYear=2001}, Book{bookId=762, bookName='Rerum velit quia', bookLanguage='urdu', bookDescription='Laboriosam deleniti fuga accusantium molestiae rem excepturi. Ratione dolor non autem. Voluptatem illo cupiditate eligendi ad maiores dignissimos dolorem.', additional=Additional{pageCount=651, size=Size{height=12, width=7, length=2}}, publicationYear=1991}, Book{bookId=774, bookName='Et alias ipsum', bookLanguage='portuguese', bookDescription='Qui suscipit voluptatem error. Eaque amet corporis eos. Dolores officia earum quaerat maiores et harum nemo.', additional=Additional{pageCount=408, size=Size{height=18, width=20, length=3}}, publicationYear=1980}, Book{bookId=785, bookName='Nihil quod repellendus voluptatibus', bookLanguage='arabic', bookDescription='Ad suscipit ut. Consequatur harum nam. Repellendus asperiores aut nisi. Et aperiam impedit modi.', additional=Additional{pageCount=875, size=Size{height=12, width=31, length=3}}, publicationYear=2010}, Book{bookId=809, bookName='Ut illo dolor', bookLanguage='chinese', bookDescription='Sequi iure deserunt dolor similique qui temporibus aliquid. Quaerat dolorem illum inventore optio ratione quia. Saepe mollitia voluptatem eum molestiae. Vitae dolorem officiis culpa nulla. Sed tempora est quisquam quae id aliquid.', additional=Additional{pageCount=228, size=Size{height=13, width=33, length=1}}, publicationYear=2005}, Book{bookId=874, bookName='Hic aut omnis', bookLanguage='croatian', bookDescription='Eveniet dolores et. Molestiae et necessitatibus sed. Eos ut asperiores.', additional=Additional{pageCount=22, size=Size{height=7, width=30, length=4}}, publicationYear=1987}, Book{bookId=917, bookName='Asperiores sit reiciendis', bookLanguage='armenian', bookDescription='Occaecati delectus unde. Placeat ut reprehenderit numquam iste minus non. Soluta quam libero ut autem. Sit maiores et voluptate possimus nemo accusamus. Maxime dignissimos delectus deserunt.', additional=Additional{pageCount=918, size=Size{height=24, width=6, length=2}}, publicationYear=1972}, Book{bookId=942, bookName='Accusamus iusto saepe dolores', bookLanguage='belorussian', bookDescription='Doloremque molestias aspernatur distinctio. Et in eligendi non perspiciatis sint numquam. Eos sint dolorem ad dolores ullam cumque.', additional=Additional{pageCount=960, size=Size{height=8, width=9, length=4}}, publicationYear=1986}, Book{bookId=948, bookName='Praesentium in aliquid dolor', bookLanguage='french', bookDescription='Iste quos vitae quae maiores. Perspiciatis et voluptatem minus quia aut eos reprehenderit. Dolores voluptas odio et vel et. Sapiente eligendi itaque doloremque velit in nesciunt fugiat. Molestiae blanditiis vitae corporis.', additional=Additional{pageCount=422, size=Size{height=32, width=8, length=4}}, publicationYear=1983}, Book{bookId=957, bookName='Aut aut quo quo', bookLanguage='english', bookDescription='Consequatur cum similique quo quo temporibus. Sint qui sint tempore soluta aspernatur quam. Enim et corrupti voluptatibus perferendis consequatur fugiat. Et tempore quod quisquam iusto dolorum sint dolorem. Sed et iure qui rerum laborum rerum.', additional=Additional{pageCount=933, size=Size{height=10, width=33, length=3}}, publicationYear=1977}, Book{bookId=979, bookName='Eum ut sint', bookLanguage='urdu', bookDescription='Est a quia eveniet et. Omnis exercitationem sed voluptates. Ducimus quod eaque numquam quia et.', additional=Additional{pageCount=248, size=Size{height=32, width=29, length=4}}, publicationYear=1999}, Book{bookId=995, bookName='Dicta facere corrupti', bookLanguage='portuguese', bookDescription='Voluptatibus sit dolores molestiae maxime facilis. Ipsa veniam consequatur explicabo et id nulla. Consequuntur necessitatibus voluptatum. Quia magnam voluptate eos ut praesentium quibusdam rerum. Suscipit ipsum explicabo vero beatae odit.', additional=Additional{pageCount=499, size=Size{height=18, width=8, length=3}}, publicationYear=1997}, Book{bookId=1160, bookName='Suscipit praesentium dolores', bookLanguage='armenian', bookDescription='Amet laborum debitis deserunt aliquid doloribus qui debitis. Voluptatem maiores reiciendis. Quaerat consectetur ut.', additional=Additional{pageCount=458, size=Size{height=27, width=5, length=4}}, publicationYear=1985}, Book{bookId=1177, bookName='Et iste sit', bookLanguage='armenian', bookDescription='Commodi sint est odio et. Voluptas ratione voluptas ipsam autem. Quae perferendis aut enim quibusdam necessitatibus. Molestias unde placeat.', additional=Additional{pageCount=311, size=Size{height=18, width=12, length=4}}, publicationYear=2013}, Book{bookId=1393, bookName='Cupiditate ipsum sed', bookLanguage='urdu', bookDescription='Dolor nesciunt est. Quia eum voluptas. Illum modi vel ut et. Non vero et aut voluptatibus. Sapiente est dignissimos praesentium corrupti et.', additional=Additional{pageCount=134, size=Size{height=27, width=30, length=3}}, publicationYear=2016}, Book{bookId=1518, bookName='Molestias officiis quasi cupiditate', bookLanguage='arabic', bookDescription='Similique soluta deserunt perferendis. Ut sunt aliquam et pariatur quis tenetur consectetur. Architecto cum qui est qui voluptatibus ea voluptatum.', additional=Additional{pageCount=620, size=Size{height=11, width=16, length=3}}, publicationYear=2002}, Book{bookId=1544, bookName='Voluptates ut magnam', bookLanguage='farsi', bookDescription='Consequatur autem soluta saepe nihil blanditiis. Consequatur voluptatibus et et sint. Eveniet dolores perspiciatis et enim voluptatem. Sint perferendis veniam quas et amet sit.', additional=Additional{pageCount=348, size=Size{height=16, width=22, length=2}}, publicationYear=1981}, Book{bookId=1572, bookName='BookName1572', bookLanguage='Ukrainian', bookDescription='goodDescription', additional=Additional{pageCount=756, size=Size{height=10, width=20, length=30}}, publicationYear=2001}, Book{bookId=1578, bookName='Quas quaerat voluptatibus', bookLanguage='armenian', bookDescription='Omnis aliquid earum vero deleniti. Velit vel placeat fugiat. Mollitia voluptates dolorem. At ipsum impedit earum quia dolore dolorum eum. Aut id recusandae rem.', additional=Additional{pageCount=655, size=Size{height=28, width=18, length=2}}, publicationYear=1973}, Book{bookId=1655, bookName='Quo eum aut enim', bookLanguage='croatian', bookDescription='Tempora consectetur ut tempora quia aspernatur sit sed. Laborum hic illo. Dolores molestiae esse voluptas aut vero. Animi qui voluptatum et quis reiciendis maiores quaerat. Molestiae repellendus pariatur quam aut ut.', additional=Additional{pageCount=960, size=Size{height=16, width=28, length=4}}, publicationYear=1994}, Book{bookId=1686, bookName='Blanditiis voluptates nesciunt', bookLanguage='chinese', bookDescription='Ullam id nulla sequi accusamus debitis voluptas dolore. Totam eius et odit dolore. Nobis quia sequi aliquam ut et.', additional=Additional{pageCount=133, size=Size{height=20, width=13, length=3}}, publicationYear=1994}, Book{bookId=1759, bookName='Minus quos nisi at', bookLanguage='chinese', bookDescription='Dolores sint repudiandae fuga. Nobis consectetur quod ipsum fugit voluptatem fugiat. Voluptatum ducimus expedita velit assumenda fuga soluta.', additional=Additional{pageCount=303, size=Size{height=18, width=25, length=1}}, publicationYear=1977}, Book{bookId=1783, bookName='Earum sed eum', bookLanguage='russian', bookDescription='Doloribus possimus quas et. Voluptatum modi mollitia nihil ullam. Harum minima esse. Totam repellat quas tempora. Autem quia quod eum velit.', additional=Additional{pageCount=148, size=Size{height=31, width=5, length=4}}, publicationYear=2018}, Book{bookId=1815, bookName='Omnis et quo quisquam', bookLanguage='arabic', bookDescription='Accusantium reiciendis temporibus voluptatem aut repudiandae dolorem consequatur. Dignissimos adipisci et quasi et tenetur. Ut sint quam et voluptas.', additional=Additional{pageCount=777, size=Size{height=5, width=13, length=4}}, publicationYear=1985}, Book{bookId=1887, bookName='Odio laudantium aliquam', bookLanguage='armenian', bookDescription='Fuga facere non rerum. Nihil expedita hic velit vel ut sint. Aspernatur facilis aliquid et. Corporis et dolore eaque autem voluptas minima ut.', additional=Additional{pageCount=87, size=Size{height=30, width=26, length=1}}, publicationYear=1976}, Book{bookId=1910, bookName='BookName1910', bookLanguage='Ukrainian', bookDescription='goodDescription', additional=Additional{pageCount=756, size=Size{height=10, width=20, length=30}}, publicationYear=2001}, Book{bookId=1947, bookName='Ea eos quam quod', bookLanguage='french', bookDescription='Qui voluptatibus atque aut eos nostrum. Possimus eos laborum accusamus. Similique unde accusamus ipsa quaerat nostrum rerum sed.', additional=Additional{pageCount=965, size=Size{height=16, width=24, length=3}}, publicationYear=1974}, Book{bookId=1980, bookName='Non expedita porro', bookLanguage='chinese', bookDescription='Quis quas quis cupiditate ipsa quidem sequi minus. Eum omnis optio. Voluptatem eveniet praesentium dolorem.', additional=Additional{pageCount=216, size=Size{height=20, width=25, length=1}}, publicationYear=1979}, Book{bookId=2026, bookName='Placeat esse autem', bookLanguage='russian', bookDescription='Odio autem praesentium voluptas assumenda. Ipsa voluptatem accusantium in in aut animi odit. Sunt impedit ut et. Hic sapiente ullam accusamus iusto.', additional=Additional{pageCount=662, size=Size{height=32, width=25, length=3}}, publicationYear=1974}, Book{bookId=2174, bookName='Id quo cumque molestiae', bookLanguage='arabic', bookDescription='Dolorem provident recusandae aut et omnis nesciunt aut. Et ea corporis illo voluptatem et vel. Laudantium qui fugiat quo ipsum veritatis alias cum.', additional=Additional{pageCount=880, size=Size{height=7, width=32, length=3}}, publicationYear=2006}, Book{bookId=2209, bookName='Omnis quos ut', bookLanguage='russian', bookDescription='Voluptatem quia accusantium ab iste explicabo voluptas. Molestiae voluptas consequatur. Exercitationem nemo repudiandae. Possimus placeat rem consequatur reprehenderit ratione voluptatem.', additional=Additional{pageCount=467, size=Size{height=20, width=29, length=1}}, publicationYear=1982}, Book{bookId=2234, bookName='Impedit repellat ab velit', bookLanguage='belorussian', bookDescription='Sunt dignissimos unde. Voluptatibus mollitia amet quia. Tempore aut aut voluptas. Cumque modi et possimus natus ea qui.', additional=Additional{pageCount=679, size=Size{height=33, width=23, length=3}}, publicationYear=2013}, Book{bookId=2242, bookName='Ut consequatur eos', bookLanguage='farsi', bookDescription='Reprehenderit laudantium nemo ut autem exercitationem. Ducimus incidunt accusantium. Recusandae autem fugiat voluptas reprehenderit autem qui. Quae et facere officiis et minus.', additional=Additional{pageCount=916, size=Size{height=26, width=15, length=4}}, publicationYear=2010}, Book{bookId=2273, bookName='Ducimus ullam aut', bookLanguage='arabic', bookDescription='Omnis et quia eveniet necessitatibus ut ex. Debitis nesciunt libero. Culpa suscipit molestiae qui eum reprehenderit.', additional=Additional{pageCount=63, size=Size{height=14, width=20, length=2}}, publicationYear=1977}, Book{bookId=2291, bookName='Voluptatum omnis qui', bookLanguage='arabic', bookDescription='Omnis et consequatur praesentium rerum suscipit ullam. Non harum repellat nam. Odit veritatis est sed. Sint eos voluptatem. Facere pariatur atque ab.', additional=Additional{pageCount=665, size=Size{height=8, width=11, length=4}}, publicationYear=2008}, Book{bookId=2385, bookName='Minus minus commodi', bookLanguage='farsi', bookDescription='Nihil et repellat. Eos nobis sit perferendis neque animi rerum. Rerum esse maxime ut totam molestiae perferendis autem.', additional=Additional{pageCount=280, size=Size{height=24, width=5, length=4}}, publicationYear=1985}, Book{bookId=2435, bookName='Et eius atque ut', bookLanguage='urdu', bookDescription='Eligendi quia voluptates cupiditate enim nisi. Dicta libero culpa maxime velit qui pariatur. Animi error explicabo placeat. Nihil natus voluptates est repellat nisi similique delectus. Asperiores id laborum sapiente sint velit sed.', additional=Additional{pageCount=376, size=Size{height=20, width=19, length=3}}, publicationYear=1991}, Book{bookId=2454, bookName='Dolores est quos voluptate', bookLanguage='chinese', bookDescription='Sint placeat ut. Amet sit amet. Optio perferendis occaecati amet similique neque itaque qui. Rerum cumque dolore possimus natus sit ducimus. Quam nostrum sit.', additional=Additional{pageCount=116, size=Size{height=29, width=29, length=3}}, publicationYear=1999}, Book{bookId=2506, bookName='Nemo non rerum', bookLanguage='portuguese', bookDescription='Enim omnis nesciunt odit. Quidem velit et. Natus nisi expedita. Nobis rerum modi sit harum hic nam eaque.', additional=Additional{pageCount=537, size=Size{height=23, width=16, length=2}}, publicationYear=2004}, Book{bookId=2521, bookName='Quia a ratione nulla', bookLanguage='spanish', bookDescription='Magni alias nemo consequatur dolorum omnis. Autem porro ipsam et qui eveniet sit eum. Iure voluptatem delectus voluptatum quos laboriosam qui. Earum maxime harum. Occaecati fugiat qui quos amet aspernatur.', additional=Additional{pageCount=158, size=Size{height=20, width=6, length=3}}, publicationYear=2008}, Book{bookId=2524, bookName='Sed assumenda quis', bookLanguage='armenian', bookDescription='Repudiandae omnis minima cum aut repellat. Quo id earum ipsum vitae. Enim nihil ullam et. Asperiores nihil aut ipsum aut omnis. Dolores fuga iure autem.', additional=Additional{pageCount=963, size=Size{height=15, width=30, length=2}}, publicationYear=1974}, Book{bookId=2679, bookName='Occaecati minus minima', bookLanguage='ukrainian', bookDescription='Illum nobis earum quam placeat ut placeat fugit. Exercitationem est et. In et eos. Qui esse qui.', additional=Additional{pageCount=66, size=Size{height=8, width=25, length=4}}, publicationYear=1996}, Book{bookId=2699, bookName='Laudantium alias perferendis quos', bookLanguage='chinese', bookDescription='Delectus rem quis. Est tempore ullam illum sunt sed voluptatem. Dolore non quis maxime quidem laboriosam. Quis ratione possimus non. Laboriosam autem ratione laboriosam vero consequatur.', additional=Additional{pageCount=918, size=Size{height=32, width=27, length=2}}, publicationYear=2014}, Book{bookId=2871, bookName='Eveniet maxime aut', bookLanguage='arabic', bookDescription='Commodi dolorem magni. Iusto ipsa est rerum nihil. Autem dignissimos dolorum nemo. Eum optio est aliquam omnis debitis non. Aut excepturi voluptatem dicta nemo ipsa eaque esse.', additional=Additional{pageCount=456, size=Size{height=30, width=14, length=3}}, publicationYear=2000}, Book{bookId=2937, bookName='BookName2937', bookLanguage='Ukrainian', bookDescription='goodDescription', additional=Additional{pageCount=756, size=Size{height=10, width=20, length=30}}, publicationYear=2001}, Book{bookId=2964, bookName='Tempore aspernatur ducimus', bookLanguage='chinese', bookDescription='Et omnis eum velit magnam facere ratione. Tempore ipsam hic maxime quos omnis temporibus aut. Sunt quia alias labore. Voluptates ut voluptas nostrum consequatur sapiente.', additional=Additional{pageCount=892, size=Size{height=27, width=11, length=3}}, publicationYear=2011}, Book{bookId=2984, bookName='Voluptates deleniti eum', bookLanguage='arabic', bookDescription='Quaerat possimus quibusdam. A voluptas cupiditate inventore ut. Voluptas dolores dolorum possimus. Praesentium aperiam quaerat et suscipit et ut facere.', additional=Additional{pageCount=223, size=Size{height=15, width=24, length=3}}, publicationYear=2007}, Book{bookId=2994, bookName='Sint dolor sint', bookLanguage='urdu', bookDescription='Recusandae voluptatum recusandae quidem. Ea ex earum in. Quia velit tenetur. At in quasi pariatur optio cum consequuntur. Deserunt rerum autem harum nobis labore est.', additional=Additional{pageCount=300, size=Size{height=13, width=5, length=2}}, publicationYear=1994}, Book{bookId=2995, bookName='Ratione dolorem omnis', bookLanguage='belorussian', bookDescription='Alias illo quas. Voluptatem quos ut. Ad et qui cum. Recusandae non et perspiciatis aliquam quae explicabo.', additional=Additional{pageCount=87, size=Size{height=7, width=9, length=3}}, publicationYear=1975}, Book{bookId=3043, bookName='In perferendis laboriosam molestias', bookLanguage='french', bookDescription='Maiores veniam itaque possimus enim reiciendis aut et. Optio commodi aut ut. Est aut nihil exercitationem voluptas alias sapiente. Vitae repellat quos modi et blanditiis voluptatibus et. Dolore debitis distinctio odio.', additional=Additional{pageCount=831, size=Size{height=28, width=21, length=2}}, publicationYear=2002}, Book{bookId=3065, bookName='Placeat aut quia', bookLanguage='french', bookDescription='Iure optio ea quia. Cumque qui officia nesciunt officiis. Enim officia voluptatem ad possimus nulla eligendi sed. Ut sint eveniet facilis molestiae ducimus et cupiditate. Quidem rem vel ea architecto excepturi.', additional=Additional{pageCount=66, size=Size{height=34, width=33, length=3}}, publicationYear=1993}, Book{bookId=3087, bookName='Omnis provident at tempore', bookLanguage='polish', bookDescription='Reprehenderit odio quis aut dolor ipsam incidunt. Unde ut aspernatur voluptates sapiente. Inventore fugit nesciunt enim. Consequatur nisi omnis non sed ut. Dolore modi sint voluptatem ex.', additional=Additional{pageCount=11, size=Size{height=22, width=28, length=3}}, publicationYear=2013}, Book{bookId=3093, bookName='Neque est rerum molestias', bookLanguage='arabic', bookDescription='Pariatur enim tempora doloremque placeat. Vitae maxime sint assumenda. Minus voluptatem temporibus at. Quia adipisci sed sapiente voluptas corrupti molestias eum. Accusantium voluptas adipisci autem vitae.', additional=Additional{pageCount=547, size=Size{height=25, width=21, length=4}}, publicationYear=2007}, Book{bookId=3131, bookName='BookName3131', bookLanguage='Ukrainian', bookDescription='goodDescription', additional=Additional{pageCount=756, size=Size{height=10, width=20, length=30}}, publicationYear=2001}, Book{bookId=3148, bookName='Quod temporibus eum consectetur', bookLanguage='urdu', bookDescription='Rerum at rem voluptatem. Dolore voluptatem molestiae sapiente expedita. Eum illum aut nulla ut. Sint magni eos laborum expedita voluptatem cumque autem.', additional=Additional{pageCount=902, size=Size{height=21, width=32, length=2}}, publicationYear=1987}, Book{bookId=3202, bookName='BookName3202', bookLanguage='Ukrainian', bookDescription='goodDescription', additional=Additional{pageCount=756, size=Size{height=10, width=20, length=30}}, publicationYear=2001}, Book{bookId=3398, bookName='Id quibusdam officiis voluptas', bookLanguage='polish', bookDescription='Et consequatur ut dolorum deleniti saepe necessitatibus. Consequuntur dolores corrupti at ipsam. Expedita exercitationem est et. Dolore qui qui laboriosam.', additional=Additional{pageCount=234, size=Size{height=12, width=31, length=4}}, publicationYear=1995}, Book{bookId=3425, bookName='Corporis sunt vel aliquid', bookLanguage='ukrainian', bookDescription='Ea similique quaerat aut qui. Consequatur ut dolorem natus quia sunt culpa repellendus. Ut rerum laborum dolorem. Suscipit culpa eveniet ratione sed maiores nulla voluptas. Dolorem deserunt pariatur.', additional=Additional{pageCount=574, size=Size{height=23, width=25, length=3}}, publicationYear=2015}, Book{bookId=3511, bookName='Modi ratione molestias', bookLanguage='arabic', bookDescription='Qui dolor consequuntur nobis aliquid nihil. Mollitia nostrum optio in aut et nihil. Quis voluptatem delectus voluptatem. Rerum eos omnis magnam. Culpa vel et.', additional=Additional{pageCount=206, size=Size{height=12, width=26, length=4}}, publicationYear=1989}, Book{bookId=3513, bookName='Cum vitae exercitationem', bookLanguage='spanish', bookDescription='Ut nobis molestias et minus nobis dolores harum. Eos debitis vel aliquam molestiae. Commodi aut consequatur laboriosam architecto deleniti aut.', additional=Additional{pageCount=811, size=Size{height=9, width=10, length=4}}, publicationYear=1996}, Book{bookId=3526, bookName='BookName3526', bookLanguage='Ukrainian', bookDescription='goodDescription', additional=Additional{pageCount=756, size=Size{height=10, width=20, length=30}}, publicationYear=2001}, Book{bookId=3529, bookName='Eum voluptatum numquam', bookLanguage='ukrainian', bookDescription='Eos praesentium in omnis. Accusantium quas dolorum nulla non. Doloremque alias magnam. Et occaecati quia quidem voluptates aut.', additional=Additional{pageCount=522, size=Size{height=32, width=28, length=4}}, publicationYear=2000}, Book{bookId=3567, bookName='Ad eaque iusto', bookLanguage='armenian', bookDescription='Laudantium maxime nobis est. Rerum laborum totam quia voluptate distinctio aut. Iste tenetur cumque sed et nihil rerum quidem. Rerum quis asperiores enim molestiae sequi eligendi natus. Ut dicta consectetur nihil rerum enim.', additional=Additional{pageCount=479, size=Size{height=18, width=31, length=2}}, publicationYear=1988}, Book{bookId=3591, bookName='Velit voluptatem accusamus', bookLanguage='urdu', bookDescription='Perspiciatis non nesciunt. Sunt repellendus quia assumenda minus quaerat laboriosam. Dolores amet ut non quae. Sint nisi odio. Cum voluptas rem et voluptatem perspiciatis.', additional=Additional{pageCount=927, size=Size{height=27, width=21, length=1}}, publicationYear=1984}, Book{bookId=3615, bookName='Ut ea et', bookLanguage='portuguese', bookDescription='Facilis vel architecto ea et amet. Harum qui natus deserunt delectus rerum reiciendis. Recusandae esse iste ipsam velit dolorem voluptate ut. Illum voluptas ad odit voluptates ut. Odit et iure sunt.', additional=Additional{pageCount=524, size=Size{height=18, width=17, length=4}}, publicationYear=1995}, Book{bookId=3625, bookName='Veritatis laboriosam iusto odit', bookLanguage='farsi', bookDescription='Laudantium nam ipsam occaecati praesentium voluptates enim asperiores. Ipsam sequi quibusdam. Sint adipisci ut consectetur. Rerum architecto quia tempore dicta quo tempore. Quibusdam est iure numquam nesciunt optio sit.', additional=Additional{pageCount=295, size=Size{height=32, width=10, length=2}}, publicationYear=1977}, Book{bookId=3643, bookName='Blanditiis vitae eos', bookLanguage='chinese', bookDescription='Modi sunt sed qui maxime quos harum. Fuga molestiae porro. Quo dolor iusto. At quaerat sit quae.', additional=Additional{pageCount=231, size=Size{height=32, width=21, length=2}}, publicationYear=1983}, Book{bookId=3661, bookName='BookName3661', bookLanguage='Ukrainian', bookDescription='goodDescription', additional=Additional{pageCount=756, size=Size{height=10, width=20, length=30}}, publicationYear=2001}, Book{bookId=3694, bookName='Voluptatem voluptatum officiis omnis', bookLanguage='belorussian', bookDescription='Quis eos sunt est repudiandae. Sint repudiandae quia. Ut fugiat qui deserunt iste eius officia enim.', additional=Additional{pageCount=826, size=Size{height=25, width=23, length=1}}, publicationYear=2005}, Book{bookId=3700, bookName='Consequuntur nesciunt est', bookLanguage='french', bookDescription='Ipsam sed qui cupiditate nobis qui vero. Sit atque qui beatae voluptatem. Ipsum beatae neque exercitationem et. Rerum dolore ea quo autem repellendus voluptatem. Doloremque saepe accusantium quia eligendi rem incidunt minima.', additional=Additional{pageCount=689, size=Size{height=5, width=14, length=3}}, publicationYear=1977}, Book{bookId=3709, bookName='Officiis porro rem quia', bookLanguage='russian', bookDescription='Repudiandae magnam laudantium. Laborum rerum dolorum vitae ea dolore neque tempore. Rerum totam est dolorem dolorem.', additional=Additional{pageCount=879, size=Size{height=16, width=25, length=3}}, publicationYear=1992}, Book{bookId=3738, bookName='Exercitationem nihil placeat quod', bookLanguage='german', bookDescription='Aliquam sequi non. Pariatur optio nihil officia distinctio facere impedit. Neque qui eos incidunt nostrum. Accusantium expedita perspiciatis libero fuga culpa. Voluptatem iste sed perspiciatis sequi.', additional=Additional{pageCount=305, size=Size{height=5, width=27, length=1}}, publicationYear=1979}, Book{bookId=3757, bookName='Aut ex hic neque', bookLanguage='portuguese', bookDescription='Tenetur ea tenetur quasi dolorem. Sed praesentium numquam quod. Est consequatur ducimus labore eos voluptatem et. Ratione quibusdam aut est quod.', additional=Additional{pageCount=599, size=Size{height=5, width=29, length=3}}, publicationYear=1998}, Book{bookId=3775, bookName='Est ut natus', bookLanguage='spanish', bookDescription='Aliquid sint inventore ut repellendus. Alias est consequatur odio et voluptate odio ipsum. Eos tenetur sed optio. Voluptatem corrupti rerum quia iste laudantium sed. Nisi quia nobis.', additional=Additional{pageCount=259, size=Size{height=5, width=25, length=1}}, publicationYear=1993}, Book{bookId=3877, bookName='Ab tempora explicabo', bookLanguage='polish', bookDescription='Est ex voluptatem praesentium labore est sint. Odio laborum nihil. Iusto iste hic nihil illum atque. Cumque nihil inventore sit id sint quis iusto. Ea et magni molestiae consectetur quibusdam.', additional=Additional{pageCount=365, size=Size{height=7, width=11, length=1}}, publicationYear=1993}, Book{bookId=3881, bookName='Maxime minima nemo', bookLanguage='belorussian', bookDescription='Est soluta eos fugiat illum aspernatur. Doloribus qui molestiae ratione. Eveniet explicabo aut. Necessitatibus tenetur doloremque laudantium. Repellendus voluptatibus quas delectus nihil qui.', additional=Additional{pageCount=784, size=Size{height=25, width=26, length=2}}, publicationYear=1996}, Book{bookId=3910, bookName='Delectus nisi nemo', bookLanguage='french', bookDescription='Dicta possimus ut eum voluptas. Distinctio sapiente et libero mollitia. Delectus et et debitis quia voluptates dolorum.', additional=Additional{pageCount=648, size=Size{height=6, width=31, length=3}}, publicationYear=1989}, Book{bookId=3915, bookName='Voluptatem sapiente quam libero', bookLanguage='croatian', bookDescription='Qui quia omnis iusto quos quam tempora ut. Aperiam repudiandae sint doloremque deleniti. Nobis dolor numquam est rerum impedit odit odit. Odit qui modi iure. Libero at dicta fugiat consectetur.', additional=Additional{pageCount=183, size=Size{height=33, width=25, length=1}}, publicationYear=1972}, Book{bookId=3992, bookName='Totam omnis sed quas', bookLanguage='armenian', bookDescription='Eius quis qui a qui. Ad accusantium consequatur numquam et. Quia quae ea facilis optio suscipit. Vel illo cum dolorum aut magni. Eos dignissimos eaque odit repudiandae dolores eligendi.', additional=Additional{pageCount=819, size=Size{height=28, width=27, length=2}}, publicationYear=2008}, Book{bookId=4160, bookName='BookName4160', bookLanguage='Ukrainian', bookDescription='goodDescription', additional=Additional{pageCount=756, size=Size{height=10, width=20, length=30}}, publicationYear=2001}, Book{bookId=4325, bookName='Ut quis rerum', bookLanguage='ukrainian', bookDescription='Quia quia dicta aut amet illo magni voluptatem. Tempora ea voluptatem et tempore. Exercitationem dolores dolorem.', additional=Additional{pageCount=319, size=Size{height=15, width=11, length=4}}, publicationYear=1999}, Book{bookId=4351, bookName='Animi tempora placeat odit', bookLanguage='russian', bookDescription='Enim a et qui modi. Explicabo qui eos. Voluptatum inventore consequatur sequi et. Fuga occaecati in reprehenderit nesciunt qui.', additional=Additional{pageCount=578, size=Size{height=31, width=13, length=4}}, publicationYear=2003}, Book{bookId=4405, bookName='Fugiat voluptatem omnis', bookLanguage='chinese', bookDescription='Sit iusto qui repellat quasi rerum. Saepe non tempore velit tempora sapiente ducimus aliquam. Aperiam necessitatibus harum fugiat quam culpa non.', additional=Additional{pageCount=577, size=Size{height=32, width=31, length=2}}, publicationYear=2017}, Book{bookId=4423, bookName='Blanditiis in quas', bookLanguage='ukrainian', bookDescription='Officia doloremque quo. Facilis atque perferendis et sed fugiat doloremque. Cum eius est eaque quae. Ullam qui aliquid. Nihil consequatur officiis omnis.', additional=Additional{pageCount=506, size=Size{height=33, width=8, length=2}}, publicationYear=1978}, Book{bookId=4541, bookName='Rerum dolores architecto quisquam', bookLanguage='portuguese', bookDescription='Quas dolore id. Beatae libero quidem et. Quo doloribus nemo quas.', additional=Additional{pageCount=492, size=Size{height=18, width=29, length=3}}, publicationYear=1978}, Book{bookId=4776, bookName='BookName4776', bookLanguage='Ukrainian', bookDescription='goodDescription', additional=Additional{pageCount=756, size=Size{height=10, width=20, length=30}}, publicationYear=2001}, Book{bookId=4795, bookName='Facilis quibusdam et odit', bookLanguage='belorussian', bookDescription='Minima et quia sed non ut cupiditate. Quas ullam velit vitae nihil explicabo accusantium. Similique maxime facilis iusto. Repudiandae est reiciendis.', additional=Additional{pageCount=276, size=Size{height=17, width=23, length=3}}, publicationYear=1982}, Book{bookId=4808, bookName='Eos consequatur rem', bookLanguage='farsi', bookDescription='Sequi et quaerat fugit molestiae aut. Exercitationem soluta quae quasi quae voluptas impedit. Culpa aperiam itaque magni itaque et non. Aliquid quas explicabo necessitatibus id.', additional=Additional{pageCount=273, size=Size{height=19, width=28, length=3}}, publicationYear=2017}, Book{bookId=4844, bookName='Expedita corrupti fugiat', bookLanguage='farsi', bookDescription='Quo nulla reiciendis accusamus corporis voluptatem. Quasi tenetur occaecati nobis quod eum voluptatibus et. Necessitatibus velit nihil odit et porro voluptas quisquam. Quibusdam cupiditate rerum aliquam est error harum. Voluptatum aut molestiae est perspiciatis velit eos facere.', additional=Additional{pageCount=673, size=Size{height=18, width=6, length=4}}, publicationYear=1981}, Book{bookId=4919, bookName='Aut aut consequatur', bookLanguage='croatian', bookDescription='Corrupti ut ea explicabo error quia. Rerum velit libero omnis rerum maxime et. Enim amet aut odio illum rem.', additional=Additional{pageCount=253, size=Size{height=33, width=13, length=4}}, publicationYear=2014}, Book{bookId=5035, bookName='Possimus autem sed deleniti', bookLanguage='polish', bookDescription='Velit soluta iste. Libero est laudantium exercitationem quia et. Enim consectetur temporibus quae et et dicta. Dignissimos est sit ea minus quam excepturi.', additional=Additional{pageCount=302, size=Size{height=19, width=14, length=1}}, publicationYear=2007}, Book{bookId=5047, bookName='Neque impedit ut', bookLanguage='arabic', bookDescription='Eaque molestiae voluptatem laborum corporis libero porro dolor. Sunt libero autem voluptatem. Sint unde porro rerum. Impedit sed minus architecto aut sit exercitationem. Eius esse ut.', additional=Additional{pageCount=869, size=Size{height=29, width=33, length=4}}, publicationYear=2005}, Book{bookId=5050, bookName='Aspernatur iste beatae', bookLanguage='farsi', bookDescription='Ipsam doloribus et ex. Deleniti id molestiae illum. Laborum accusantium voluptates sed delectus.', additional=Additional{pageCount=581, size=Size{height=22, width=30, length=4}}, publicationYear=2015}, Book{bookId=5159, bookName='Alias nesciunt deserunt nihil', bookLanguage='portuguese', bookDescription='Et provident ad at nihil porro voluptas. Sequi possimus rerum aut esse. Fugit velit vel minus ut quos non esse.', additional=Additional{pageCount=677, size=Size{height=33, width=31, length=3}}, publicationYear=1995}, Book{bookId=5290, bookName='Et omnis et', bookLanguage='farsi', bookDescription='Quod amet quis culpa. Maiores in alias. Doloremque libero sunt aut. Perferendis quasi aut non aut natus.', additional=Additional{pageCount=812, size=Size{height=10, width=14, length=2}}, publicationYear=1991}, Book{bookId=5296, bookName='Voluptatem magnam ut ut', bookLanguage='portuguese', bookDescription='Eos inventore et optio odit ut aut corrupti. Consequatur dolorum quis. Rem repellendus dolorem commodi eos optio ratione est. Placeat optio nesciunt iste sequi sequi autem.', additional=Additional{pageCount=134, size=Size{height=32, width=32, length=2}}, publicationYear=1971}, Book{bookId=5307, bookName='Repellendus labore dolore harum', bookLanguage='ukrainian', bookDescription='Laudantium ad tenetur. Ipsa quo minima. Natus voluptatibus illum nam architecto eveniet animi ut.', additional=Additional{pageCount=977, size=Size{height=15, width=30, length=3}}, publicationYear=1972}, Book{bookId=5341, bookName='Qui occaecati ratione', bookLanguage='chinese', bookDescription='Est totam non placeat delectus enim modi. Nisi fugit error corporis. Delectus ex explicabo. Et est consequatur quae laborum nam.', additional=Additional{pageCount=826, size=Size{height=11, width=20, length=2}}, publicationYear=2016}, Book{bookId=5355, bookName='Neque voluptatum harum dignissimos', bookLanguage='armenian', bookDescription='Incidunt quia consequatur blanditiis sunt voluptate. Perferendis quidem voluptatem laboriosam ipsa iste eligendi. Suscipit sed sed tenetur animi minima quia. Ex voluptatibus omnis rerum. Numquam voluptates praesentium error distinctio et minima quae.', additional=Additional{pageCount=849, size=Size{height=14, width=18, length=2}}, publicationYear=1971}, Book{bookId=5446, bookName='Et ipsa itaque', bookLanguage='urdu', bookDescription='Incidunt quos voluptates a. Aut cumque autem. Repellendus dolore et est quo saepe minus. Enim nostrum ut.', additional=Additional{pageCount=111, size=Size{height=10, width=7, length=4}}, publicationYear=2002}, Book{bookId=5468, bookName='Praesentium consequuntur ipsa deserunt', bookLanguage='english', bookDescription='Quas dolores accusantium quo ducimus. Fugit nisi quo officiis blanditiis fugit odit vitae. Quidem quia voluptatem repudiandae eos quae. Qui aut ipsa voluptatem et repudiandae doloribus sunt.', additional=Additional{pageCount=812, size=Size{height=33, width=20, length=4}}, publicationYear=1993}, Book{bookId=5525, bookName='Dolores omnis impedit', bookLanguage='urdu', bookDescription='Et accusamus maxime aspernatur. Fugit ipsum ut nulla in dolorum quam. Odio provident non et aut odio debitis.', additional=Additional{pageCount=693, size=Size{height=15, width=6, length=2}}, publicationYear=1988}, Book{bookId=5532, bookName='Omnis ea laboriosam', bookLanguage='german', bookDescription='Sunt voluptas cupiditate. Impedit et neque distinctio incidunt explicabo. Nesciunt repudiandae ut et. Dolore iure eos vitae dolore quo laborum.', additional=Additional{pageCount=507, size=Size{height=32, width=17, length=3}}, publicationYear=1982}, Book{bookId=5540, bookName='Aut laudantium unde', bookLanguage='farsi', bookDescription='Voluptatum perspiciatis quia repellat at magni. Dolor est sint voluptatem eius atque autem. Nostrum magnam et qui fuga. Fuga dolor impedit numquam vitae.', additional=Additional{pageCount=276, size=Size{height=12, width=29, length=2}}, publicationYear=2004}, Book{bookId=5552, bookName='Dignissimos quia aspernatur', bookLanguage='german', bookDescription='Quia consequatur expedita placeat suscipit quia soluta. Fugiat qui error ad et. Id eaque doloremque ullam omnis sed. Placeat fugit est nostrum. Vel voluptas aut ipsam autem incidunt culpa.', additional=Additional{pageCount=754, size=Size{height=10, width=12, length=3}}, publicationYear=1971}, Book{bookId=5557, bookName='Repellat labore facere', bookLanguage='french', bookDescription='Perferendis quibusdam occaecati voluptate excepturi in. Molestias et sequi consequuntur exercitationem dolor. Consequatur saepe voluptas aliquid.', additional=Additional{pageCount=311, size=Size{height=27, width=12, length=1}}, publicationYear=1993}, Book{bookId=5564, bookName='Suscipit sunt quis doloremque', bookLanguage='chinese', bookDescription='Rerum omnis eligendi non iste iste sequi. Quidem sed et. Eligendi provident dolor laboriosam et. Nihil sit distinctio laboriosam et ipsam ea doloremque. Voluptatum qui in magnam voluptas sit nesciunt eos.', additional=Additional{pageCount=327, size=Size{height=13, width=24, length=1}}, publicationYear=1977}, Book{bookId=5697, bookName='Mollitia labore delectus', bookLanguage='french', bookDescription='Aut a reprehenderit sunt voluptatibus beatae soluta sequi. Qui in assumenda dolores in impedit porro ab. Omnis nihil corporis. Rerum cum officiis consequatur pariatur.', additional=Additional{pageCount=833, size=Size{height=20, width=9, length=4}}, publicationYear=1976}, Book{bookId=5721, bookName='Aut adipisci velit repellat', bookLanguage='polish', bookDescription='Qui sit nesciunt. Earum inventore quia sint provident totam sed placeat. Provident nobis quia ipsa possimus.', additional=Additional{pageCount=674, size=Size{height=25, width=27, length=1}}, publicationYear=1984}, Book{bookId=5757, bookName='Et nostrum vitae', bookLanguage='german', bookDescription='Quibusdam accusantium repellat vitae sed impedit aliquid. Consequatur earum eum omnis eum minima. Et temporibus qui quasi.', additional=Additional{pageCount=402, size=Size{height=31, width=25, length=2}}, publicationYear=1999}, Book{bookId=5814, bookName='Incidunt nam ad', bookLanguage='french', bookDescription='Quibusdam dolor dolorem voluptatem. Commodi maxime ea. Rerum aliquam placeat velit. Tempora aut nihil rem. Fugit voluptas porro culpa ullam provident.', additional=Additional{pageCount=220, size=Size{height=7, width=30, length=1}}, publicationYear=1994}, Book{bookId=5828, bookName='Eveniet amet voluptatem', bookLanguage='croatian', bookDescription='Ea reiciendis doloribus suscipit dolorem velit. Corporis consequuntur consequatur. Dolores quidem veniam corrupti maiores id. Vitae quos aut et. Dolores quia rerum accusantium.', additional=Additional{pageCount=350, size=Size{height=7, width=31, length=1}}, publicationYear=2016}, Book{bookId=5857, bookName='Temporibus rerum iste', bookLanguage='urdu', bookDescription='Nostrum ut cupiditate sed. Perferendis nesciunt aut illum. Id corrupti dolore dignissimos qui consequatur sed.', additional=Additional{pageCount=721, size=Size{height=7, width=11, length=2}}, publicationYear=2012}, Book{bookId=5871, bookName='Culpa voluptatem vero', bookLanguage='croatian', bookDescription='Quia dolores voluptatem. Velit unde labore repudiandae est. Cumque dolores repudiandae. Consequatur molestias molestiae accusamus reprehenderit dolorum.', additional=Additional{pageCount=931, size=Size{height=17, width=31, length=1}}, publicationYear=2000}, Book{bookId=5931, bookName='Ea enim qui', bookLanguage='armenian', bookDescription='Similique maxime delectus nemo cupiditate. Fuga et tempora. Assumenda officiis sunt laboriosam eligendi. Inventore quod molestiae et maxime.', additional=Additional{pageCount=110, size=Size{height=28, width=13, length=2}}, publicationYear=2009}, Book{bookId=5940, bookName='BookName5940', bookLanguage='Ukrainian', bookDescription='goodDescription', additional=Additional{pageCount=756, size=Size{height=10, width=20, length=30}}, publicationYear=2001}, Book{bookId=6062, bookName='Omnis quia soluta', bookLanguage='english', bookDescription='Sed aut doloremque. Ea perspiciatis accusantium expedita. Sed voluptatem ad sapiente qui et.', additional=Additional{pageCount=436, size=Size{height=11, width=30, length=1}}, publicationYear=1973}, Book{bookId=6088, bookName='Veniam est omnis', bookLanguage='portuguese', bookDescription='Est quisquam tempora quis quia explicabo omnis aut. Voluptatem veniam tenetur et ut sunt. Illo quia laboriosam. Vero amet dolor ducimus debitis explicabo cumque sit. Et amet aperiam.', additional=Additional{pageCount=102, size=Size{height=30, width=14, length=2}}, publicationYear=2011}, Book{bookId=6096, bookName='Aliquid est quasi', bookLanguage='french', bookDescription='Deserunt non officiis ut doloribus aliquam odio atque. Pariatur distinctio et eligendi architecto et totam. Voluptatem ea culpa earum.', additional=Additional{pageCount=490, size=Size{height=10, width=11, length=1}}, publicationYear=1991}, Book{bookId=6112, bookName='Commodi ipsam quae ut', bookLanguage='farsi', bookDescription='Sapiente harum vero voluptates optio. Ut hic et voluptates. Libero architecto voluptas quia consequuntur rerum. Incidunt et cupiditate id sed a harum accusantium. Mollitia delectus repudiandae.', additional=Additional{pageCount=338, size=Size{height=22, width=7, length=1}}, publicationYear=1972}, Book{bookId=6209, bookName='Eum dolor voluptatem', bookLanguage='belorussian', bookDescription='Voluptatem reiciendis veniam eum omnis cupiditate debitis animi. Excepturi fugit voluptatum nam. Voluptatem ut soluta sapiente sed neque ut.', additional=Additional{pageCount=833, size=Size{height=9, width=31, length=2}}, publicationYear=2004}, Book{bookId=6258, bookName='A fugit atque', bookLanguage='polish', bookDescription='Ullam repellat delectus quas veniam vel autem in. Alias molestiae minus quos aut possimus. Officiis ut dolor saepe voluptatem officia corporis. Doloribus aspernatur dolorem exercitationem.', additional=Additional{pageCount=982, size=Size{height=5, width=14, length=3}}, publicationYear=2005}, Book{bookId=6335, bookName='BookName6335', bookLanguage='Ukrainian', bookDescription='goodDescription', additional=Additional{pageCount=756, size=Size{height=10, width=20, length=30}}, publicationYear=2001}, Book{bookId=6367, bookName='Est iusto temporibus', bookLanguage='french', bookDescription='Non eum fugiat voluptatem voluptas. Quas modi corporis aut doloribus est deserunt. Quis qui libero earum aperiam autem dolor necessitatibus.', additional=Additional{pageCount=426, size=Size{height=17, width=20, length=2}}, publicationYear=1989}, Book{bookId=6401, bookName='BookName6401', bookLanguage='Ukrainian', bookDescription='goodDescription', additional=Additional{pageCount=756, size=Size{height=10, width=20, length=30}}, publicationYear=2001}, Book{bookId=6471, bookName='Repudiandae quod voluptas', bookLanguage='portuguese', bookDescription='Maxime voluptas unde dicta fuga quis et exercitationem. Adipisci quaerat earum maxime consequatur hic. Delectus cumque ut iste ea.', additional=Additional{pageCount=920, size=Size{height=13, width=13, length=2}}, publicationYear=2017}, Book{bookId=6503, bookName='Perspiciatis veritatis sint doloremque', bookLanguage='spanish', bookDescription='Qui non amet rerum. Labore neque voluptatem. Praesentium unde sit doloribus in quidem. Deleniti quidem voluptatibus rerum dolor voluptatibus ad. Omnis eveniet placeat fugiat fugit quia deleniti.', additional=Additional{pageCount=420, size=Size{height=28, width=22, length=2}}, publicationYear=1984}, Book{bookId=6641, bookName='Quas accusantium beatae excepturi', bookLanguage='russian', bookDescription='Harum molestias totam placeat quis aliquid. Molestiae magnam aliquid est in. Architecto ut porro consequuntur ut voluptatum consequuntur. Id voluptatem aut. Minus quisquam id voluptatem voluptatum.', additional=Additional{pageCount=391, size=Size{height=20, width=19, length=1}}, publicationYear=2004}, Book{bookId=6649, bookName='Labore officiis eum eum', bookLanguage='arabic', bookDescription='Accusantium culpa exercitationem deserunt omnis est optio assumenda. Voluptatibus esse adipisci modi aliquam quam. Consequatur atque aliquid non.', additional=Additional{pageCount=243, size=Size{height=16, width=14, length=2}}, publicationYear=2018}, Book{bookId=6683, bookName='Rem voluptatem quia', bookLanguage='spanish', bookDescription='Repellendus repudiandae nobis incidunt sint dolor. Facilis temporibus quia. Possimus excepturi et illum.', additional=Additional{pageCount=222, size=Size{height=23, width=14, length=4}}, publicationYear=2011}, Book{bookId=6687, bookName='Nemo fugit quae', bookLanguage='chinese', bookDescription='Voluptatem et molestias fugiat cum. Maiores deleniti officiis qui. Quas consequuntur sint natus itaque alias est.', additional=Additional{pageCount=521, size=Size{height=20, width=25, length=5}}, publicationYear=1989}, Book{bookId=6845, bookName='Sit in officiis dolores', bookLanguage='arabic', bookDescription='Delectus libero et omnis voluptatibus rerum. Sit temporibus dolorum corporis eligendi nam culpa quos. Eius voluptas praesentium aliquid consequatur odit. Ullam voluptas aut sint. Consectetur alias adipisci dolor.', additional=Additional{pageCount=113, size=Size{height=12, width=11, length=4}}, publicationYear=2001}, Book{bookId=6931, bookName='Consequatur ut eos pariatur', bookLanguage='russian', bookDescription='Assumenda distinctio consequuntur fuga quos vero unde. Quas atque dolor quo ut et adipisci. Aliquam soluta facilis. Autem iste ut pariatur.', additional=Additional{pageCount=304, size=Size{height=11, width=32, length=3}}, publicationYear=2004}, Book{bookId=6998, bookName='Assumenda culpa et', bookLanguage='portuguese', bookDescription='Voluptate qui quidem laudantium consectetur quis neque. Aperiam molestias laborum doloremque rerum necessitatibus. Aut inventore labore. Ipsa quis laboriosam distinctio ipsa. Laborum in et.', additional=Additional{pageCount=248, size=Size{height=6, width=29, length=2}}, publicationYear=1989}, Book{bookId=7084, bookName='Repudiandae vitae vel aspernatur', bookLanguage='urdu', bookDescription='Voluptatem voluptatibus sunt dolor assumenda mollitia. Dolor laudantium doloremque temporibus amet enim maiores et. Sit alias asperiores aliquam quia earum ex. Voluptas impedit et. Suscipit corporis aut qui architecto voluptate ab consequatur.', additional=Additional{pageCount=278, size=Size{height=26, width=5, length=1}}, publicationYear=1985}, Book{bookId=7086, bookName='Possimus sunt qui voluptatem', bookLanguage='ukrainian', bookDescription='Perferendis sed quis hic aut fugit voluptatibus. Quia ad illo minus at. Voluptatem placeat eius voluptas laboriosam officia debitis. Soluta qui sint et. Velit fuga qui perferendis.', additional=Additional{pageCount=73, size=Size{height=31, width=19, length=3}}, publicationYear=2014}, Book{bookId=7135, bookName='BookName7135', bookLanguage='Ukrainian', bookDescription='goodDescription', additional=Additional{pageCount=756, size=Size{height=10, width=20, length=30}}, publicationYear=2001}, Book{bookId=7220, bookName='Aut sint eos quod', bookLanguage='farsi', bookDescription='Maxime ullam ut omnis. Est beatae cumque enim aut veniam commodi. Voluptate sunt enim voluptatum in sed. Ut error omnis in.', additional=Additional{pageCount=216, size=Size{height=26, width=32, length=2}}, publicationYear=1996}, Book{bookId=7249, bookName='Voluptas velit est', bookLanguage='chinese', bookDescription='Architecto placeat sequi nihil excepturi sint. Sint eos reprehenderit eaque minima. Reprehenderit et occaecati ducimus eius sed magni.', additional=Additional{pageCount=967, size=Size{height=23, width=10, length=4}}, publicationYear=1998}, Book{bookId=7320, bookName='Consectetur harum exercitationem excepturi', bookLanguage='croatian', bookDescription='Tenetur numquam numquam excepturi ab eligendi. Numquam ut deleniti dolores non culpa. Et quibusdam dolorum consequatur repellendus culpa veniam est. Occaecati numquam tempora aut sit et nihil. Error sint tenetur velit est porro hic sit.', additional=Additional{pageCount=682, size=Size{height=27, width=28, length=3}}, publicationYear=2007}, Book{bookId=7355, bookName='Omnis quia aliquid eveniet', bookLanguage='ukrainian', bookDescription='Suscipit rerum et sit molestias aliquam tempore. Suscipit excepturi placeat aliquid quia. Id sit delectus distinctio et delectus qui. Voluptatem ea tempore exercitationem delectus ut et doloribus. Eos delectus quo fugit cumque velit sunt.', additional=Additional{pageCount=315, size=Size{height=30, width=13, length=2}}, publicationYear=1997}, Book{bookId=7365, bookName='Quo dolorem distinctio', bookLanguage='croatian', bookDescription='Maiores maxime ducimus ut quia quis fugit. Voluptatem facere voluptatem est. Neque et et amet veritatis ut velit soluta.', additional=Additional{pageCount=409, size=Size{height=21, width=9, length=4}}, publicationYear=2016}, Book{bookId=7382, bookName='Velit amet culpa labore', bookLanguage='arabic', bookDescription='Provident ut facere vero. Dignissimos amet sint nihil sed consequatur. Aut voluptatum dolorem.', additional=Additional{pageCount=361, size=Size{height=10, width=21, length=1}}, publicationYear=1988}, Book{bookId=7390, bookName='BookName7390', bookLanguage='Ukrainian', bookDescription='goodDescription', additional=Additional{pageCount=756, size=Size{height=10, width=20, length=30}}, publicationYear=2001}, Book{bookId=7430, bookName='Minus aut quod', bookLanguage='french', bookDescription='Dolorem veritatis ab voluptatem voluptatibus architecto. Aliquam atque tempore ducimus hic. Illo nostrum reiciendis nostrum at ut.', additional=Additional{pageCount=971, size=Size{height=28, width=7, length=4}}, publicationYear=2009}, Book{bookId=7483, bookName='Et in molestiae', bookLanguage='polish', bookDescription='Consequatur perferendis et aliquam. Similique ratione deserunt quis nihil harum. Consequatur qui eligendi aliquid laboriosam rerum. Voluptas voluptates est distinctio.', additional=Additional{pageCount=353, size=Size{height=6, width=25, length=1}}, publicationYear=1994}, Book{bookId=7485, bookName='Necessitatibus commodi deserunt iure', bookLanguage='farsi', bookDescription='Aut sequi nulla in et vero odio. Voluptas et maxime et. Architecto enim est pariatur aut eius velit dolores. Nemo minima quis non voluptatem et.', additional=Additional{pageCount=804, size=Size{height=24, width=18, length=3}}, publicationYear=2011}, Book{bookId=7489, bookName='Illum sunt repellat dignissimos', bookLanguage='farsi', bookDescription='Quam nostrum deleniti aut unde commodi. Assumenda fugiat repudiandae enim qui dignissimos. Et facilis quaerat nam sunt iusto nihil omnis. Optio illo vero culpa cumque deleniti id inventore. Qui nostrum est neque consequatur.', additional=Additional{pageCount=358, size=Size{height=18, width=25, length=3}}, publicationYear=2005}, Book{bookId=7512, bookName='Quos voluptatum et', bookLanguage='urdu', bookDescription='Nostrum autem vitae suscipit. Qui voluptatem odit eum expedita dolorum ipsum inventore. Ut corrupti et nobis qui eum amet molestiae.', additional=Additional{pageCount=961, size=Size{height=12, width=12, length=4}}, publicationYear=1997}, Book{bookId=7598, bookName='Reprehenderit et vitae', bookLanguage='polish', bookDescription='Aspernatur reiciendis voluptas quia quia modi suscipit impedit. Est unde alias fugiat accusantium est voluptas. Ut dolorum numquam quibusdam et. Neque numquam consequatur impedit provident. Voluptate assumenda similique nostrum sequi ut vitae officia.', additional=Additional{pageCount=302, size=Size{height=28, width=14, length=3}}, publicationYear=2003}, Book{bookId=7607, bookName='Est maxime dolorem id', bookLanguage='english', bookDescription='Vitae quo sit aliquid distinctio nobis perspiciatis. Non sapiente placeat animi sunt. Quo ipsa aperiam voluptatibus voluptatum voluptatem vero. Illo deserunt et ex illo porro adipisci ducimus.', additional=Additional{pageCount=506, size=Size{height=13, width=21, length=4}}, publicationYear=2010}, Book{bookId=7649, bookName='Magnam nulla nobis', bookLanguage='spanish', bookDescription='Dicta illum recusandae saepe adipisci qui voluptatem. Praesentium maxime a cum odit voluptas quas velit. Assumenda provident saepe voluptatem veritatis ex enim. Sed nihil quia dignissimos aut quia ex omnis. Sit et quidem harum rerum.', additional=Additional{pageCount=46, size=Size{height=8, width=5, length=1}}, publicationYear=1989}, Book{bookId=7674, bookName='Enim cum reprehenderit minus', bookLanguage='armenian', bookDescription='Illum omnis facilis impedit dolor. Voluptatum officiis omnis non. Amet aut nisi deleniti rerum. Autem provident voluptatem consequatur molestias. Adipisci totam et natus rerum labore.', additional=Additional{pageCount=624, size=Size{height=29, width=13, length=3}}, publicationYear=2006}, Book{bookId=7681, bookName='Non sapiente saepe provident', bookLanguage='polish', bookDescription='Ipsam rem voluptatem. Illum dolorem et vitae debitis optio sit. Quibusdam enim nihil laborum.', additional=Additional{pageCount=339, size=Size{height=27, width=6, length=4}}, publicationYear=2006}, Book{bookId=7753, bookName='BookName7753', bookLanguage='Ukrainian', bookDescription='goodDescription', additional=Additional{pageCount=756, size=Size{height=10, width=20, length=30}}, publicationYear=2001}, Book{bookId=7806, bookName='BookName7806', bookLanguage='Ukrainian', bookDescription='goodDescription', additional=Additional{pageCount=756, size=Size{height=10, width=20, length=30}}, publicationYear=2001}, Book{bookId=7848, bookName='Labore et inventore', bookLanguage='french', bookDescription='Praesentium rerum rerum tempora consequatur odio et voluptas. Eligendi qui architecto recusandae exercitationem voluptatum iusto. Voluptas aliquid sed nostrum et voluptate repellendus. Voluptas accusantium minima consequatur.', additional=Additional{pageCount=116, size=Size{height=19, width=19, length=1}}, publicationYear=2007}, Book{bookId=7854, bookName='Sit velit fugiat', bookLanguage='ukrainian', bookDescription='Minima et quaerat eos soluta sed laboriosam eligendi. Officia aut consequatur ullam deserunt voluptate ut aspernatur. Voluptatem repellendus officia. Ut officiis qui aut.', additional=Additional{pageCount=100, size=Size{height=23, width=8, length=1}}, publicationYear=1973}, Book{bookId=7886, bookName='Labore nostrum perferendis', bookLanguage='belorussian', bookDescription='Eum sit cupiditate voluptatem amet enim. Necessitatibus praesentium aut error. Rem dolore dolor. Eos deserunt dolor maiores. Illum cupiditate voluptatem quas sapiente autem ab illo.', additional=Additional{pageCount=722, size=Size{height=15, width=26, length=1}}, publicationYear=1998}, Book{bookId=7892, bookName='Blanditiis et placeat', bookLanguage='croatian', bookDescription='Velit et eveniet et atque quas. Veritatis magnam vel. Quo quae id ab perferendis rerum. Vel architecto non nostrum dicta. Eos aut modi sit mollitia mollitia voluptatem.', additional=Additional{pageCount=806, size=Size{height=17, width=16, length=2}}, publicationYear=1980}, Book{bookId=7991, bookName='Corrupti eum possimus', bookLanguage='belorussian', bookDescription='Ut iste ullam hic aspernatur quia architecto nobis. Repudiandae est omnis quos. Distinctio iusto quasi amet repudiandae cupiditate velit dolorem. Voluptas architecto excepturi sed dolore odit doloremque.', additional=Additional{pageCount=379, size=Size{height=13, width=11, length=1}}, publicationYear=1983}, Book{bookId=8012, bookName='Facere nesciunt vel', bookLanguage='russian', bookDescription='In aut ab repudiandae dolore mollitia. Ullam placeat architecto autem. Est perferendis dolor ex doloribus pariatur autem inventore.', additional=Additional{pageCount=499, size=Size{height=17, width=18, length=1}}, publicationYear=1977}, Book{bookId=8047, bookName='Velit sunt sed voluptas', bookLanguage='urdu', bookDescription='Alias iste placeat animi libero. Aut cupiditate minus est dolorum sed velit aut. Eos aut sint voluptas quasi dolor eligendi. Quis aspernatur asperiores est vel perspiciatis impedit.', additional=Additional{pageCount=979, size=Size{height=16, width=23, length=2}}, publicationYear=1981}, Book{bookId=8218, bookName='Voluptatem ut magnam', bookLanguage='croatian', bookDescription='Eius in molestias quibusdam. Officia iure et ea velit. Quos laboriosam tenetur distinctio omnis qui dolores.', additional=Additional{pageCount=819, size=Size{height=13, width=22, length=4}}, publicationYear=1980}, Book{bookId=8270, bookName='Maiores animi sint', bookLanguage='spanish', bookDescription='Et maiores asperiores explicabo perspiciatis et. Distinctio totam voluptatem repellendus corrupti. Eveniet non quisquam. Repudiandae totam facere totam ut veniam saepe. Earum voluptatibus eligendi.', additional=Additional{pageCount=848, size=Size{height=33, width=23, length=2}}, publicationYear=1983}, Book{bookId=8313, bookName='BookName8313', bookLanguage='Ukrainian', bookDescription='goodDescription', additional=Additional{pageCount=756, size=Size{height=10, width=20, length=30}}, publicationYear=2001}, Book{bookId=8381, bookName='Praesentium voluptas voluptas consequatur', bookLanguage='armenian', bookDescription='Maiores autem eos repellat officiis nostrum. Libero velit impedit. Quia voluptatem adipisci. Et illo ea eos sit ex.', additional=Additional{pageCount=444, size=Size{height=31, width=32, length=3}}, publicationYear=1976}, Book{bookId=8435, bookName='Odit similique repellendus', bookLanguage='farsi', bookDescription='Ab consequuntur aut voluptate nulla sit. Non occaecati consequatur. Sint itaque eos.', additional=Additional{pageCount=923, size=Size{height=18, width=13, length=1}}, publicationYear=1990}, Book{bookId=8448, bookName='Vitae libero voluptatem', bookLanguage='french', bookDescription='Nihil quos consectetur sunt ut omnis facere ipsa. Veritatis iste sed veniam in at. Dolore ut sed. Quibusdam beatae assumenda totam nemo illo aut quia. Vitae impedit dignissimos impedit nobis.', additional=Additional{pageCount=219, size=Size{height=24, width=31, length=3}}, publicationYear=2004}, Book{bookId=8469, bookName='Ad corrupti ut', bookLanguage='russian', bookDescription='Libero velit quod voluptas excepturi qui similique. Esse at sit provident expedita. Odit voluptatibus aperiam eligendi autem. Omnis dignissimos assumenda totam officia. Eaque et aut aut nisi vel asperiores.', additional=Additional{pageCount=427, size=Size{height=21, width=23, length=4}}, publicationYear=2006}, Book{bookId=8483, bookName='Rem quis ipsum', bookLanguage='urdu', bookDescription='Dicta dolorem quis. Eum et sed voluptatibus. Consectetur quam ex. Sed ut maiores voluptas sit. Et aliquam cum in.', additional=Additional{pageCount=218, size=Size{height=12, width=5, length=3}}, publicationYear=1978}, Book{bookId=8541, bookName='Qui nihil quam maiores', bookLanguage='arabic', bookDescription='Expedita hic sed beatae cum ipsa. Cum perferendis aliquid consectetur quibusdam qui recusandae. Ducimus est porro hic asperiores reiciendis impedit aliquam. Doloremque accusantium iste sint non ad.', additional=Additional{pageCount=90, size=Size{height=15, width=8, length=4}}, publicationYear=2002}, Book{bookId=8555, bookName='BookName8555', bookLanguage='Ukrainian', bookDescription='goodDescription', additional=Additional{pageCount=756, size=Size{height=10, width=20, length=30}}, publicationYear=2001}, Book{bookId=8567, bookName='Qui omnis optio', bookLanguage='russian', bookDescription='Ab aspernatur possimus rerum neque soluta et rerum. Ea ut sunt culpa nostrum quidem. Qui illo illo dicta. Natus nisi impedit eius facilis.', additional=Additional{pageCount=80, size=Size{height=13, width=9, length=4}}, publicationYear=2000}, Book{bookId=8608, bookName='Voluptatem nisi dolores provident', bookLanguage='croatian', bookDescription='Ipsam laborum aliquid id corrupti. Earum at ut quia magnam dolores. Ut quis labore et. Rerum et ut dignissimos facere modi provident aut.', additional=Additional{pageCount=423, size=Size{height=22, width=14, length=3}}, publicationYear=1994}, Book{bookId=8635, bookName='Aperiam libero magni', bookLanguage='farsi', bookDescription='Sequi deleniti iure. Molestias nulla sit et corrupti voluptas. Aspernatur qui praesentium veritatis aliquid ut vel. Rerum ut aut.', additional=Additional{pageCount=892, size=Size{height=30, width=17, length=2}}, publicationYear=1975}, Book{bookId=8648, bookName='Aut dolores asperiores', bookLanguage='croatian', bookDescription='Illum adipisci tempora ad omnis rerum id. Necessitatibus qui aliquam sed a aut quo ducimus. Molestiae doloribus impedit voluptatibus hic et quidem. Et eum quia aut.', additional=Additional{pageCount=925, size=Size{height=20, width=27, length=4}}, publicationYear=2001}, Book{bookId=8790, bookName='Necessitatibus mollitia dolores excepturi', bookLanguage='polish', bookDescription='Corporis in omnis molestiae nemo nulla et repellat. Et non voluptatem dolores. Doloremque autem placeat corporis quis aut rem. Rem impedit ex consequatur veli
[...]
tion', additional=Additional{pageCount=756, size=Size{height=10, width=20, length=30}}, publicationYear=2001}, Book{bookId=53981, bookName='BookName53981', bookLanguage='Ukrainian', bookDescription='goodDescription', additional=Additional{pageCount=756, size=Size{height=10, width=20, length=30}}, publicationYear=2001}, Book{bookId=54032, bookName='BookName54032', bookLanguage='Ukrainian', bookDescription='goodDescription', additional=Additional{pageCount=756, size=Size{height=10, width=20, length=30}}, publicationYear=2001}, Book{bookId=55088, bookName='BookName55088', bookLanguage='Ukrainian', bookDescription='goodDescription', additional=Additional{pageCount=756, size=Size{height=10, width=20, length=30}}, publicationYear=2001}, Book{bookId=55195, bookName='BookName55195', bookLanguage='Ukrainian', bookDescription='goodDescription', additional=Additional{pageCount=756, size=Size{height=10, width=20, length=30}}, publicationYear=2001}, Book{bookId=55428, bookName='BookName55428', bookLanguage='Ukrainian', bookDescription='goodDescription', additional=Additional{pageCount=756, size=Size{height=10, width=20, length=30}}, publicationYear=2001}, Book{bookId=55983, bookName='BookName55983', bookLanguage='Ukrainian', bookDescription='goodDescription', additional=Additional{pageCount=756, size=Size{height=10, width=20, length=30}}, publicationYear=2001}, Book{bookId=57058, bookName='BookName57058', bookLanguage='Ukrainian', bookDescription='goodDescription', additional=Additional{pageCount=756, size=Size{height=10, width=20, length=30}}, publicationYear=2001}, Book{bookId=58176, bookName='BookName58176', bookLanguage='Ukrainian', bookDescription='goodDescription', additional=Additional{pageCount=756, size=Size{height=10, width=20, length=30}}, publicationYear=2001}, Book{bookId=59197, bookName='BookName59197', bookLanguage='Ukrainian', bookDescription='goodDescription', additional=Additional{pageCount=756, size=Size{height=10, width=20, length=30}}, publicationYear=2001}, Book{bookId=59619, bookName='BookName59619', bookLanguage='Ukrainian', bookDescription='goodDescription', additional=Additional{pageCount=756, size=Size{height=10, width=20, length=30}}, publicationYear=2001}, Book{bookId=60314, bookName='BookName60314', bookLanguage='Ukrainian', bookDescription='goodDescription', additional=Additional{pageCount=756, size=Size{height=10, width=20, length=30}}, publicationYear=2001}, Book{bookId=61416, bookName='BookName61416', bookLanguage='Ukrainian', bookDescription='goodDescription', additional=Additional{pageCount=756, size=Size{height=10, width=20, length=30}}, publicationYear=2001}, Book{bookId=61655, bookName='BookName61655', bookLanguage='Ukrainian', bookDescription='goodDescription', additional=Additional{pageCount=756, size=Size{height=10, width=20, length=30}}, publicationYear=2001}, Book{bookId=61824, bookName='BookName61824', bookLanguage='Ukrainian', bookDescription='goodDescription', additional=Additional{pageCount=756, size=Size{height=10, width=20, length=30}}, publicationYear=2001}, Book{bookId=62242, bookName='BookName62242', bookLanguage='Ukrainian', bookDescription='goodDescription', additional=Additional{pageCount=756, size=Size{height=10, width=20, length=30}}, publicationYear=2001}, Book{bookId=62472, bookName='BookName62472', bookLanguage='Ukrainian', bookDescription='goodDescription', additional=Additional{pageCount=756, size=Size{height=10, width=20, length=30}}, publicationYear=2001}, Book{bookId=62526, bookName='BookName62526', bookLanguage='Ukrainian', bookDescription='goodDescription', additional=Additional{pageCount=756, size=Size{height=10, width=20, length=30}}, publicationYear=2001}, Book{bookId=62933, bookName='BookName62933', bookLanguage='Ukrainian', bookDescription='goodDescription', additional=Additional{pageCount=756, size=Size{height=10, width=20, length=30}}, publicationYear=2001}, Book{bookId=64492, bookName='BookName64492', bookLanguage='Ukrainian', bookDescription='goodDescription', additional=Additional{pageCount=756, size=Size{height=10, width=20, length=30}}, publicationYear=2001}, Book{bookId=64544, bookName='BookName64544', bookLanguage='Ukrainian', bookDescription='goodDescription', additional=Additional{pageCount=756, size=Size{height=10, width=20, length=30}}, publicationYear=2001}, Book{bookId=64829, bookName='BookName64829', bookLanguage='Ukrainian', bookDescription='goodDescription', additional=Additional{pageCount=756, size=Size{height=10, width=20, length=30}}, publicationYear=2001}, Book{bookId=65766, bookName='BookName65766', bookLanguage='Ukrainian', bookDescription='goodDescription', additional=Additional{pageCount=756, size=Size{height=10, width=20, length=30}}, publicationYear=2001}, Book{bookId=65976, bookName='BookName65976', bookLanguage='Ukrainian', bookDescription='goodDescription', additional=Additional{pageCount=756, size=Size{height=10, width=20, length=30}}, publicationYear=2001}, Book{bookId=66056, bookName='BookName66056', bookLanguage='Ukrainian', bookDescription='goodDescription', additional=Additional{pageCount=756, size=Size{height=10, width=20, length=30}}, publicationYear=2001}, Book{bookId=66143, bookName='BookName66143', bookLanguage='Ukrainian', bookDescription='goodDescription', additional=Additional{pageCount=756, size=Size{height=10, width=20, length=30}}, publicationYear=2001}, Book{bookId=66433, bookName='BookName66433', bookLanguage='Ukrainian', bookDescription='goodDescription', additional=Additional{pageCount=756, size=Size{height=10, width=20, length=30}}, publicationYear=2001}, Book{bookId=68320, bookName='BookName68320', bookLanguage='Ukrainian', bookDescription='goodDescription', additional=Additional{pageCount=756, size=Size{height=10, width=20, length=30}}, publicationYear=2001}, Book{bookId=68556, bookName='BookName68556', bookLanguage='Ukrainian', bookDescription='goodDescription', additional=Additional{pageCount=756, size=Size{height=10, width=20, length=30}}, publicationYear=2001}, Book{bookId=68667, bookName='BookName68667', bookLanguage='Ukrainian', bookDescription='goodDescription', additional=Additional{pageCount=756, size=Size{height=10, width=20, length=30}}, publicationYear=2001}, Book{bookId=69076, bookName='BookName69076', bookLanguage='Ukrainian', bookDescription='goodDescription', additional=Additional{pageCount=756, size=Size{height=10, width=20, length=30}}, publicationYear=2001}, Book{bookId=70051, bookName='BookName70051', bookLanguage='Ukrainian', bookDescription='goodDescription', additional=Additional{pageCount=756, size=Size{height=10, width=20, length=30}}, publicationYear=2001}, Book{bookId=70224, bookName='BookName70224', bookLanguage='Ukrainian', bookDescription='goodDescription', additional=Additional{pageCount=756, size=Size{height=10, width=20, length=30}}, publicationYear=2001}, Book{bookId=70839, bookName='BookName70839', bookLanguage='Ukrainian', bookDescription='goodDescription', additional=Additional{pageCount=756, size=Size{height=10, width=20, length=30}}, publicationYear=2001}, Book{bookId=70969, bookName='BookName70969', bookLanguage='Ukrainian', bookDescription='goodDescription', additional=Additional{pageCount=756, size=Size{height=10, width=20, length=30}}, publicationYear=2001}, Book{bookId=71682, bookName='BookName71682', bookLanguage='Ukrainian', bookDescription='goodDescription', additional=Additional{pageCount=756, size=Size{height=10, width=20, length=30}}, publicationYear=2001}, Book{bookId=74273, bookName='BookName74273', bookLanguage='Ukrainian', bookDescription='goodDescription', additional=Additional{pageCount=756, size=Size{height=10, width=20, length=30}}, publicationYear=2001}, Book{bookId=74988, bookName='BookName74988', bookLanguage='Ukrainian', bookDescription='goodDescription', additional=Additional{pageCount=756, size=Size{height=10, width=20, length=30}}, publicationYear=2001}, Book{bookId=75700, bookName='BookName75700', bookLanguage='Ukrainian', bookDescription='goodDescription', additional=Additional{pageCount=756, size=Size{height=10, width=20, length=30}}, publicationYear=2001}, Book{bookId=76236, bookName='BookName76236', bookLanguage='Ukrainian', bookDescription='goodDescription', additional=Additional{pageCount=756, size=Size{height=10, width=20, length=30}}, publicationYear=2001}, Book{bookId=76288, bookName='BookName76288', bookLanguage='Ukrainian', bookDescription='goodDescription', additional=Additional{pageCount=756, size=Size{height=10, width=20, length=30}}, publicationYear=2001}, Book{bookId=76776, bookName='BookName76776', bookLanguage='Ukrainian', bookDescription='goodDescription', additional=Additional{pageCount=756, size=Size{height=10, width=20, length=30}}, publicationYear=2001}, Book{bookId=78290, bookName='BookName78290', bookLanguage='Ukrainian', bookDescription='goodDescription', additional=Additional{pageCount=756, size=Size{height=10, width=20, length=30}}, publicationYear=2001}, Book{bookId=79553, bookName='BookName79553', bookLanguage='Ukrainian', bookDescription='goodDescription', additional=Additional{pageCount=756, size=Size{height=10, width=20, length=30}}, publicationYear=2001}, Book{bookId=79824, bookName='BookName79824', bookLanguage='Ukrainian', bookDescription='badDescription', additional=Additional{pageCount=756, size=Size{height=10, width=20, length=30}}, publicationYear=2001}, Book{bookId=80011, bookName='BookName80011', bookLanguage='Ukrainian', bookDescription='goodDescription', additional=Additional{pageCount=756, size=Size{height=10, width=20, length=30}}, publicationYear=2001}, Book{bookId=81001, bookName='BookName81001', bookLanguage='Ukrainian', bookDescription='goodDescription', additional=Additional{pageCount=756, size=Size{height=10, width=20, length=30}}, publicationYear=2001}, Book{bookId=83827, bookName='BookName83827', bookLanguage='Ukrainian', bookDescription='goodDescription', additional=Additional{pageCount=756, size=Size{height=10, width=20, length=30}}, publicationYear=2001}, Book{bookId=84741, bookName='BookName84741', bookLanguage='Ukrainian', bookDescription='goodDescription', additional=Additional{pageCount=756, size=Size{height=10, width=20, length=30}}, publicationYear=2001}, Book{bookId=85232, bookName='BookName85232', bookLanguage='Ukrainian', bookDescription='goodDescription', additional=Additional{pageCount=756, size=Size{height=10, width=20, length=30}}, publicationYear=2001}, Book{bookId=85640, bookName='BookName85640', bookLanguage='Ukrainian', bookDescription='goodDescription', additional=Additional{pageCount=756, size=Size{height=10, width=20, length=30}}, publicationYear=2001}, Book{bookId=85873, bookName='BookName85873', bookLanguage='Ukrainian', bookDescription='goodDescription', additional=Additional{pageCount=756, size=Size{height=10, width=20, length=30}}, publicationYear=2001}, Book{bookId=86643, bookName='BookName86643', bookLanguage='Ukrainian', bookDescription='goodDescription', additional=Additional{pageCount=756, size=Size{height=10, width=20, length=30}}, publicationYear=2001}, Book{bookId=87964, bookName='BookName87964', bookLanguage='Ukrainian', bookDescription='goodDescription', additional=Additional{pageCount=756, size=Size{height=10, width=20, length=30}}, publicationYear=2001}, Book{bookId=89215, bookName='BookName89215', bookLanguage='Ukrainian', bookDescription='goodDescription', additional=Additional{pageCount=756, size=Size{height=10, width=20, length=30}}, publicationYear=2001}, Book{bookId=90256, bookName='BookName90256', bookLanguage='Ukrainian', bookDescription='goodDescription', additional=Additional{pageCount=756, size=Size{height=10, width=20, length=30}}, publicationYear=2001}, Book{bookId=92172, bookName='BookName92172', bookLanguage='Ukrainian', bookDescription='goodDescription', additional=Additional{pageCount=756, size=Size{height=10, width=20, length=30}}, publicationYear=2001}, Book{bookId=94951, bookName='BookName94951', bookLanguage='Ukrainian', bookDescription='goodDescription', additional=Additional{pageCount=756, size=Size{height=10, width=20, length=30}}, publicationYear=2001}, Book{bookId=95122, bookName='BookName95122', bookLanguage='Ukrainian', bookDescription='goodDescription', additional=Additional{pageCount=756, size=Size{height=10, width=20, length=30}}, publicationYear=2001}, Book{bookId=96231, bookName='BookName96231', bookLanguage='Ukrainian', bookDescription='goodDescription', additional=Additional{pageCount=756, size=Size{height=10, width=20, length=30}}, publicationYear=2001}, Book{bookId=96898, bookName='BookName96898', bookLanguage='Ukrainian', bookDescription='badDescription', additional=Additional{pageCount=756, size=Size{height=10, width=20, length=30}}, publicationYear=2001}, Book{bookId=97341, bookName='BookName97341', bookLanguage='Ukrainian', bookDescription='goodDescription', additional=Additional{pageCount=756, size=Size{height=10, width=20, length=30}}, publicationYear=2001}, Book{bookId=97601, bookName='BookName97601', bookLanguage='Ukrainian', bookDescription='goodDescription', additional=Additional{pageCount=756, size=Size{height=10, width=20, length=30}}, publicationYear=2001}, Book{bookId=97854, bookName='BookName97854', bookLanguage='Ukrainian', bookDescription='goodDescription', additional=Additional{pageCount=756, size=Size{height=10, width=20, length=30}}, publicationYear=2001}, Book{bookId=98561, bookName='BookName98561', bookLanguage='Ukrainian', bookDescription='goodDescription', additional=Additional{pageCount=756, size=Size{height=10, width=20, length=30}}, publicationYear=2001}, Book{bookId=98781, bookName='BookName98781', bookLanguage='Ukrainian', bookDescription='goodDescription', additional=Additional{pageCount=756, size=Size{height=10, width=20, length=30}}, publicationYear=2001}, Book{bookId=99830, bookName='BookName99830', bookLanguage='Ukrainian', bookDescription='goodDescription', additional=Additional{pageCount=756, size=Size{height=10, width=20, length=30}}, publicationYear=2001}, Book{bookId=99959, bookName='BookName99959', bookLanguage='Ukrainian', bookDescription='goodDescription', additional=Additional{pageCount=756, size=Size{height=10, width=20, length=30}}, publicationYear=2001}]
]]></system-out>
  </testcase>
  <testcase name="testGetBooksWithBadPageNumber" classname="book.GetAllBookOfSpecialGenreTest" time="0"/>
  <testcase name="testGetBooksWithBadPaginationValue" classname="book.GetAllBookOfSpecialGenreTest" time="0.087"/>
  <testcase name="testGetBookBadRequest" classname="book.GetBookTest" time="0"/>
  <testcase name="testGetBookById" classname="book.GetBookTest" time="0.057"/>
  <testcase name="testGetBookNotFound" classname="book.GetBookTest" time="0"/>
  <testcase name="testSearchBookByAuthor" classname="book.GetBookByAuthorTest" time="0"/>
  <testcase name="testSearchBookByAuthorBadRequest" classname="book.GetBookByAuthorTest" time="0"/>
  <testcase name="testSearchBookByAuthorThatNotExist" classname="book.GetBookByAuthorTest" time="0"/>
  <testcase name="testGetAllBooks" classname="book.GetAllBooksTest" time="0"/>
  <testcase name="testGetBooksWithBadPageNumber" classname="book.GetAllBooksTest" time="0"/>
  <testcase name="testGetBooksWithBadPaginationValue" classname="book.GetAllBooksTest" time="0"/>
  <testcase name="testPositiveUpdateBook" classname="book.UpdateBookTest" time="0.111"/>
  <testcase name="testUpdateBookThatNotFound" classname="book.UpdateBookTest" time="0"/>
  <testcase name="testUpdateBookWithoutBody" classname="book.UpdateBookTest" time="0"/>
  <testcase name="testCreateAuthorWithExistsId" classname="book.CreateBookTest" time="0"/>
  <testcase name="testCreateAuthorWithoutBody" classname="book.CreateBookTest" time="0.027"/>
  <testcase name="testPositiveScenario" classname="book.CreateBookTest" time="0.047"/>
  <testcase name="testCreateAuthorWithExistsId" classname="genre.CreateGenreTest" time="0.022"/>
  <testcase name="testCreateAuthorWithoutBody" classname="genre.CreateGenreTest" time="0.017"/>
  <testcase name="testPositiveScenario" classname="genre.CreateGenreTest" time="0"/>
  <testcase name="testGetGenreBadRequest" classname="genre.GetGenreTest" time="0.022"/>
  <testcase name="testGetGenreById" classname="genre.GetGenreTest" time="0.023"/>
  <testcase name="testGetGenreNotFound" classname="genre.GetGenreTest" time="0.018"/>
  <testcase name="testDeleteGenreBadRequest" classname="genre.DeleteGenreTest" time="0.017"/>
  <testcase name="testDeleteGenreById" classname="genre.DeleteGenreTest" time="0.022"/>
  <testcase name="testDeleteGenreNotFound" classname="genre.DeleteGenreTest" time="0.024"/>
  <testcase name="testPositiveUpdateGenre" classname="genre.UpdateGenreTest" time="0.017"/>
  <testcase name="testUpdateGenreThatNotFound" classname="genre.UpdateGenreTest" time="0.049"/>
  <testcase name="testUpdateGenreWithoutBody" classname="genre.UpdateGenreTest" time="0.053"/>
  <testcase name="testSearchGenreByAuthor" classname="genre.GetGenreByAuthorTest" time="0.013"/>
  <testcase name="testSearchGenreByAuthorBadRequest" classname="genre.GetGenreByAuthorTest" time="0.036"/>
  <testcase name="testSearchGenreByAuthorThatNotExist" classname="genre.GetGenreByAuthorTest" time="0.031"/>
  <testcase name="testSearchGenreBadRequest" classname="genre.SearchGenreTest" time="0.02"/>
  <testcase name="testSearchGenreByName" classname="genre.SearchGenreTest" time="0"/>
  <testcase name="testGetAllGenres" classname="genre.GetAllGenresTest" time="0.008"/>
  <testcase name="testGetGenresWithBadPageNumber" classname="genre.GetAllGenresTest" time="0.026"/>
  <testcase name="testGetGenresWithBadPaginationValue" classname="genre.GetAllGenresTest" time="0.033"/>
  <testcase name="testDeleteAuthorBadRequest" classname="author.DeleteAuthorTest" time="0.036"/>
  <testcase name="testDeleteAuthorById" classname="author.DeleteAuthorTest" time="0.042"/>
  <testcase name="testDeleteAuthorNotFound" classname="author.DeleteAuthorTest" time="0.022"/>
  <testcase name="testSearchAuthorByBook" classname="author.GetAuthorByBookTest" time="0.004"/>
  <testcase name="testSearchAuthorByBookBadRequest" classname="author.GetAuthorByBookTest" time="0.043"/>
  <testcase name="testSearchAuthorByBookThatNotExist" classname="author.GetAuthorByBookTest" time="0.022"/>
  <testcase name="testGetAuthorBadRequest" classname="author.GetAuthorTest" time="0.018"/>
  <testcase name="testGetAuthorById" classname="author.GetAuthorTest" time="0.027"/>
  <testcase name="testGetAuthorNotFound" classname="author.GetAuthorTest" time="0.017"/>
  <testcase name="testCreateAuthorWithExistsId" classname="author.CreateAuthorTest" time="0.028"/>
  <testcase name="testCreateAuthorWithoutBody" classname="author.CreateAuthorTest" time="0.023"/>
  <testcase name="testPositiveScenario" classname="author.CreateAuthorTest" time="0.003"/>
  <testcase name="testSearchAuthorByGenre" classname="author.GetAuthorByGenreTest" time="0.016"/>
  <testcase name="testSearchAuthorByGenreBadRequest" classname="author.GetAuthorByGenreTest" time="0.028"/>
  <testcase name="testSearchAuthorByGenreThatNotExist" classname="author.GetAuthorByGenreTest" time="0.019"/>
  <testcase name="testSearchAuthorBadRequest" classname="author.SearchAuthorTest" time="0.024"/>
  <testcase name="testSearchAuthorByFirstName" classname="author.SearchAuthorTest" time="0.012"/>
  <testcase name="testSearchAuthorByLastName" classname="author.SearchAuthorTest" time="0.017"/>
  <testcase name="testPositiveUpdateAuthor" classname="author.UpdateAuthorTest" time="0.012"/>
  <testcase name="testUpdateAuthorWithoutBody" classname="author.UpdateAuthorTest" time="0.038"/>
  <testcase name="testUpdateUserThatNotFound" classname="author.UpdateAuthorTest" time="0.012"/>
  <testcase name="testGetAllAuthors" classname="author.GetAllAuthorsTest" time="0.028"/>
  <testcase name="testGetAuthorsWithBadPageNumber" classname="author.GetAllAuthorsTest" time="0.019"/>
  <testcase name="testGetAuthorsWithBadPaginationValue" classname="author.GetAllAuthorsTest" time="0.027"/>
</testsuite>