<?xml version="1.0" encoding="UTF-8"?>
<testsuite xmlns:xsi="http://www.w3.org/2001/XMLSchema-instance" xsi:noNamespaceSchemaLocation="https://maven.apache.org/surefire/maven-surefire-plugin/xsd/surefire-test-report.xsd" name="TestSuite" time="11.198" tests="73" errors="0" skipped="0" failures="1">
  <properties>
[...]
</properties>
  <testcase name="testSearchBookBadRequest" classname="book.SearchBookTest" time="0.042"/>
  <testcase name="testSearchBookByName" classname="book.SearchBookTest" time="0.324"/>
  <testcase name="testSearchBookReturn5Results" classname="book.SearchBookTest" time="0.748"/>
  <testcase name="testDeleteBookBadRequest" classname="book.DeleteBookTest" time="0.512"/>
  <testcase name="testDeleteBookById" classname="book.DeleteBookTest" time="0.12"/>
  <testcase name="testDeleteBookNotFound" classname="book.DeleteBookTest" time="0.023"/>
  <testcase name="testSearchBookByAuthorAndGenre" classname="book.GetBookByAuthorAndGenreTest" time="0.016"/>
  <testcase name="testSearchBookByAuthorBadRequestAndGenre" classname="book.GetBookByAuthorAndGenreTest" time="0.028"/>
  <testcase name="testSearchBookByAuthorThatNotExistAndGenre" classname="book.GetBookByAuthorAndGenreTest" time="0.028"/>
  <testcase name="testSearchBookByGenreBadRequestAndAuthor" classname="book.GetBookByAuthorAndGenreTest" time="0.018"/>
  <testcase name="testSearchBookByGenreThatNotExistAndAuthor" classname="book.GetBookByAuthorAndGenreTest" time="0.027"/>
  <testcase name="testGetAllBooks" classname="book.GetAllBookOfSpecialGenreTest" time="1.982">
    <failure message="Size not equals of expected expected [5] but found [398]" type="java.lang.AssertionError">java.lang.AssertionError: Size not equals of expected expected [5] but found [398]
	at book.GetAllBookOfSpecialGenreTest.testGetAllBooks(GetAllBookOfSpecialGenreTest.java:40)
</failure>
    <system-out><![CDATA[2021-08-19 13:15 INFO  AuthorMethods - Get id for genre: '30465'
2021-08-19 13:15 INFO  HttpClient - Send GET request to /api/library/genre/30465 with body : null
2021-08-19 13:15 INFO  BaseResponse - Get status code - 404
2021-08-19 13:15 INFO  AuthorMethods - ID is created successful!
2021-08-19 13:15 INFO  HttpClient - Send POST request to /api/library/genre with body : {"genreId":30465,"genreName":"genreName30465","genreDescription":"goodGenre"}
2021-08-19 13:15 INFO  BookMethods - Get id for book: '20405'
2021-08-19 13:15 INFO  HttpClient - Send GET request to /api/library/book/20405 with body : null
2021-08-19 13:15 INFO  BaseResponse - Get status code - 404
2021-08-19 13:15 INFO  BookMethods - ID is created successful!
2021-08-19 13:15 INFO  AuthorMethods - Get id for author: '84655'
2021-08-19 13:15 INFO  HttpClient - Send GET request to /api/library/author/84655 with body : null
2021-08-19 13:15 INFO  BaseResponse - Get status code - 404
2021-08-19 13:15 INFO  AuthorMethods - ID is created successful!
2021-08-19 13:15 INFO  Author - Setting authorId = 84655
2021-08-19 13:15 INFO  Author - Setting first name = FirstName84655
2021-08-19 13:15 INFO  Author - Setting second name = LastName84655
2021-08-19 13:15 INFO  Author - Setting nationality = Ukrainian84655
2021-08-19 13:15 INFO  Author - Setting birth date = 1973-03-28
2021-08-19 13:15 INFO  Author - Setting birth country = Ukraine
2021-08-19 13:15 INFO  Author - Setting birth city = Mykoliv
2021-08-19 13:15 INFO  Author - Setting authorDescription = GoodAuthor
2021-08-19 13:15 INFO  HttpClient - Send POST request to /api/library/author with body : {"authorId":84655,"authorName":{"first":"FirstName84655","second":"LastName84655"},"nationality":"Ukrainian84655","birth":{"date":"1973-03-28","country":"Ukraine","city":"Mykoliv"},"authorDescription":"GoodAuthor"}
2021-08-19 13:15 INFO  HttpClient - Send POST request to /api/library/book/84655/30465 with body : {"bookId":20405,"bookName":"BookName20405","bookLanguage":"Ukrainian","bookDescription":"goodDescription","additional":{"pageCount":756,"size":{"height":10,"width":20,"length":30}},"publicationYear":2001}
2021-08-19 13:15 INFO  BaseResponse - Get status code - 201
{
    "bookId": 20405,
    "bookName": "BookName20405",
    "bookLanguage": "Ukrainian",
    "bookDescription": "goodDescription",
    "additional": {
        "pageCount": 756,
        "size": {
            "height": 10.0,
            "width": 20.0,
            "length": 30.0
        }
    },
    "publicationYear": 2001
}
2021-08-19 13:15 INFO  BaseResponse - {
    "bookId": 20405,
    "bookName": "BookName20405",
    "bookLanguage": "Ukrainian",
    "bookDescription": "goodDescription",
    "additional": {
        "pageCount": 756,
        "size": {
            "height": 10.0,
            "width": 20.0,
            "length": 30.0
        }
    },
    "publicationYear": 2001
}
2021-08-19 13:15 INFO  BookMethods - Get id for book: '2471'
2021-08-19 13:15 INFO  HttpClient - Send GET request to /api/library/book/2471 with body : null
2021-08-19 13:15 INFO  BaseResponse - Get status code - 404
2021-08-19 13:15 INFO  BookMethods - ID is created successful!
2021-08-19 13:15 INFO  AuthorMethods - Get id for author: '49289'
2021-08-19 13:15 INFO  HttpClient - Send GET request to /api/library/author/49289 with body : null
2021-08-19 13:15 INFO  BaseResponse - Get status code - 404
2021-08-19 13:15 INFO  AuthorMethods - ID is created successful!
2021-08-19 13:15 INFO  Author - Setting authorId = 49289
2021-08-19 13:15 INFO  Author - Setting first name = FirstName49289
2021-08-19 13:15 INFO  Author - Setting second name = LastName49289
2021-08-19 13:15 INFO  Author - Setting nationality = Ukrainian49289
2021-08-19 13:15 INFO  Author - Setting birth date = 1973-03-28
2021-08-19 13:15 INFO  Author - Setting birth country = Ukraine
2021-08-19 13:15 INFO  Author - Setting birth city = Mykoliv
2021-08-19 13:15 INFO  Author - Setting authorDescription = GoodAuthor
2021-08-19 13:15 INFO  HttpClient - Send POST request to /api/library/author with body : {"authorId":49289,"authorName":{"first":"FirstName49289","second":"LastName49289"},"nationality":"Ukrainian49289","birth":{"date":"1973-03-28","country":"Ukraine","city":"Mykoliv"},"authorDescription":"GoodAuthor"}
2021-08-19 13:15 INFO  HttpClient - Send POST request to /api/library/book/49289/30465 with body : {"bookId":2471,"bookName":"BookName2471","bookLanguage":"Ukrainian","bookDescription":"goodDescription","additional":{"pageCount":756,"size":{"height":10,"width":20,"length":30}},"publicationYear":2001}
2021-08-19 13:15 INFO  BaseResponse - Get status code - 201
{
    "bookId": 2471,
    "bookName": "BookName2471",
    "bookLanguage": "Ukrainian",
    "bookDescription": "goodDescription",
    "additional": {
        "pageCount": 756,
        "size": {
            "height": 10.0,
            "width": 20.0,
            "length": 30.0
        }
    },
    "publicationYear": 2001
}
2021-08-19 13:15 INFO  BaseResponse - {
    "bookId": 2471,
    "bookName": "BookName2471",
    "bookLanguage": "Ukrainian",
    "bookDescription": "goodDescription",
    "additional": {
        "pageCount": 756,
        "size": {
            "height": 10.0,
            "width": 20.0,
            "length": 30.0
        }
    },
    "publicationYear": 2001
}
2021-08-19 13:15 INFO  BookMethods - Get id for book: '47961'
2021-08-19 13:15 INFO  HttpClient - Send GET request to /api/library/book/47961 with body : null
2021-08-19 13:15 INFO  BaseResponse - Get status code - 404
2021-08-19 13:15 INFO  BookMethods - ID is created successful!
2021-08-19 13:15 INFO  AuthorMethods - Get id for author: '42151'
2021-08-19 13:15 INFO  HttpClient - Send GET request to /api/library/author/42151 with body : null
2021-08-19 13:15 INFO  BaseResponse - Get status code - 404
2021-08-19 13:15 INFO  AuthorMethods - ID is created successful!
2021-08-19 13:15 INFO  Author - Setting authorId = 42151
2021-08-19 13:15 INFO  Author - Setting first name = FirstName42151
2021-08-19 13:15 INFO  Author - Setting second name = LastName42151
2021-08-19 13:15 INFO  Author - Setting nationality = Ukrainian42151
2021-08-19 13:15 INFO  Author - Setting birth date = 1973-03-28
2021-08-19 13:15 INFO  Author - Setting birth country = Ukraine
2021-08-19 13:15 INFO  Author - Setting birth city = Mykoliv
2021-08-19 13:15 INFO  Author - Setting authorDescription = GoodAuthor
2021-08-19 13:15 INFO  HttpClient - Send POST request to /api/library/author with body : {"authorId":42151,"authorName":{"first":"FirstName42151","second":"LastName42151"},"nationality":"Ukrainian42151","birth":{"date":"1973-03-28","country":"Ukraine","city":"Mykoliv"},"authorDescription":"GoodAuthor"}
2021-08-19 13:15 INFO  HttpClient - Send POST request to /api/library/book/42151/30465 with body : {"bookId":47961,"bookName":"BookName47961","bookLanguage":"Ukrainian","bookDescription":"goodDescription","additional":{"pageCount":756,"size":{"height":10,"width":20,"length":30}},"publicationYear":2001}
2021-08-19 13:15 INFO  BaseResponse - Get status code - 201
{
    "bookId": 47961,
    "bookName": "BookName47961",
    "bookLanguage": "Ukrainian",
    "bookDescription": "goodDescription",
    "additional": {
        "pageCount": 756,
        "size": {
            "height": 10.0,
            "width": 20.0,
            "length": 30.0
        }
    },
    "publicationYear": 2001
}
2021-08-19 13:15 INFO  BaseResponse - {
    "bookId": 47961,
    "bookName": "BookName47961",
    "bookLanguage": "Ukrainian",
    "bookDescription": "goodDescription",
    "additional": {
        "pageCount": 756,
        "size": {
            "height": 10.0,
            "width": 20.0,
            "length": 30.0
        }
    },
    "publicationYear": 2001
}
2021-08-19 13:15 INFO  BookMethods - Get id for book: '90970'
2021-08-19 13:15 INFO  HttpClient - Send GET request to /api/library/book/90970 with body : null
2021-08-19 13:15 INFO  BaseResponse - Get status code - 404
2021-08-19 13:15 INFO  BookMethods - ID is created successful!
2021-08-19 13:15 INFO  AuthorMethods - Get id for author: '13325'
2021-08-19 13:15 INFO  HttpClient - Send GET request to /api/library/author/13325 with body : null
2021-08-19 13:15 INFO  BaseResponse - Get status code - 404
2021-08-19 13:15 INFO  AuthorMethods - ID is created successful!
2021-08-19 13:15 INFO  Author - Setting authorId = 13325
2021-08-19 13:15 INFO  Author - Setting first name = FirstName13325
2021-08-19 13:15 INFO  Author - Setting second name = LastName13325
2021-08-19 13:15 INFO  Author - Setting nationality = Ukrainian13325
2021-08-19 13:15 INFO  Author - Setting birth date = 1973-03-28
2021-08-19 13:15 INFO  Author - Setting birth country = Ukraine
2021-08-19 13:15 INFO  Author - Setting birth city = Mykoliv
2021-08-19 13:15 INFO  Author - Setting authorDescription = GoodAuthor
2021-08-19 13:15 INFO  HttpClient - Send POST request to /api/library/author with body : {"authorId":13325,"authorName":{"first":"FirstName13325","second":"LastName13325"},"nationality":"Ukrainian13325","birth":{"date":"1973-03-28","country":"Ukraine","city":"Mykoliv"},"authorDescription":"GoodAuthor"}
2021-08-19 13:15 INFO  HttpClient - Send POST request to /api/library/book/13325/30465 with body : {"bookId":90970,"bookName":"BookName90970","bookLanguage":"Ukrainian","bookDescription":"goodDescription","additional":{"pageCount":756,"size":{"height":10,"width":20,"length":30}},"publicationYear":2001}
2021-08-19 13:15 INFO  BaseResponse - Get status code - 201
{
    "bookId": 90970,
    "bookName": "BookName90970",
    "bookLanguage": "Ukrainian",
    "bookDescription": "goodDescription",
    "additional": {
        "pageCount": 756,
        "size": {
            "height": 10.0,
            "width": 20.0,
            "length": 30.0
        }
    },
    "publicationYear": 2001
}
2021-08-19 13:15 INFO  BaseResponse - {
    "bookId": 90970,
    "bookName": "BookName90970",
    "bookLanguage": "Ukrainian",
    "bookDescription": "goodDescription",
    "additional": {
        "pageCount": 756,
        "size": {
            "height": 10.0,
            "width": 20.0,
            "length": 30.0
        }
    },
    "publicationYear": 2001
}
2021-08-19 13:15 INFO  BookMethods - Get id for book: '22105'
2021-08-19 13:15 INFO  HttpClient - Send GET request to /api/library/book/22105 with body : null
2021-08-19 13:15 INFO  BaseResponse - Get status code - 404
2021-08-19 13:15 INFO  BookMethods - ID is created successful!
2021-08-19 13:15 INFO  AuthorMethods - Get id for author: '18082'
2021-08-19 13:15 INFO  HttpClient - Send GET request to /api/library/author/18082 with body : null
2021-08-19 13:15 INFO  BaseResponse - Get status code - 404
2021-08-19 13:15 INFO  AuthorMethods - ID is created successful!
2021-08-19 13:15 INFO  Author - Setting authorId = 18082
2021-08-19 13:15 INFO  Author - Setting first name = FirstName18082
2021-08-19 13:15 INFO  Author - Setting second name = LastName18082
2021-08-19 13:15 INFO  Author - Setting nationality = Ukrainian18082
2021-08-19 13:15 INFO  Author - Setting birth date = 1973-03-28
2021-08-19 13:15 INFO  Author - Setting birth country = Ukraine
2021-08-19 13:15 INFO  Author - Setting birth city = Mykoliv
2021-08-19 13:15 INFO  Author - Setting authorDescription = GoodAuthor
2021-08-19 13:15 INFO  HttpClient - Send POST request to /api/library/author with body : {"authorId":18082,"authorName":{"first":"FirstName18082","second":"LastName18082"},"nationality":"Ukrainian18082","birth":{"date":"1973-03-28","country":"Ukraine","city":"Mykoliv"},"authorDescription":"GoodAuthor"}
2021-08-19 13:15 INFO  HttpClient - Send POST request to /api/library/book/18082/30465 with body : {"bookId":22105,"bookName":"BookName22105","bookLanguage":"Ukrainian","bookDescription":"goodDescription","additional":{"pageCount":756,"size":{"height":10,"width":20,"length":30}},"publicationYear":2001}
2021-08-19 13:15 INFO  BaseResponse - Get status code - 201
{
    "bookId": 22105,
    "bookName": "BookName22105",
    "bookLanguage": "Ukrainian",
    "bookDescription": "goodDescription",
    "additional": {
        "pageCount": 756,
        "size": {
            "height": 10.0,
            "width": 20.0,
            "length": 30.0
        }
    },
    "publicationYear": 2001
}
2021-08-19 13:15 INFO  BaseResponse - {
    "bookId": 22105,
    "bookName": "BookName22105",
    "bookLanguage": "Ukrainian",
    "bookDescription": "goodDescription",
    "additional": {
        "pageCount": 756,
        "size": {
            "height": 10.0,
            "width": 20.0,
            "length": 30.0
        }
    },
    "publicationYear": 2001
}
2021-08-19 13:15 INFO  HttpClient - Send GET request to /api/library/genre/30465/books?page=5&pagination=false&size=10 with body : null
2021-08-19 13:15 INFO  BaseResponse - Get status code - 200
2021-08-19 13:15 INFO  BaseResponse - Getting list.  List -> [Book{bookId=33, bookName='Et qui soluta', bookLanguage='portuguese', bookDescription='Sed eos optio dolor eaque eum aut. Officiis molestiae et. Nobis consequuntur error sunt voluptatem voluptas. Ea exercitationem nam nesciunt.', additional=Additional{pageCount=345, size=Size{height=8, width=30, length=2}}, publicationYear=1979}, Book{bookId=61, bookName='Id et temporibus', bookLanguage='french', bookDescription='Non deserunt eius facilis praesentium. Ab ab excepturi natus esse. Veniam harum qui nobis aliquid consequatur. Quia rerum aliquam molestias voluptatem blanditiis vero et.', additional=Additional{pageCount=490, size=Size{height=15, width=27, length=4}}, publicationYear=1978}, Book{bookId=129, bookName='In qui ex', bookLanguage='croatian', bookDescription='Et rerum quis alias voluptas suscipit ducimus. Aut nesciunt sunt adipisci recusandae aliquid excepturi. Ad aperiam vitae. Blanditiis repellendus deleniti quam. Et voluptatem distinctio et omnis voluptates.', additional=Additional{pageCount=401, size=Size{height=27, width=16, length=4}}, publicationYear=2004}, Book{bookId=141, bookName='Mollitia sed omnis rerum', bookLanguage='croatian', bookDescription='Quae architecto sunt inventore. Nostrum voluptatem itaque perferendis. Assumenda nesciunt id sapiente nam voluptatibus et consequatur. Adipisci nemo sint. Ab reiciendis aut voluptatibus earum ut et.', additional=Additional{pageCount=685, size=Size{height=27, width=14, length=3}}, publicationYear=2005}, Book{bookId=194, bookName='Quos vel omnis molestiae', bookLanguage='german', bookDescription='Iste perferendis soluta provident aspernatur fuga quis. Sunt et similique sunt molestias. Aut inventore molestias.', additional=Additional{pageCount=827, size=Size{height=16, width=6, length=4}}, publicationYear=1976}, Book{bookId=243, bookName='Dolores corrupti dolore', bookLanguage='urdu', bookDescription='Natus voluptate voluptas odio. Tempora nulla praesentium. Veniam quam et commodi. Eius in earum in et perspiciatis consequuntur. Temporibus nobis omnis harum commodi ad.', additional=Additional{pageCount=260, size=Size{height=14, width=26, length=5}}, publicationYear=2001}, Book{bookId=277, bookName='Magni eos omnis qui', bookLanguage='belorussian', bookDescription='In et repellat eum quisquam numquam. Porro corrupti ipsam ea id autem aut. Consequatur totam aspernatur reprehenderit cumque ullam reiciendis eos. Illum optio ea consequuntur harum aut labore sint. Ab et adipisci et saepe praesentium nihil.', additional=Additional{pageCount=942, size=Size{height=16, width=33, length=3}}, publicationYear=2014}, Book{bookId=324, bookName='Dolor aut provident', bookLanguage='french', bookDescription='Ipsa aliquam dicta similique ducimus veritatis aut eius. Repudiandae voluptatem doloremque illum repellendus labore beatae. Commodi possimus itaque.', additional=Additional{pageCount=779, size=Size{height=22, width=26, length=4}}, publicationYear=1990}, Book{bookId=353, bookName='Sunt illum dolores', bookLanguage='portuguese', bookDescription='Sint nulla sit dolores tempora eveniet. A sit voluptatem perferendis. Commodi praesentium minima totam aut ipsa dicta.', additional=Additional{pageCount=402, size=Size{height=10, width=14, length=2}}, publicationYear=1994}, Book{bookId=386, bookName='Doloribus dolores ipsam', bookLanguage='french', bookDescription='Eaque non voluptas repellendus. Et voluptas quo aspernatur. Sit et architecto quia temporibus.', additional=Additional{pageCount=983, size=Size{height=9, width=31, length=4}}, publicationYear=1987}, Book{bookId=392, bookName='Quisquam aut asperiores', bookLanguage='urdu', bookDescription='Doloribus autem perferendis qui recusandae repudiandae fugiat. Harum repudiandae temporibus. Expedita quis ut veritatis dolorem omnis saepe ducimus. Deleniti eum ea nesciunt deleniti totam. Suscipit sequi ad sunt dolores rem.', additional=Additional{pageCount=500, size=Size{height=9, width=21, length=4}}, publicationYear=2002}, Book{bookId=408, bookName='Aliquam ab blanditiis harum', bookLanguage='urdu', bookDescription='Suscipit eius nobis deserunt aperiam non. Quidem expedita et eum autem eos natus ducimus. Rerum modi non voluptatem. Delectus qui ipsa mollitia quas facilis accusantium magnam.', additional=Additional{pageCount=539, size=Size{height=12, width=27, length=2}}, publicationYear=1995}, Book{bookId=477, bookName='Recusandae id vero molestiae', bookLanguage='german', bookDescription='Iste nihil et dolorem vero consequatur. Ut quia enim amet illum. Beatae quasi aliquid et qui vero laborum dolores. Qui exercitationem et delectus quisquam suscipit expedita et. Tempore earum inventore sit.', additional=Additional{pageCount=586, size=Size{height=23, width=23, length=4}}, publicationYear=1998}, Book{bookId=532, bookName='Ut nam suscipit', bookLanguage='german', bookDescription='Est velit id. Molestias occaecati est nisi hic. Voluptate reiciendis saepe voluptatem autem voluptatem. Quod eos ullam. Veniam doloribus eveniet voluptatem libero sint.', additional=Additional{pageCount=234, size=Size{height=25, width=5, length=2}}, publicationYear=2016}, Book{bookId=545, bookName='Ea et occaecati', bookLanguage='belorussian', bookDescription='Aperiam tenetur qui blanditiis dolorem. Officia et porro. Qui praesentium adipisci aut ipsa iusto soluta eligendi. Similique ut et.', additional=Additional{pageCount=338, size=Size{height=26, width=28, length=2}}, publicationYear=2016}, Book{bookId=563, bookName='Animi placeat odio', bookLanguage='portuguese', bookDescription='Sit et quis. Magni nesciunt maxime dolores. Sit exercitationem sit. Repellat optio corrupti sed qui.', additional=Additional{pageCount=780, size=Size{height=22, width=20, length=2}}, publicationYear=1970}, Book{bookId=672, bookName='Dolorem expedita sunt', bookLanguage='armenian', bookDescription='Quo voluptatum voluptate illo consectetur libero architecto repellendus. Aliquam ducimus harum qui. Ut sint nihil ea rem quos illo sunt. Eos eligendi rerum dolorem accusamus ipsam quis itaque. Quae nostrum itaque voluptatum voluptate.', additional=Additional{pageCount=112, size=Size{height=31, width=24, length=2}}, publicationYear=1972}, Book{bookId=781, bookName='Dolores delectus quia', bookLanguage='ukrainian', bookDescription='Dolore dolores voluptatem nemo rerum sit voluptatem non. Beatae aliquam accusamus sit aspernatur minima molestias. Voluptas quas dolor tenetur ullam.', additional=Additional{pageCount=149, size=Size{height=9, width=7, length=1}}, publicationYear=1989}, Book{bookId=800, bookName='Qui consequatur et tempore', bookLanguage='croatian', bookDescription='Dolorum sit laboriosam et pariatur ea nisi. Dicta dolorum nam blanditiis eligendi. Vel nostrum et eius et. Non totam accusantium. Nesciunt est possimus qui eaque dolores atque accusantium.', additional=Additional{pageCount=457, size=Size{height=13, width=22, length=4}}, publicationYear=1988}, Book{bookId=838, bookName='BookName838', bookLanguage='Ukrainian', bookDescription='goodDescription', additional=Additional{pageCount=756, size=Size{height=10, width=20, length=30}}, publicationYear=2001}, Book{bookId=856, bookName='Numquam voluptas molestiae minima', bookLanguage='urdu', bookDescription='Provident nam provident consequuntur vel enim. Sunt dolor voluptatibus doloribus nobis minus debitis. Qui repellendus voluptate voluptatem nemo. Quia distinctio quibusdam aut ipsa saepe minima.', additional=Additional{pageCount=656, size=Size{height=25, width=20, length=2}}, publicationYear=1987}, Book{bookId=952, bookName='Laudantium est illum qui', bookLanguage='ukrainian', bookDescription='Est harum necessitatibus. Sed esse est voluptas. Corporis doloribus voluptatum labore. Incidunt tempore nesciunt et.', additional=Additional{pageCount=983, size=Size{height=33, width=23, length=1}}, publicationYear=2011}, Book{bookId=999, bookName='Et aut perferendis quidem', bookLanguage='spanish', bookDescription='Ipsa sed quo at autem ipsam consequatur. Dicta id molestias. Temporibus quia nisi recusandae adipisci saepe. Dignissimos vel aut id velit.', additional=Additional{pageCount=466, size=Size{height=34, width=19, length=3}}, publicationYear=1981}, Book{bookId=1005, bookName='Veniam distinctio vel', bookLanguage='polish', bookDescription='Ea nisi et dolor quidem tempora alias. Amet aut unde. Facilis nobis nostrum error culpa et. Omnis dolorem placeat doloremque.', additional=Additional{pageCount=696, size=Size{height=15, width=31, length=3}}, publicationYear=1994}, Book{bookId=1007, bookName='Accusamus dignissimos quas', bookLanguage='english', bookDescription='Omnis eum esse. Et ut porro rerum quod sint. Libero mollitia sed ex et sit.', additional=Additional{pageCount=392, size=Size{height=27, width=8, length=2}}, publicationYear=2008}, Book{bookId=1031, bookName='Quibusdam officia corrupti', bookLanguage='arabic', bookDescription='Ratione et error. Incidunt non mollitia. Aut perspiciatis deserunt doloribus delectus voluptatum dolor. Et sed numquam omnis quasi. Nihil a suscipit qui.', additional=Additional{pageCount=252, size=Size{height=17, width=30, length=2}}, publicationYear=2008}, Book{bookId=1124, bookName='Est fugit consectetur', bookLanguage='russian', bookDescription='Ut perferendis nihil nesciunt perspiciatis atque. Magni dolor temporibus deserunt maxime repudiandae. Non adipisci quia sint voluptatem pariatur.', additional=Additional{pageCount=273, size=Size{height=15, width=30, length=2}}, publicationYear=1990}, Book{bookId=1128, bookName='Laudantium delectus harum', bookLanguage='urdu', bookDescription='Reiciendis numquam repellat rem rerum. Corrupti nostrum fuga ut. Tempore rerum ullam eveniet dignissimos velit ipsa. Quos sapiente nostrum ut aut neque.', additional=Additional{pageCount=908, size=Size{height=32, width=9, length=4}}, publicationYear=2008}, Book{bookId=1141, bookName='Totam sed quia', bookLanguage='arabic', bookDescription='Necessitatibus perferendis corporis totam adipisci sed voluptas hic. Deserunt dolores temporibus. Ex cum eum esse placeat optio. Dolor debitis eligendi non facilis voluptas tenetur. Et amet et non sint voluptatem aut.', additional=Additional{pageCount=917, size=Size{height=20, width=33, length=1}}, publicationYear=2006}, Book{bookId=1219, bookName='Reprehenderit reiciendis illum', bookLanguage='urdu', bookDescription='Excepturi maxime aliquam quisquam numquam officiis. Sunt doloremque animi est ut. Qui ullam et soluta.', additional=Additional{pageCount=820, size=Size{height=22, width=25, length=3}}, publicationYear=2006}, Book{bookId=1243, bookName='Dolore fugiat omnis', bookLanguage='chinese', bookDescription='Est quo odit minima cum est. Labore ut perferendis sed quia et delectus praesentium. Est molestias nostrum maiores magni. Sint quasi neque alias cupiditate. Minus nihil sit ut magnam possimus ea.', additional=Additional{pageCount=881, size=Size{height=24, width=33, length=1}}, publicationYear=2012}, Book{bookId=1245, bookName='Repellendus incidunt nobis cumque', bookLanguage='armenian', bookDescription='Deserunt doloremque et. Suscipit itaque nihil assumenda. Inventore velit iusto maiores adipisci. Debitis ea qui asperiores.', additional=Additional{pageCount=854, size=Size{height=11, width=5, length=3}}, publicationYear=2016}, Book{bookId=1296, bookName='Sed voluptatem ipsam', bookLanguage='french', bookDescription='Et vel ut id est magni nesciunt harum. Corporis ut voluptatem aut optio. Sint nam laudantium libero ratione. Cupiditate possimus odit consectetur ut eveniet consequatur aspernatur. Harum dolor rerum harum.', additional=Additional{pageCount=433, size=Size{height=9, width=9, length=2}}, publicationYear=1995}, Book{bookId=1347, bookName='BookName1347', bookLanguage='Ukrainian', bookDescription='goodDescription', additional=Additional{pageCount=756, size=Size{height=10, width=20, length=30}}, publicationYear=2001}, Book{bookId=1470, bookName='Hic nam exercitationem', bookLanguage='portuguese', bookDescription='Quae non et numquam earum perferendis porro hic. Sunt expedita quidem magni non similique ducimus nobis. Est consectetur recusandae non eius repudiandae. Iure reprehenderit nam molestiae eum nulla.', additional=Additional{pageCount=876, size=Size{height=9, width=21, length=4}}, publicationYear=1973}, Book{bookId=1529, bookName='Dolore repellat itaque', bookLanguage='arabic', bookDescription='Quis autem cum qui tempora minima laudantium amet. Possimus in numquam doloribus. Veniam sint et. Est aliquam non officiis. A ut sunt eos voluptatem illum soluta.', additional=Additional{pageCount=470, size=Size{height=13, width=16, length=3}}, publicationYear=2010}, Book{bookId=1558, bookName='BookName1558', bookLanguage='Ukrainian', bookDescription='goodDescription', additional=Additional{pageCount=756, size=Size{height=10, width=20, length=30}}, publicationYear=2001}, Book{bookId=1584, bookName='Laudantium reiciendis culpa', bookLanguage='armenian', bookDescription='Ut unde beatae sit asperiores. Earum omnis exercitationem et. Id omnis ab laborum temporibus accusantium omnis. Officiis quasi aliquid quam accusamus excepturi.', additional=Additional{pageCount=913, size=Size{height=6, width=16, length=2}}, publicationYear=1975}, Book{bookId=1589, bookName='Recusandae non est eos', bookLanguage='french', bookDescription='Eveniet aut beatae voluptatum voluptatum fugit sunt deleniti. Iusto nihil nesciunt fugiat corporis harum. Rerum corporis iusto. Commodi hic sapiente perferendis quis.', additional=Additional{pageCount=723, size=Size{height=9, width=29, length=3}}, publicationYear=1979}, Book{bookId=1637, bookName='Sint est veritatis', bookLanguage='croatian', bookDescription='Dicta aut id ratione temporibus veritatis ut. Aut fugiat eum dolores sapiente cum eum dolores. Cumque amet repellat sint corporis. Sequi hic aliquid. Rerum ipsum eum officiis.', additional=Additional{pageCount=270, size=Size{height=25, width=5, length=2}}, publicationYear=1977}, Book{bookId=1722, bookName='Necessitatibus ipsam quae', bookLanguage='russian', bookDescription='Blanditiis eaque qui veniam. Delectus ea officia doloribus eos ut quisquam amet. Ut qui distinctio qui autem. Perspiciatis dolore vel explicabo ut ut dolore.', additional=Additional{pageCount=49, size=Size{height=19, width=32, length=4}}, publicationYear=2002}, Book{bookId=1726, bookName='BookName1726', bookLanguage='Ukrainian', bookDescription='goodDescription', additional=Additional{pageCount=756, size=Size{height=10, width=20, length=30}}, publicationYear=2001}, Book{bookId=1738, bookName='Pariatur rerum eius aut', bookLanguage='russian', bookDescription='Ad ea doloribus nulla eaque rerum impedit aperiam. Doloremque ut aliquid exercitationem. Saepe eos voluptatum ea consequatur voluptatem ad. Consectetur nobis quibusdam autem fuga.', additional=Additional{pageCount=627, size=Size{height=11, width=8, length=4}}, publicationYear=1991}, Book{bookId=1847, bookName='In cumque molestiae', bookLanguage='arabic', bookDescription='Libero et dignissimos sunt voluptatibus est qui quaerat. Nulla sit qui error rerum laborum. Nihil sapiente sunt dolorum. Corrupti impedit blanditiis non atque corrupti quis sed.', additional=Additional{pageCount=194, size=Size{height=33, width=28, length=3}}, publicationYear=2011}, Book{bookId=1915, bookName='Error et aperiam', bookLanguage='french', bookDescription='Alias aperiam saepe error molestiae sit ut. Omnis eos quisquam. Autem autem recusandae qui.', additional=Additional{pageCount=718, size=Size{height=26, width=30, length=2}}, publicationYear=2002}, Book{bookId=1990, bookName='Quaerat odit aut', bookLanguage='spanish', bookDescription='Blanditiis rerum exercitationem non quis et. Quisquam dolorum laboriosam quasi accusantium sit quis error. Sed error omnis.', additional=Additional{pageCount=502, size=Size{height=21, width=9, length=2}}, publicationYear=2009}, Book{bookId=2026, bookName='Necessitatibus qui architecto', bookLanguage='urdu', bookDescription='Quos et tenetur sed quisquam accusantium. Voluptatem est mollitia aut quo commodi ut. Officia quaerat incidunt vero pariatur eius.', additional=Additional{pageCount=551, size=Size{height=31, width=18, length=3}}, publicationYear=1987}, Book{bookId=2027, bookName='Dicta delectus nihil', bookLanguage='croatian', bookDescription='Itaque unde eveniet corporis in. Quasi expedita ipsa quo fugiat eum. Explicabo quidem ut sit. Eos quasi velit. Quo reprehenderit laudantium.', additional=Additional{pageCount=598, size=Size{height=10, width=26, length=4}}, publicationYear=1997}, Book{bookId=2048, bookName='Quam veniam quae', bookLanguage='spanish', bookDescription='Id excepturi porro nulla. Porro magni ut quia odio soluta. Voluptatibus amet similique. Dolores perferendis rem adipisci ipsam consectetur perspiciatis. Deserunt repudiandae ex sed.', additional=Additional{pageCount=217, size=Size{height=13, width=8, length=4}}, publicationYear=2012}, Book{bookId=2079, bookName='Odit illo eligendi', bookLanguage='spanish', bookDescription='Facere quis laborum est quisquam asperiores eos maiores. Voluptatem ipsum est est in et et. Autem quos hic quibusdam omnis.', additional=Additional{pageCount=529, size=Size{height=31, width=16, length=1}}, publicationYear=2007}, Book{bookId=2142, bookName='Doloremque id optio', bookLanguage='croatian', bookDescription='Vitae aut at. Tempore excepturi animi dolorem velit ratione explicabo facilis. Provident voluptate exercitationem velit earum facilis. Sit molestias veniam consectetur at. Et occaecati eos.', additional=Additional{pageCount=554, size=Size{height=28, width=11, length=4}}, publicationYear=1989}, Book{bookId=2145, bookName='Reiciendis cupiditate minus', bookLanguage='portuguese', bookDescription='Molestiae eveniet hic dolores sit est tenetur deleniti. Consequatur autem dignissimos. Numquam blanditiis magnam qui ipsam perferendis a.', additional=Additional{pageCount=728, size=Size{height=7, width=26, length=1}}, publicationYear=1975}, Book{bookId=2151, bookName='Repudiandae et aut incidunt', bookLanguage='arabic', bookDescription='Id voluptas et est et doloremque sed. Provident non aut non non voluptatem est. Impedit esse qui.', additional=Additional{pageCount=38, size=Size{height=24, width=15, length=3}}, publicationYear=1975}, Book{bookId=2154, bookName='Distinctio autem non est', bookLanguage='portuguese', bookDescription='Minima beatae qui officiis. Est dolor hic eum voluptatum pariatur. Ipsa iusto impedit eius officia ipsam voluptas.', additional=Additional{pageCount=339, size=Size{height=19, width=21, length=4}}, publicationYear=2002}, Book{bookId=2179, bookName='Omnis voluptates modi mollitia', bookLanguage='belorussian', bookDescription='Enim ut est vitae corrupti dolorem magni. Consequatur enim adipisci rem quis. Nemo sit ut. Atque pariatur eum et quo culpa.', additional=Additional{pageCount=626, size=Size{height=27, width=7, length=4}}, publicationYear=2013}, Book{bookId=2228, bookName='Officia at id dolores', bookLanguage='belorussian', bookDescription='Omnis cumque laboriosam rerum. Nihil reiciendis sit. Impedit neque cumque placeat voluptatum.', additional=Additional{pageCount=715, size=Size{height=9, width=26, length=1}}, publicationYear=2005}, Book{bookId=2240, bookName='Officiis ut veniam aperiam', bookLanguage='belorussian', bookDescription='Nam provident iure. Cumque eum atque quae deleniti quia id. Vel natus autem dignissimos.', additional=Additional{pageCount=288, size=Size{height=17, width=21, length=2}}, publicationYear=1982}, Book{bookId=2268, bookName='BookName2268', bookLanguage='Ukrainian', bookDescription='goodDescription', additional=Additional{pageCount=756, size=Size{height=10, width=20, length=30}}, publicationYear=2001}, Book{bookId=2271, bookName='Quia nulla neque repellat', bookLanguage='belorussian', bookDescription='Cum ea qui laborum ut aliquid. Maxime qui at repellendus velit numquam. Expedita officiis quo. Facilis tempore quam voluptatem eum asperiores et. Totam deleniti nam perferendis fugit enim.', additional=Additional{pageCount=963, size=Size{height=8, width=13, length=2}}, publicationYear=1986}, Book{bookId=2275, bookName='Laborum ipsa sed soluta', bookLanguage='german', bookDescription='Tempora id consequatur. Mollitia ratione consequatur ea deleniti corrupti cupiditate nisi. Ipsam aut magnam ut possimus reprehenderit voluptatibus.', additional=Additional{pageCount=170, size=Size{height=32, width=14, length=4}}, publicationYear=2000}, Book{bookId=2289, bookName='Ipsum atque ut', bookLanguage='german', bookDescription='Occaecati illo perspiciatis aut voluptatum sed aut. Laborum molestiae delectus. Doloribus porro quia adipisci voluptas quaerat rerum repellat. Numquam ad est earum. In eos reprehenderit ea error ab voluptates.', additional=Additional{pageCount=460, size=Size{height=29, width=19, length=1}}, publicationYear=1973}, Book{bookId=2415, bookName='BookName2415', bookLanguage='Ukrainian', bookDescription='goodDescription', additional=Additional{pageCount=756, size=Size{height=10, width=20, length=30}}, publicationYear=2001}, Book{bookId=2471, bookName='BookName2471', bookLanguage='Ukrainian', bookDescription='goodDescription', additional=Additional{pageCount=756, size=Size{height=10, width=20, length=30}}, publicationYear=2001}, Book{bookId=2476, bookName='Provident quia atque', bookLanguage='french', bookDescription='Non ex cum assumenda maxime et ab excepturi. Omnis dolorum facilis delectus sit voluptate. Laboriosam culpa consequatur a veniam repudiandae. Sint magnam reiciendis velit.', additional=Additional{pageCount=143, size=Size{height=27, width=20, length=3}}, publicationYear=2018}, Book{bookId=2563, bookName='Et quia explicabo laudantium', bookLanguage='ukrainian', bookDescription='Architecto natus ut dolorem quo voluptatem sed. Reiciendis voluptatum praesentium et vero officiis vel. Iusto error sit nihil vel cupiditate.', additional=Additional{pageCount=587, size=Size{height=24, width=23, length=3}}, publicationYear=2001}, Book{bookId=2580, bookName='Aut amet suscipit tempore', bookLanguage='urdu', bookDescription='Dolor aut sint. Quibusdam aut ipsam. Perferendis tempore molestiae sit sunt accusantium minus quae. Dolor et velit impedit facere cumque.', additional=Additional{pageCount=328, size=Size{height=32, width=18, length=2}}, publicationYear=2012}, Book{bookId=2647, bookName='Dolore eveniet repellat', bookLanguage='farsi', bookDescription='Dolorem necessitatibus deserunt dicta sed aut dicta quibusdam. Illum tempore distinctio quidem quae aut. Autem ut at aut quam qui aut. Et ut quae. Pariatur deserunt consequatur cupiditate.', additional=Additional{pageCount=746, size=Size{height=10, width=12, length=2}}, publicationYear=1980}, Book{bookId=2677, bookName='Esse maxime quaerat voluptatem', bookLanguage='chinese', bookDescription='Consequatur sint iure consequatur. Rerum dolorem cupiditate fuga autem accusamus praesentium. At dolore ex.', additional=Additional{pageCount=839, size=Size{height=28, width=34, length=2}}, publicationYear=1994}, Book{bookId=2680, bookName='Nam sit officiis', bookLanguage='arabic', bookDescription='Maiores nemo odit nesciunt ut. Sed magnam doloribus qui sed est. Consequatur facere odit enim. Non enim voluptatum qui maiores fugit quas. Doloribus maxime voluptas et molestias.', additional=Additional{pageCount=394, size=Size{height=8, width=10, length=4}}, publicationYear=1998}, Book{bookId=2728, bookName='Dignissimos sequi sint', bookLanguage='russian', bookDescription='Enim sed velit ab impedit assumenda quidem. Qui et quis iusto. Magni sint laboriosam voluptas molestiae incidunt voluptas.', additional=Additional{pageCount=92, size=Size{height=18, width=5, length=3}}, publicationYear=2017}, Book{bookId=2805, bookName='Inventore corporis ipsa amet', bookLanguage='russian', bookDescription='Deserunt quia est culpa pariatur ducimus porro qui. Doloribus voluptatem quia. Exercitationem ad at aspernatur at provident.', additional=Additional{pageCount=269, size=Size{height=17, width=17, length=3}}, publicationYear=1995}, Book{bookId=2823, bookName='Nemo quia saepe nam', bookLanguage='polish', bookDescription='Non repellendus voluptatem voluptatem quaerat tempora. Architecto culpa dolore. Sequi eveniet sint provident quo. Et qui voluptate aspernatur dolorem. Vel soluta voluptatem libero labore sequi molestiae assumenda.', additional=Additional{pageCount=530, size=Size{height=10, width=12, length=3}}, publicationYear=1974}, Book{bookId=2832, bookName='Rerum ea dolores', bookLanguage='armenian', bookDescription='Aperiam omnis vel ipsum delectus quia. Accusamus molestiae enim facilis. Occaecati ipsum eligendi iusto doloremque quod. Autem assumenda saepe aperiam excepturi veniam recusandae sed. Et ut laudantium perspiciatis ratione dolor commodi.', additional=Additional{pageCount=424, size=Size{height=33, width=15, length=2}}, publicationYear=1999}, Book{bookId=2833, bookName='BookName2833', bookLanguage='Ukrainian', bookDescription='goodDescription', additional=Additional{pageCount=756, size=Size{height=10, width=20, length=30}}, publicationYear=2001}, Book{bookId=2986, bookName='Debitis at voluptates est', bookLanguage='armenian', bookDescription='Rem sint molestiae accusantium doloribus. Quo ipsam a quasi sequi id labore. Pariatur illum error qui iusto et enim nihil.', additional=Additional{pageCount=208, size=Size{height=32, width=15, length=2}}, publicationYear=2014}, Book{bookId=3028, bookName='Enim doloremque modi', bookLanguage='ukrainian', bookDescription='Fugiat nemo deleniti repudiandae impedit hic. Et architecto laboriosam necessitatibus id quibusdam animi exercitationem. Vel et omnis adipisci placeat eos reiciendis nostrum. Molestias accusantium est voluptas nihil. Animi maxime necessitatibus minima sint numquam eligendi quis.', additional=Additional{pageCount=835, size=Size{height=15, width=14, length=3}}, publicationYear=1986}, Book{bookId=3119, bookName='Cupiditate assumenda magni', bookLanguage='armenian', bookDescription='Dolorem sint incidunt magni sit accusantium non. Sit autem rerum deserunt non aperiam magni rem. A aperiam cupiditate quam quasi nihil. Quia id atque nemo quam. Aut odit asperiores ut excepturi.', additional=Additional{pageCount=384, size=Size{height=26, width=9, length=4}}, publicationYear=1989}, Book{bookId=3182, bookName='Dolore voluptas inventore', bookLanguage='belorussian', bookDescription='Molestiae error assumenda illo quia. Consequuntur neque officia. Voluptas voluptatem dolorum odit qui.', additional=Additional{pageCount=357, size=Size{height=32, width=12, length=4}}, publicationYear=2009}, Book{bookId=3319, bookName='Occaecati eius voluptate ea', bookLanguage='urdu', bookDescription='Earum ad qui magni ut dolore iste. Consequatur odit eveniet omnis sapiente explicabo. Quia iste est nam ut et. Explicabo quia eos in quia porro nam. Vel deserunt libero totam.', additional=Additional{pageCount=593, size=Size{height=26, width=17, length=1}}, publicationYear=2018}, Book{bookId=3389, bookName='Illo dolorum omnis', bookLanguage='armenian', bookDescription='Earum molestias tenetur. Voluptatem aut aliquam fugit. Dignissimos iure et. Quis saepe doloribus.', additional=Additional{pageCount=301, size=Size{height=33, width=16, length=4}}, publicationYear=1970}, Book{bookId=3433, bookName='Maiores quibusdam aut maiores', bookLanguage='french', bookDescription='Et nostrum iure dolor quia harum. Sint sint maiores sint odit nulla. Ipsum qui et laborum. Repellendus qui facere quidem veritatis.', additional=Additional{pageCount=440, size=Size{height=18, width=29, length=3}}, publicationYear=2008}, Book{bookId=3508, bookName='Dolorem expedita aut', bookLanguage='ukrainian', bookDescription='Omnis veniam est expedita qui itaque. Ullam earum est unde id dignissimos. Ducimus repellendus explicabo voluptas harum ut. Suscipit laborum natus sed. Fugit aut odio qui est praesentium sed.', additional=Additional{pageCount=171, size=Size{height=13, width=15, length=2}}, publicationYear=1990}, Book{bookId=3549, bookName='Nemo id ratione quidem', bookLanguage='french', bookDescription='Animi cupiditate et delectus. Pariatur neque consequatur beatae sapiente delectus quis est. Iste labore quas.', additional=Additional{pageCount=925, size=Size{height=20, width=9, length=2}}, publicationYear=2013}, Book{bookId=3582, bookName='Sint atque et', bookLanguage='farsi', bookDescription='Autem similique earum soluta aut doloribus qui. Omnis tenetur dolor eum. Temporibus optio aut beatae omnis vel natus est.', additional=Additional{pageCount=74, size=Size{height=13, width=12, length=2}}, publicationYear=1980}, Book{bookId=3667, bookName='Non ullam et qui', bookLanguage='chinese', bookDescription='Sunt laborum modi voluptas nobis. Ipsa recusandae consequatur mollitia rerum maiores. Et nisi pariatur culpa officia quod.', additional=Additional{pageCount=854, size=Size{height=16, width=22, length=2}}, publicationYear=2002}, Book{bookId=3699, bookName='Ut adipisci soluta', bookLanguage='armenian', bookDescription='Nulla perferendis dolor iusto nulla. Commodi quo culpa non ut voluptatem. Ad ut quod esse corrupti quia qui quibusdam. Soluta enim nihil ea et.', additional=Additional{pageCount=133, size=Size{height=13, width=18, length=1}}, publicationYear=2002}, Book{bookId=3702, bookName='Rerum vero ea', bookLanguage='polish', bookDescription='Occaecati id minus. Ipsam nemo debitis voluptate. Ad molestias cum molestiae ipsam dolor aperiam.', additional=Additional{pageCount=550, size=Size{height=8, width=6, length=1}}, publicationYear=2003}, Book{bookId=3835, bookName='BookName3835', bookLanguage='Ukrainian', bookDescription='goodDescription', additional=Additional{pageCount=756, size=Size{height=10, width=20, length=30}}, publicationYear=2001}, Book{bookId=3857, bookName='BookName3857', bookLanguage='Ukrainian', bookDescription='goodDescription', additional=Additional{pageCount=756, size=Size{height=10, width=20, length=30}}, publicationYear=2001}, Book{bookId=3881, bookName='Ut ipsum incidunt modi', bookLanguage='belorussian', bookDescription='Facere est sed. Sunt vel delectus omnis quia dignissimos aperiam. Ut et perspiciatis placeat. Eaque laudantium dicta. Quam officia laborum ipsum aliquid quo voluptatum voluptatem.', additional=Additional{pageCount=521, size=Size{height=17, width=10, length=2}}, publicationYear=1991}, Book{bookId=3887, bookName='Molestiae et consequatur occaecati', bookLanguage='russian', bookDescription='Eveniet sequi totam cumque nostrum doloribus consequuntur. Et ea voluptas iure magni odit fuga. Qui nesciunt deleniti. Ipsam nisi ratione et reprehenderit dolor distinctio dignissimos. Sapiente vel ipsum ad minima provident.', additional=Additional{pageCount=667, size=Size{height=32, width=7, length=4}}, publicationYear=1974}, Book{bookId=3925, bookName='Eveniet nam recusandae', bookLanguage='belorussian', bookDescription='Mollitia est et molestias earum esse quia ut. Vel at alias. Dolorem incidunt velit odio. Aut non at culpa illum architecto voluptatem aliquid.', additional=Additional{pageCount=643, size=Size{height=34, width=28, length=2}}, publicationYear=2000}, Book{bookId=3934, bookName='Iste eveniet in et', bookLanguage='polish', bookDescription='In accusamus in sapiente quia consequatur. Necessitatibus quibusdam ullam error labore illo dolores assumenda. Ut eveniet nesciunt. Eius est sit ut explicabo. Dolores ipsam et ipsa.', additional=Additional{pageCount=488, size=Size{height=11, width=7, length=1}}, publicationYear=1989}, Book{bookId=3957, bookName='Mollitia laudantium animi', bookLanguage='urdu', bookDescription='Voluptatum eveniet impedit. Est et laborum veritatis vitae. Laudantium dolorum repellat quaerat sapiente. Doloribus id molestias quasi facere qui.', additional=Additional{pageCount=666, size=Size{height=29, width=14, length=2}}, publicationYear=1971}, Book{bookId=3981, bookName='Dolores sunt temporibus', bookLanguage='chinese', bookDescription='Sapiente soluta ut. Quia iusto quia. Aperiam et numquam sit ut vel cumque.', additional=Additional{pageCount=121, size=Size{height=16, width=25, length=4}}, publicationYear=2007}, Book{bookId=4051, bookName='Non id ratione', bookLanguage='ukrainian', bookDescription='Nobis veniam et facilis ducimus sapiente laudantium eaque. Fugiat reprehenderit omnis. Totam est quo nihil unde.', additional=Additional{pageCount=879, size=Size{height=23, width=18, length=2}}, publicationYear=2002}, Book{bookId=4056, bookName='Ad molestiae quod', bookLanguage='portuguese', bookDescription='Qui et in praesentium unde dolor eum est. Sit suscipit doloremque rerum non. Et consequatur placeat eos voluptatem vel quidem architecto. Aut dolorum rerum enim sunt debitis.', additional=Additional{pageCount=514, size=Size{height=15, width=29, length=4}}, publicationYear=1977}, Book{bookId=4085, bookName='Nobis sed libero', bookLanguage='farsi', bookDescription='Non exercitationem blanditiis error nisi error. Excepturi laudantium facilis. Et quis assumenda asperiores accusantium aut non. Delectus maxime quasi enim laudantium.', additional=Additional{pageCount=176, size=Size{height=20, width=5, length=3}}, publicationYear=1979}, Book{bookId=4117, bookName='Consectetur ipsum ut', bookLanguage='urdu', bookDescription='Voluptatem ex ut sed corrupti iure. Accusamus fugit in. Voluptatem neque non reprehenderit. Voluptas aspernatur dolorem voluptas et. Vel incidunt laboriosam qui cumque.', additional=Additional{pageCount=137, size=Size{height=16, width=5, length=2}}, publicationYear=1986}, Book{bookId=4139, bookName='Laudantium iure beatae', bookLanguage='spanish', bookDescription='Ipsam incidunt cupiditate. Quod aut et iste ad voluptatem voluptas est. Placeat cumque pariatur. Voluptate sed esse molestiae iste dicta omnis.', additional=Additional{pageCount=50, size=Size{height=28, width=7, length=1}}, publicationYear=2017}, Book{bookId=4150, bookName='BookName4150', bookLanguage='Ukrainian', bookDescription='goodDescription', additional=Additional{pageCount=756, size=Size{height=10, width=20, length=30}}, publicationYear=2001}, Book{bookId=4220, bookName='Sapiente placeat maiores', bookLanguage='farsi', bookDescription='Perferendis et quod enim non. Rem saepe pariatur ut. Sit et illo quia suscipit recusandae quia.', additional=Additional{pageCount=638, size=Size{height=20, width=9, length=4}}, publicationYear=1999}, Book{bookId=4293, bookName='Cumque odit consequatur maxime', bookLanguage='russian', bookDescription='Illum blanditiis quia aspernatur libero. Dolorem earum quisquam fuga est. Et in molestiae. Libero pariatur ipsum voluptate.', additional=Additional{pageCount=907, size=Size{height=13, width=16, length=1}}, publicationYear=1982}, Book{bookId=4319, bookName='Quam exercitationem voluptates quae', bookLanguage='german', bookDescription='Sunt fugit in aut officiis officia quisquam. Sit expedita est explicabo. Laudantium sunt est ducimus enim quasi rerum. Labore vero in dolorem.', additional=Additional{pageCount=366, size=Size{height=29, width=25, length=3}}, publicationYear=1996}, Book{bookId=4339, bookName='Ex facere doloremque distinctio', bookLanguage='ukrainian', bookDescription='Ullam eum quis aspernatur delectus. Consequatur quod totam expedita quo expedita. Quos occaecati impedit animi neque autem. Impedit sed est.', additional=Additional{pageCount=254, size=Size{height=11, width=19, length=1}}, publicationYear=2012}, Book{bookId=4401, bookName='Sed qui voluptatem', bookLanguage='croatian', bookDescription='Architecto ea accusamus atque aliquid repellendus cum fuga. Rerum accusantium ut reiciendis quisquam. Perspiciatis aliquam reiciendis rem. Impedit sed animi.', additional=Additional{pageCount=549, size=Size{height=20, width=17, length=4}}, publicationYear=2005}, Book{bookId=4536, bookName='Laudantium commodi fugiat illo', bookLanguage='farsi', bookDescription='Dicta est laborum molestiae aspernatur. Aliquid consequuntur consectetur ut rerum maxime iusto. Ipsam soluta voluptas facilis.', additional=Additional{pageCount=741, size=Size{height=13, width=25, length=2}}, publicationYear=2003}, Book{bookId=4662, bookName='Qui itaque est', bookLanguage='french', bookDescription='Eligendi ut dolor dicta velit. Illo voluptatem et. Optio facere ut asperiores et non. Iure qui aut nihil dolor omnis nihil sit.', additional=Additional{pageCount=436, size=Size{height=24, width=15, length=2}}, publicationYear=2006}, Book{bookId=4684, bookName='Quod sit pariatur', bookLanguage='armenian', bookDescription='Officiis animi nisi quod sunt odit. Rerum dolorum eum. Voluptatem neque aut magnam consequatur non.', additional=Additional{pageCount=63, size=Size{height=19, width=25, length=4}}, publicationYear=1978}, Book{bookId=4695, bookName='Qui ut ipsam', bookLanguage='chinese', bookDescription='Et iste impedit. Deleniti et facilis voluptates voluptas dolorem cumque. Itaque velit adipisci numquam modi. Et consequatur sed laborum dicta eveniet nulla. Nemo ut reprehenderit.', additional=Additional{pageCount=494, size=Size{height=22, width=14, length=4}}, publicationYear=1978}, Book{bookId=4786, bookName='Iusto et dolorum', bookLanguage='belorussian', bookDescription='Autem officia incidunt. Atque nulla aut id porro. Atque dolor est.', additional=Additional{pageCount=666, size=Size{height=26, width=11, length=2}}, publicationYear=2016}, Book{bookId=4795, bookName='Laborum vel explicabo', bookLanguage='french', bookDescription='Accusantium est consequuntur quod porro odio dolore exercitationem. Saepe ex est. Deleniti praesentium aut esse. Dolorem facilis occaecati voluptatem natus et sunt voluptatem.', additional=Additional{pageCount=948, size=Size{height=34, width=9, length=3}}, publicationYear=1988}, Book{bookId=4799, bookName='Iusto soluta nisi', bookLanguage='arabic', bookDescription='Nemo dolorem commodi non. Est accusamus fuga maxime. Ex iure est ipsa fugiat voluptatibus et. Est cupiditate est. Quae velit accusamus laboriosam.', additional=Additional{pageCount=162, size=Size{height=23, width=25, length=4}}, publicationYear=1994}, Book{bookId=4880, bookName='Est ullam sint', bookLanguage='russian', bookDescription='Sit reiciendis animi voluptatum. Iusto et voluptas voluptas doloribus magnam at. Et nostrum modi quia et. Incidunt laborum nesciunt.', additional=Additional{pageCount=935, size=Size{height=6, width=24, length=4}}, publicationYear=1989}, Book{bookId=4919, bookName='Et commodi quod', bookLanguage='german', bookDescription='Voluptas incidunt temporibus. Aut perferendis sint temporibus iure odit nemo labore. Eaque tempore dolorum deleniti minus optio quibusdam explicabo. Fugiat tempore molestias voluptatem est in eos. Ut adipisci necessitatibus.', additional=Additional{pageCount=362, size=Size{height=30, width=15, length=1}}, publicationYear=1974}, Book{bookId=4922, bookName='A repudiandae vitae', bookLanguage='ukrainian', bookDescription='Ratione soluta quis consectetur. Est voluptatem sunt aut voluptatem est ipsam aut. Necessitatibus delectus odio facere sunt officia porro. Maiores iure molestiae vitae qui.', additional=Additional{pageCount=811, size=Size{height=12, width=26, length=2}}, publicationYear=1987}, Book{bookId=4953, bookName='Pariatur voluptatibus ratione', bookLanguage='chinese', bookDescription='Id quasi facere. Facere et facere minus beatae vel. Voluptates ab aut magnam aperiam est excepturi qui. Ducimus iusto veritatis nemo aliquid odit. Ratione cumque molestiae qui aliquam.', additional=Additional{pageCount=842, size=Size{height=17, width=17, length=3}}, publicationYear=1972}, Book{bookId=4968, bookName='Quia voluptas quia', bookLanguage='belorussian', bookDescription='Aliquid ut asperiores dolores suscipit voluptate sequi. Voluptas officia recusandae accusantium quam et nihil non. Veritatis provident nobis sunt.', additional=Additional{pageCount=630, size=Size{height=14, width=7, length=2}}, publicationYear=1978}, Book{bookId=5040, bookName='Porro vero dolores', bookLanguage='farsi', bookDescription='Sunt ut veniam et blanditiis consequatur consectetur saepe. Modi culpa suscipit. Ipsa voluptatem provident nam quis sed.', additional=Additional{pageCount=762, size=Size{height=12, width=20, length=3}}, publicationYear=1990}, Book{bookId=5114, bookName='Accusamus voluptate soluta', bookLanguage='english', bookDescription='Sapiente in labore. Assumenda rerum recusandae dignissimos perferendis. Aliquam consequatur et consectetur nihil dolorem est eum. Nihil illo odit.', additional=Additional{pageCount=852, size=Size{height=5, width=10, length=4}}, publicationYear=1985}, Book{bookId=5175, bookName='Consequatur mollitia quas in', bookLanguage='english', bookDescription='Accusamus itaque est maiores perferendis. Consequatur dignissimos eius. Ab saepe veniam autem.', additional=Additional{pageCount=103, size=Size{height=8, width=23, length=3}}, publicationYear=1986}, Book{bookId=5231, bookName='Fuga esse voluptatem', bookLanguage='polish', bookDescription='Recusandae ut architecto sed quasi delectus. Officia omnis numquam a dolores ea a. Rerum aut expedita.', additional=Additional{pageCount=315, size=Size{height=10, width=28, length=4}}, publicationYear=2011}, Book{bookId=5281, bookName='Quos dolor distinctio qui', bookLanguage='urdu', bookDescription='Consequatur odit neque enim dolorem dolores id voluptas. Harum voluptatem impedit eos rerum. Laboriosam sed blanditiis aut veritatis accusantium. Aut ullam id id aliquam consectetur aut.', additional=Additional{pageCount=11, size=Size{height=31, width=18, length=4}}, publicationYear=1972}, Book{bookId=5306, bookName='Ratione et repellat', bookLanguage='spanish', bookDescription='Laboriosam adipisci incidunt. Ipsa culpa maiores quis. Quos ut minima facilis. Maxime debitis molestias molestiae amet.', additional=Additional{pageCount=532, size=Size{height=26, width=31, length=3}}, publicationYear=2018}, Book{bookId=5436, bookName='Adipisci occaecati sit', bookLanguage='urdu', bookDescription='Molestiae sunt quibusdam. Non est tempore. Dolore provident dolore fuga. Consectetur eligendi nulla molestias ratione.', additional=Additional{pageCount=15, size=Size{height=17, width=19, length=2}}, publicationYear=1991}, Book{bookId=5455, bookName='Animi est est', bookLanguage='russian', bookDescription='Aliquam modi a. Fugiat animi eos deserunt. Optio sit sit. Error suscipit commodi animi. Est molestiae in quaerat exercitationem nihil voluptatum qui.', additional=Additional{pageCount=463, size=Size{height=8, width=17, length=2}}, publicationYear=1995}, Book{bookId=5656, bookName='Dolor quam dolorem reprehenderit', bookLanguage='english', bookDescription='Qui soluta fugit. Necessitatibus et nihil maxime quod quae eligendi. Hic consequuntur id.', additional=Additional{pageCount=203, size=Size{height=7, width=20, length=3}}, publicationYear=2009}, Book{bookId=5675, bookName='Ut illum quo alias', bookLanguage='spanish', bookDescription='Suscipit sed eligendi assumenda qui recusandae velit. Facere ex at facere. Molestiae porro laudantium ut molestiae. Tempora quos qui quasi exercitationem tenetur enim molestiae. Sit quae accusamus incidunt eligendi nam est consequatur.', additional=Additional{pageCount=310, size=Size{height=14, width=28, length=2}}, publicationYear=2005}, Book{bookId=5691, bookName='Rerum nobis id non', bookLanguage='armenian', bookDescription='Autem vel voluptatem eos et. Enim in non fugiat eum. Consectetur voluptas dolorum minima ut quasi ab fugit. Eos non a alias sed. Optio a sint cupiditate molestias id quae quo.', additional=Additional{pageCount=655, size=Size{height=25, width=18, length=1}}, publicationYear=1993}, Book{bookId=5727, bookName='Quo error incidunt', bookLanguage='french', bookDescription='Minus sunt maiores ea libero quisquam sint. Voluptatem omnis soluta reprehenderit quaerat possimus et. Consequuntur occaecati aut. Est magnam rerum velit laborum nemo occaecati harum.', additional=Additional{pageCount=494, size=Size{height=13, width=28, length=2}}, publicationYear=2012}, Book{bookId=5742, bookName='In necessitatibus sint', bookLanguage='belorussian', bookDescription='Porro eum amet repellat soluta voluptatem mollitia. Sint doloribus omnis ea et laborum et qui. Quasi aspernatur nostrum quisquam nulla quod.', additional=Additional{pageCount=980, size=Size{height=15, width=6, length=3}}, publicationYear=1975}, Book{bookId=5802, bookName='Officia accusamus nisi', bookLanguage='farsi', bookDescription='Nulla rerum quas optio optio non animi. Error tempora unde necessitatibus repellat. Expedita nostrum quisquam qui et eum. Dolores similique quae debitis eius. Beatae consequatur blanditiis et eum et maiores illo.', additional=Additional{pageCount=843, size=Size{height=34, width=20, length=4}}, publicationYear=2010}, Book{bookId=5857, bookName='Cumque fugiat animi', bookLanguage='russian', bookDescription='Officia omnis quam et sed atque quas inventore. Ducimus repellendus ex ipsa. Corporis sequi non voluptatibus. In cumque et explicabo id molestias quo. Ea iste repudiandae reprehenderit excepturi.', additional=Additional{pageCount=403, size=Size{height=11, width=12, length=2}}, publicationYear=1991}, Book{bookId=5870, bookName='Voluptates ea unde quos', bookLanguage='english', bookDescription='Reiciendis atque assumenda omnis dolores rerum excepturi nihil. Est in pariatur illo. Sit voluptas repellat reiciendis ut nostrum. Natus qui autem hic nihil.', additional=Additional{pageCount=72, size=Size{height=32, width=18, length=3}}, publicationYear=2010}, Book{bookId=5914, bookName='Cum voluptatem eum nihil', bookLanguage='chinese', bookDescription='Enim sed quasi id necessitatibus. Quas voluptas ullam eum vitae. Recusandae consequatur architecto.', additional=Additional{pageCount=710, size=Size{height=33, width=22, length=1}}, publicationYear=1985}, Book{bookId=6054, bookName='Cum ut vero soluta', bookLanguage='spanish', bookDescription='Neque et et. Rerum labore aut cupiditate itaque. Rem neque laboriosam asperiores. Est necessitatibus omnis. Dolor veniam nihil laborum velit dolorum qui.', additional=Additional{pageCount=298, size=Size{height=10, width=28, length=4}}, publicationYear=1981}, Book{bookId=6066, bookName='Ut sit aliquam consequuntur', bookLanguage='spanish', bookDescription='Dolores fugit rerum est blanditiis quae quia doloribus. Mollitia repellat impedit temporibus vero. Optio autem modi deserunt quas et in.', additional=Additional{pageCount=189, size=Size{height=20, width=8, length=2}}, publicationYear=1998}, Book{bookId=6121, bookName='Dolor architecto sunt', bookLanguage='portuguese', bookDescription='Et odio soluta molestias dolor non optio. Vero eius voluptatibus ducimus odio repellat at. Sint est laudantium praesentium temporibus. Rem et facilis eos praesentium est. Illum impedit est quia eaque.', additional=Additional{pageCount=487, size=Size{height=20, width=28, length=2}}, publicationYear=1985}, Book{bookId=6122, bookName='Nobis ab esse', bookLanguage='armenian', bookDescription='Officiis et eius sit consectetur eveniet. Inventore enim eius quia. Accusantium quasi est exercitationem possimus quia.', additional=Additional{pageCount=882, size=Size{height=21, width=16, length=1}}, publicationYear=1976}, Book{bookId=6217, bookName='In molestiae et', bookLanguage='armenian', bookDescription='Eos odit nostrum. Iusto ut exercitationem architecto consequuntur consequuntur ut ut. Illum eos facere aliquam dolorum iste saepe. Numquam unde voluptas sed harum iste officiis recusandae. Recusandae quis qui alias excepturi dignissimos.', additional=Additional{pageCount=565, size=Size{height=6, width=12, length=4}}, publicationYear=2011}, Book{bookId=6278, bookName='Et molestias incidunt', bookLanguage='english', bookDescription='Dolore qui non aliquid ratione vitae minima. Quisquam ea aliquid dolor quia corrupti voluptate a. Incidunt voluptatem adipisci. Et unde quaerat nobis eius. Accusantium et corporis nisi et explicabo qui eum.', additional=Additional{pageCount=99, size=Size{height=9, width=14, length=3}}, publicationYear=1972}, Book{bookId=6280, bookName='Aliquam sunt culpa repellat', bookLanguage='urdu', bookDescription='Quia quo tempora eum voluptas dolores fugiat provident. Temporibus blanditiis eos omnis iure odit dolores. Facere autem accusantium. Non quidem libero qui architecto at.', additional=Additional{pageCount=80, size=Size{height=5, width=33, length=2}}, publicationYear=2007}, Book{bookId=6361, bookName='Qui ad alias qui', bookLanguage='farsi', bookDescription='Eos fugiat quaerat. Et qui quia. Sapiente sequi et cupiditate. Fugiat dolorem pariatur dolorem similique porro quasi consequuntur. Et est quia esse aperiam.', additional=Additional{pageCount=745, size=Size{height=23, width=23, length=2}}, publicationYear=1996}, Book{bookId=6470, bookName='BookName6470', bookLanguage='Ukrainian', bookDescription='goodDescription', additional=Additional{pageCount=756, size=Size{height=10, width=20, length=30}}, publicationYear=2001}, Book{bookId=6515, bookName='Voluptatem enim perspiciatis', bookLanguage='belorussian', bookDescription='Ipsa saepe error sint laudantium totam excepturi maxime. Repudiandae esse neque praesentium aut dolores voluptatem. Minima consectetur unde.', additional=Additional{pageCount=121, size=Size{height=5, width=31, length=1}}, publicationYear=2015}, Book{bookId=6518, bookName='Quas ut eos', bookLanguage='belorussian', bookDescription='Assumenda vitae odit velit nulla itaque quis. Est quae maxime ea perspiciatis fugiat aspernatur. Aperiam sunt omnis aliquid ut consequatur eaque placeat. Impedit corporis laborum voluptatem itaque. Eius ut ea delectus eveniet et incidunt.', additional=Additional{pageCount=730, size=Size{height=25, width=22, length=2}}, publicationYear=2017}, Book{bookId=6522, bookName='Sit inventore aut', bookLanguage='arabic', bookDescription='Voluptatem quis excepturi aspernatur sunt sint aspernatur officia. Assumenda autem quibusdam sunt sunt voluptas dolore. Eum laboriosam sed voluptas pariatur reiciendis voluptas enim. Consectetur impedit rerum aliquam eaque laboriosam aut. Vel perferendis consequuntur qui sapiente exercitationem vero.', additional=Additional{pageCount=860, size=Size{height=19, width=30, length=4}}, publicationYear=2012}, Book{bookId=6572, bookName='Sit et sed', bookLanguage='russian', bookDescription='Sint accusantium consectetur dicta voluptatum. Est illum quae ipsam ipsa quos nam. Tenetur sit adipisci ducimus. Numquam et necessitatibus. Est suscipit similique nemo.', additional=Additional{pageCount=478, size=Size{height=20, width=26, length=3}}, publicationYear=2012}, Book{bookId=6704, bookName='Minima reiciendis laborum libero', bookLanguage='urdu', bookDescription='Sequi itaque quia. Sit cum aut et quis officiis id. Eos quibusdam quas eos eos quas. Consectetur est impedit deleniti quasi tenetur. Quia quo molestias qui.', additional=Additional{pageCount=894, size=Size{height=20, width=28, length=3}}, publicationYear=2002}, Book{bookId=6784, bookName='Cum corporis consectetur', bookLanguage='croatian', bookDescription='Ipsa molestias ut. Qui et minima est magnam enim. Facere dolorem voluptatum sit officia.', additional=Additional{pageCount=645, size=Size{height=13, width=12, length=4}}, publicationYear=1970}, Book{bookId=6970, bookName='Voluptas ut sed', bookLanguage='english', bookDescription='Eveniet et quae nobis modi incidunt accusantium. Exercitationem nihil iste voluptatibus quo cumque. Vel ducimus consequuntur vero distinctio aut.', additional=Additional{pageCount=695, size=Size{height=33, width=33, length=4}}, publicationYear=2002}, Book{bookId=7103, bookName='Eveniet sequi ea', bookLanguage='russian', bookDescription='In optio quasi qui numquam incidunt quisquam dolor. Dolore qui voluptatem officiis qui reprehenderit dignissimos. Labore dolor soluta. Alias autem aliquam ea et sequi sit omnis. Dolorem minima tempore.', additional=Additional{pageCount=709, size=Size{height=7, width=14, length=2}}, publicationYear=1984}, Book{bookId=7195, bookName='In excepturi non', bookLanguage='croatian', bookDescription='Animi sequi placeat delectus quae optio dolores suscipit. Nulla consectetur quos odio. Explicabo aut voluptatibus qui blanditiis adipisci voluptate. Accusamus necessitatibus nihil et. Nostrum quia minima.', additional=Additional{pageCount=245, size=Size{height=9, width=32, length=1}}, publicationYear=1976}, Book{bookId=7261, bookName='BookName7261', bookLanguage='Ukrainian', bookDescription='goodDescription', additional=Additional{pageCount=756, size=Size{height=10, width=20, length=30}}, publicationYear=2001}, Book{bookId=7295, bookName='Voluptatum eligendi et', bookLanguage='farsi', bookDescription='Suscipit assumenda ullam quia at. Quo alias nulla non. Et delectus culpa facilis exercitationem et. Eum quis magni.', additional=Additional{pageCount=669, size=Size{height=33, width=34, length=1}}, publicationYear=1974}, Book{bookId=7300, bookName='Suscipit sed dolores', bookLanguage='ukrainian', bookDescription='Qui cum at. Dignissimos quam praesentium cumque sed. Quas et odit iure autem natus non. Modi non sint quo iure et officiis. Officiis tempora quia a enim ipsum sed aliquid.', additional=Additional{pageCount=846, size=Size{height=20, width=33, length=2}}, publicationYear=1991}, Book{bookId=7320, bookName='Nulla commodi vitae facere', bookLanguage='polish', bookDescription='Consequatur voluptatem temporibus optio deserunt dolorem. Omnis labore nihil quisquam quia deleniti. Dolorem quia voluptas cum atque reiciendis quis aperiam. Sed qui recusandae.', additional=Additional{pageCount=930, size=Size{height=9, width=8, length=2}}, publicationYear=1991}, Book{bookId=7377, bookName='BookName7377', bookLanguage='Ukrainian', bookDescription='goodDescription', additional=Additional{pageCount=756, size=Size{height=10, width=20, length=30}}, publicationYear=2001}, Book{bookId=7408, bookName='BookName7408', bookLanguage='Ukrainian', bookDescription='goodDescription', additional=Additional{pageCount=756, size=Size{height=10, width=20, length=30}}, publicationYear=2001}, Book{bookId=7417, bookName='Accusantium voluptas rerum', bookLanguage='croatian', bookDescription='Eligendi odio totam quia vitae repudiandae illo illo. Est et voluptatem non quia. Voluptatum accusantium recusandae neque voluptatem ut in. Repellendus veniam eveniet illum recusandae soluta. Et alias dignissimos.', additional=Additional{pageCount=921, size=Size{height=21, width=7, length=3}}, publicationYear=2007}, Book{bookId=7447, bookName='Eum velit omnis', bookLanguage='chinese', bookDescription='Maxime eligendi tempora sed provident ut dolor blanditiis. Libero quis ut corporis veniam esse quis consequatur. Molestias dolore totam voluptas reprehenderit. Ut iusto maxime atque.', additional=Additional{pageCount=864, size=Size{height=17, width=8, length=1}}, publicationYear=2012}, Book{bookId=7464, bookName='Quasi voluptatem est consequatur', bookLanguage='polish', bookDescription='Aliquam qui voluptatum. Amet in ea ex nostrum molestias. Et delectus culpa vitae qui. Quo alias quisquam reprehenderit inventore libero. Ut neque sint accusantium nemo reiciendis.', additional=Additional{pageCount=933, size=Size{height=18, width=5, length=1}}, publicationYear=2002}, Book{bookId=7492, bookName='Est maiores ipsam', bookLanguage='croatian', bookDescription='Quia id illum excepturi quia fuga aut ut. Qui facere et. Autem deserunt vel. Porro magnam culpa aspernatur fugiat natus maxime. Itaque adipisci deleniti.', additional=Additional{pageCount=142, size=Size{height=23, width=27, length=1}}, publicationYear=1997}, Book{bookId=7494, bookName='Saepe voluptatem temporibus', bookLanguage='urdu', bookDescription='Et officia aut enim natus quia a provident. Ipsa incidunt quas sit. Voluptatem odit debitis autem in esse unde. Minima non eos. Totam rerum accusamus unde quod accusamus.', additional=Additional{pageCount=719, size=Size{height=18, width=34, length=3}}, publicationYear=1985}, Book{bookId=7561, bookName='A dolor ab', bookLanguage='russian', bookDescription='Dicta at fugiat deserunt non ut. Iusto numquam doloremque beatae. Saepe omnis ipsa perspiciatis pariatur libero. Quisquam eos harum incidunt et officia occaecati facilis.', additional=Additional{pageCount=500, size=Size{height=16, width=11, length=1}}, publicationYear=2010}, Book{bookId=7571, bookName='Magni occaecati veritatis ut', bookLanguage='chinese', bookDescription='Consectetur earum qui quia est. Similique minus consequatur hic et consequatur eos sequi. Sed aut illo eaque voluptatem in accusantium.', additional=Additional{pageCount=648, size=Size{height=13, width=13, length=3}}, publicationYear=1976}, Book{bookId=7592, bookName='Officia eligendi perferendis', bookLanguage='russian', bookDescription='Provident vel debitis. Ullam culpa eius sit. Rerum molestias nisi velit cum et.', additional=Additional{pageCount=601, size=Size{height=32, width=14, length=1}}, publicationYear=1973}, Book{bookId=7610, bookName='Doloribus inventore commodi', bookLanguage='belorussian', bookDescription='Itaque consectetur quia culpa sint itaque consequatur corrupti. Ducimus quibusdam maiores. Aut sequi sint et molestias maxime cumque rerum. Quidem deleniti facilis optio error a.', additional=Additional{pageCount=682, size=Size{height=15, width=17, length=2}}, publicationYear=1999}, Book{bookId=7612, bookName='Quis reprehenderit occaecati', bookLanguage='german', bookDescription='Quia aut doloribus qui deleniti. Sunt id omnis. Deserunt animi suscipit.', additional=Additional{pageCount=67, size=Size{height=13, width=9, length=3}}, publicationYear=2000}, Book{bookId=7645, bookName='Quas ut non quibusdam', bookLanguage='armenian', bookDescription='Quisquam facere hic a labore quia et dolores. Iste sunt iusto voluptas enim quo tempora rem. Explicabo et illum error magni nesciunt. Dolor ratione id. Doloribus quis ipsam voluptatum.', additional=Additional{pageCount=233, size=Size{height=24, width=26, length=1}}, publicationYear=2018}, Book{bookId=7659, bookName='BookName7659', bookLanguage='Ukrainian', bookDescription='goodDescription', additional=Additional{pageCount=756, size=Size{height=10, width=20, length=30}}, publicationYear=2001}, Book{bookId=7710, bookName='Est voluptatem et consequatur', bookLanguage='chinese', bookDescription='Ut et dolore. Voluptas aut eos fuga corporis excepturi blanditiis minus. Porro numquam asperiores voluptatum rerum qui et. Voluptatem in exercitationem deleniti quis esse nam.', additional=Additional{pageCount=605, size=Size{height=26, width=18, length=4}}, publicationYear=2016}, Book{bookId=7723, bookName='Aliquam est nostrum', bookLanguage='armenian', bookDescription='Architecto molestiae velit ut animi. Delectus placeat explicabo. Vero vel molestiae tenetur. Nam nesciunt vel magni. Consequatur occaecati cum praesentium architecto.', additional=Additional{pageCount=357, size=Size{height=13, width=26, length=4}}, publicationYear=2002}, Book{bookId=7734, bookName='Perferendis quia voluptas sint', bookLanguage='belorussian', bookDescription='Voluptatem excepturi fugit atque qui dolorem accusamus. Recusandae veritatis qui aperiam beatae est vel autem. Accusamus doloremque repellat nemo saepe aspernatur ut qui.', additional=Additional{pageCount=850, size=Size{height=7, width=22, length=4}}, publicationYear=2010}, Book{bookId=7799, bookName='Aspernatur est minima in', bookLanguage='farsi', bookDescription='Nam quis ducimus aut alias occaecati. Eaque placeat aut laboriosam optio dignissimos dolorem. Nihil iure quis accusantium et corrupti sed sunt. Sit nesciunt eum consequatur.', additional=Additional{pageCount=248, size=Size{height=16, width=22, length=2}}, publicationYear=2015}, Book{bookId=7895, bookName='Voluptas sed laborum', bookLanguage='french', bookDescription='Et tempore explicabo sequi sit. Fugiat tempora excepturi incidunt. Facilis totam iusto et perferendis. Sint in corporis aut vel voluptatem. Quod alias aut dolor explicabo.', additional=Additional{pageCount=380, size=Size{height=21, width=34, length=3}}, publicationYear=1985}, Book{bookId=7949, bookName='A quo exercitationem', bookLanguage='farsi', bookDescription='Sed ea dolores. Illum necessitatibus ut accusamus et. Dolores aliquam sit. Iste quis repudiandae earum. Voluptas aut molestias id reprehenderit.', additional=Additional{pageCount=862, size=Size{height=10, width=9, length=3}}, publicationYear=2003}, Book{bookId=8018, bookName='Necessitatibus exercitationem in asperiores', bookLanguage='croatian', bookDescription='Perferendis dolorum totam quia nesciunt. Aut illum rerum. Sit quia sed modi. Facilis natus necessitatibus suscipit tempora nam autem et.', additional=Additional{pageCount=536, size=Size{height=8, width=12, length=3}}, publicationYear=1970}, Book{bookId=8053, bookName='Et voluptates ea', bookLanguage='ukrainian', bookDescription='Voluptate id similique sint enim dolorem similique. Odit maiores ad. Sed aut et. Sit magni similique. Rerum nisi cupiditate.', additional=Additional{pageCount=311, size=Size{height=26, width=22, length=3}}, publicationYear=2006}, Book{bookId=8134, bookName='Aut sint et iste', bookLanguage='german', bookDescription='Quia rerum dolorem. Sint quia et ut libero nemo. Veritatis beatae dolores est cupiditate quis delectus. Aut molestiae omnis cumque.', additional=Additional{pageCount=905, size=Size{height=29, width=16, length=3}}, publicationYear=1993}, Book{bookId=8164, bookName='Aliquam praesentium aliquid', bookLanguage='polish', bookDescription='Voluptas amet voluptas accusantium tempora ea repellat porro. Accusantium debitis tempore. Eos ipsum inventore laboriosam autem autem non quos.', additional=Additional{pageCount=946, size=Size{height=14, width=28, length=3}}, publicationYear=1992}, Book{bookId=8258, bookName='Autem sint doloribus', bookLanguage='belorussian', bookDescription='Pariatur magni accusamus vitae voluptatem. Assumenda non repudiandae repellat dolores aut ut qui. Tenetur est aut vel eum. Temporibus architecto voluptatem sunt provident.', additional=Additional{pageCount=415, size=Size{height=6, width=7, length=3}}, publicationYear=2003}, Book{bookId=8301, bookName='Alias vitae velit', bookLanguage='chinese', bookDescription='Commodi ipsa sit cumque quia modi aut. Perferendis adipisci est tempora sed. Eaque possimus voluptatem. Perferendis nulla neque vero voluptatem.', additional=Additional{pageCount=529, size=Size{height=12, width=8, length=3}}, publicationYear=1995}, Book{bookId=8316, bookName='Sed quia ut', bookLanguage='polish', bookDescription='Dolor suscipit autem perspiciatis occaecati repudiandae omnis eos. Voluptatem suscipit saepe velit qui. Qui dignissimos iste. Qui explicabo occaecati atque qui asperiores ut vitae.', additional=Additional{pageCount=837, size=Size{height=10, width=14, length=4}}, publicationYear=2010}, Book{bookId=8345, bookName='Non fugiat est facere', bookLanguage='russian', bookDescription='Numquam eum provident voluptate quasi. Recusandae rerum voluptas autem vitae doloribus est. Temporibus nemo beatae.', additional=Additional{pageCount=977, size=Size{height=21, width=7, length=4}}, publicationYear=1987}, Book{bookId=8384, bookName='Consequatur sit autem', bookLanguage='german', bookDescription='Sunt recusandae quasi qui nam dolorum. Rerum placeat velit aliquam illum. Et est provident et nihil culpa est ut. Vel eum laudantium sed aliquid quo. Laborum voluptatum et aut laudantium.', additional=Additional{pageCount=602, size=Size{height=15, width=27, length=4}}, publicationYear=1994}, Book{bookId=8497, bookName='Nemo quod rem', bookLanguage='farsi', bookDescription='Reprehenderit laudantium laudantium odit est eos. Repudiandae non placeat totam. Non reprehenderit eos eos molestiae quibusdam exercitationem laboriosam.', additional=Additional{pageCount=255, size=Size{height=34, width=6, length=1}}, publicationYear=1989}, Book{bookId=8544, bookName='Accusantium animi omnis', bookLanguage='belorussian', bookDescription='Alias officia et deleniti quae accusamus modi odit. Repellendus mollitia voluptas. Autem iste et unde eum.', additional=Additional{pageCount=645, size=Size{height=16, width=16, length=2}}, publicationYear=2018}, Book{bookId=8563, bookName='Porro occaecati sit', bookLanguage='croatian', bookDescription='Maxime modi corrupti quia expedita consectetur. Et amet nulla et. Quasi praesentium ducimus voluptatem quo omnis. Dicta reiciendis voluptatem porro. Est quaerat magnam necessitatibus error expedita.', additional=Additional{pageCount=860, size=Size{height=16, width=21, length=2}}, publicationYear=1981}, Book{bookId=8585, bookName='Veritatis dolorem repellendus', bookLanguage='french', bookDescription='In corrupti mollitia eveniet. Sit excepturi nemo vero ducimus explicabo. Doloremque vitae quaerat labore.', additional=Additional{pageCount=371, size=Size{height=7, width=32, length=1}}, publicationYear=1972}, Book{bookId=8659, bookName='BookName8659', bookLanguage='Ukrainian', bookDescription='goodDescription', additional=Additional{pageCount=756, size=Size{height=10, width=20, length=30}}, publicationYear=2001}, Book{bookId=8693, bookName='Corporis itaque reiciendis libero', bookLangu
[...]
cription', additional=Additional{pageCount=756, size=Size{height=10, width=20, length=30}}, publicationYear=2001}, Book{bookId=63283, bookName='BookName63283', bookLanguage='Ukrainian', bookDescription='goodDescription', additional=Additional{pageCount=756, size=Size{height=10, width=20, length=30}}, publicationYear=2001}, Book{bookId=63520, bookName='BookName63520', bookLanguage='Ukrainian', bookDescription='goodDescription', additional=Additional{pageCount=756, size=Size{height=10, width=20, length=30}}, publicationYear=2001}, Book{bookId=65064, bookName='BookName65064', bookLanguage='Ukrainian', bookDescription='goodDescription', additional=Additional{pageCount=756, size=Size{height=10, width=20, length=30}}, publicationYear=2001}, Book{bookId=65329, bookName='BookName65329', bookLanguage='Ukrainian', bookDescription='goodDescription', additional=Additional{pageCount=756, size=Size{height=10, width=20, length=30}}, publicationYear=2001}, Book{bookId=66149, bookName='BookName66149', bookLanguage='Ukrainian', bookDescription='goodDescription', additional=Additional{pageCount=756, size=Size{height=10, width=20, length=30}}, publicationYear=2001}, Book{bookId=67312, bookName='BookName67312', bookLanguage='Ukrainian', bookDescription='goodDescription', additional=Additional{pageCount=756, size=Size{height=10, width=20, length=30}}, publicationYear=2001}, Book{bookId=67452, bookName='BookName67452', bookLanguage='Ukrainian', bookDescription='goodDescription', additional=Additional{pageCount=756, size=Size{height=10, width=20, length=30}}, publicationYear=2001}, Book{bookId=67639, bookName='BookName67639', bookLanguage='Ukrainian', bookDescription='goodDescription', additional=Additional{pageCount=756, size=Size{height=10, width=20, length=30}}, publicationYear=2001}, Book{bookId=67869, bookName='BookName67869', bookLanguage='Ukrainian', bookDescription='goodDescription', additional=Additional{pageCount=756, size=Size{height=10, width=20, length=30}}, publicationYear=2001}, Book{bookId=67876, bookName='BookName67876', bookLanguage='Ukrainian', bookDescription='goodDescription', additional=Additional{pageCount=756, size=Size{height=10, width=20, length=30}}, publicationYear=2001}, Book{bookId=67995, bookName='BookName67995', bookLanguage='Ukrainian', bookDescription='goodDescription', additional=Additional{pageCount=756, size=Size{height=10, width=20, length=30}}, publicationYear=2001}, Book{bookId=68396, bookName='BookName68396', bookLanguage='Ukrainian', bookDescription='goodDescription', additional=Additional{pageCount=756, size=Size{height=10, width=20, length=30}}, publicationYear=2001}, Book{bookId=68769, bookName='BookName68769', bookLanguage='Ukrainian', bookDescription='goodDescription', additional=Additional{pageCount=756, size=Size{height=10, width=20, length=30}}, publicationYear=2001}, Book{bookId=68889, bookName='BookName68889', bookLanguage='Ukrainian', bookDescription='goodDescription', additional=Additional{pageCount=756, size=Size{height=10, width=20, length=30}}, publicationYear=2001}, Book{bookId=69111, bookName='BookName69111', bookLanguage='Ukrainian', bookDescription='goodDescription', additional=Additional{pageCount=756, size=Size{height=10, width=20, length=30}}, publicationYear=2001}, Book{bookId=69173, bookName='BookName69173', bookLanguage='Ukrainian', bookDescription='goodDescription', additional=Additional{pageCount=756, size=Size{height=10, width=20, length=30}}, publicationYear=2001}, Book{bookId=69231, bookName='BookName69231', bookLanguage='Ukrainian', bookDescription='goodDescription', additional=Additional{pageCount=756, size=Size{height=10, width=20, length=30}}, publicationYear=2001}, Book{bookId=71547, bookName='BookName71547', bookLanguage='Ukrainian', bookDescription='goodDescription', additional=Additional{pageCount=756, size=Size{height=10, width=20, length=30}}, publicationYear=2001}, Book{bookId=71851, bookName='BookName71851', bookLanguage='Ukrainian', bookDescription='goodDescription', additional=Additional{pageCount=756, size=Size{height=10, width=20, length=30}}, publicationYear=2001}, Book{bookId=72333, bookName='BookName72333', bookLanguage='Ukrainian', bookDescription='goodDescription', additional=Additional{pageCount=756, size=Size{height=10, width=20, length=30}}, publicationYear=2001}, Book{bookId=73264, bookName='BookName73264', bookLanguage='Ukrainian', bookDescription='goodDescription', additional=Additional{pageCount=756, size=Size{height=10, width=20, length=30}}, publicationYear=2001}, Book{bookId=73323, bookName='BookName73323', bookLanguage='Ukrainian', bookDescription='goodDescription', additional=Additional{pageCount=756, size=Size{height=10, width=20, length=30}}, publicationYear=2001}, Book{bookId=73481, bookName='BookName73481', bookLanguage='Ukrainian', bookDescription='goodDescription', additional=Additional{pageCount=756, size=Size{height=10, width=20, length=30}}, publicationYear=2001}, Book{bookId=74175, bookName='BookName74175', bookLanguage='Ukrainian', bookDescription='goodDescription', additional=Additional{pageCount=756, size=Size{height=10, width=20, length=30}}, publicationYear=2001}, Book{bookId=75697, bookName='BookName75697', bookLanguage='Ukrainian', bookDescription='goodDescription', additional=Additional{pageCount=756, size=Size{height=10, width=20, length=30}}, publicationYear=2001}, Book{bookId=76059, bookName='BookName76059', bookLanguage='Ukrainian', bookDescription='goodDescription', additional=Additional{pageCount=756, size=Size{height=10, width=20, length=30}}, publicationYear=2001}, Book{bookId=76972, bookName='BookName76972', bookLanguage='Ukrainian', bookDescription='goodDescription', additional=Additional{pageCount=756, size=Size{height=10, width=20, length=30}}, publicationYear=2001}, Book{bookId=77140, bookName='BookName77140', bookLanguage='Ukrainian', bookDescription='goodDescription', additional=Additional{pageCount=756, size=Size{height=10, width=20, length=30}}, publicationYear=2001}, Book{bookId=77235, bookName='BookName77235', bookLanguage='Ukrainian', bookDescription='goodDescription', additional=Additional{pageCount=756, size=Size{height=10, width=20, length=30}}, publicationYear=2001}, Book{bookId=77528, bookName='BookName77528', bookLanguage='Ukrainian', bookDescription='goodDescription', additional=Additional{pageCount=756, size=Size{height=10, width=20, length=30}}, publicationYear=2001}, Book{bookId=78473, bookName='BookName78473', bookLanguage='Ukrainian', bookDescription='goodDescription', additional=Additional{pageCount=756, size=Size{height=10, width=20, length=30}}, publicationYear=2001}, Book{bookId=79568, bookName='BookName79568', bookLanguage='Ukrainian', bookDescription='goodDescription', additional=Additional{pageCount=756, size=Size{height=10, width=20, length=30}}, publicationYear=2001}, Book{bookId=80140, bookName='BookName80140', bookLanguage='Ukrainian', bookDescription='goodDescription', additional=Additional{pageCount=756, size=Size{height=10, width=20, length=30}}, publicationYear=2001}, Book{bookId=81696, bookName='BookName81696', bookLanguage='Ukrainian', bookDescription='goodDescription', additional=Additional{pageCount=756, size=Size{height=10, width=20, length=30}}, publicationYear=2001}, Book{bookId=82333, bookName='BookName82333', bookLanguage='Ukrainian', bookDescription='goodDescription', additional=Additional{pageCount=756, size=Size{height=10, width=20, length=30}}, publicationYear=2001}, Book{bookId=82491, bookName='BookName82491', bookLanguage='Ukrainian', bookDescription='goodDescription', additional=Additional{pageCount=756, size=Size{height=10, width=20, length=30}}, publicationYear=2001}, Book{bookId=83988, bookName='BookName83988', bookLanguage='Ukrainian', bookDescription='goodDescription', additional=Additional{pageCount=756, size=Size{height=10, width=20, length=30}}, publicationYear=2001}, Book{bookId=84465, bookName='BookName84465', bookLanguage='Ukrainian', bookDescription='goodDescription', additional=Additional{pageCount=756, size=Size{height=10, width=20, length=30}}, publicationYear=2001}, Book{bookId=84841, bookName='BookName84841', bookLanguage='Ukrainian', bookDescription='goodDescription', additional=Additional{pageCount=756, size=Size{height=10, width=20, length=30}}, publicationYear=2001}, Book{bookId=85181, bookName='BookName85181', bookLanguage='Ukrainian', bookDescription='goodDescription', additional=Additional{pageCount=756, size=Size{height=10, width=20, length=30}}, publicationYear=2001}, Book{bookId=85370, bookName='BookName85370', bookLanguage='Ukrainian', bookDescription='goodDescription', additional=Additional{pageCount=756, size=Size{height=10, width=20, length=30}}, publicationYear=2001}, Book{bookId=85532, bookName='BookName85532', bookLanguage='Ukrainian', bookDescription='goodDescription', additional=Additional{pageCount=756, size=Size{height=10, width=20, length=30}}, publicationYear=2001}, Book{bookId=85892, bookName='BookName85892', bookLanguage='Ukrainian', bookDescription='goodDescription', additional=Additional{pageCount=756, size=Size{height=10, width=20, length=30}}, publicationYear=2001}, Book{bookId=86700, bookName='BookName86700', bookLanguage='Ukrainian', bookDescription='goodDescription', additional=Additional{pageCount=756, size=Size{height=10, width=20, length=30}}, publicationYear=2001}, Book{bookId=86904, bookName='BookName86904', bookLanguage='Ukrainian', bookDescription='goodDescription', additional=Additional{pageCount=756, size=Size{height=10, width=20, length=30}}, publicationYear=2001}, Book{bookId=87334, bookName='BookName87334', bookLanguage='Ukrainian', bookDescription='goodDescription', additional=Additional{pageCount=756, size=Size{height=10, width=20, length=30}}, publicationYear=2001}, Book{bookId=88700, bookName='BookName88700', bookLanguage='Ukrainian', bookDescription='goodDescription', additional=Additional{pageCount=756, size=Size{height=10, width=20, length=30}}, publicationYear=2001}, Book{bookId=89077, bookName='BookName89077', bookLanguage='Ukrainian', bookDescription='goodDescription', additional=Additional{pageCount=756, size=Size{height=10, width=20, length=30}}, publicationYear=2001}, Book{bookId=89396, bookName='BookName89396', bookLanguage='Ukrainian', bookDescription='goodDescription', additional=Additional{pageCount=756, size=Size{height=10, width=20, length=30}}, publicationYear=2001}, Book{bookId=89806, bookName='BookName89806', bookLanguage='Ukrainian', bookDescription='goodDescription', additional=Additional{pageCount=756, size=Size{height=10, width=20, length=30}}, publicationYear=2001}, Book{bookId=89968, bookName='BookName89968', bookLanguage='Ukrainian', bookDescription='goodDescription', additional=Additional{pageCount=756, size=Size{height=10, width=20, length=30}}, publicationYear=2001}, Book{bookId=90517, bookName='BookName90517', bookLanguage='Ukrainian', bookDescription='goodDescription', additional=Additional{pageCount=756, size=Size{height=10, width=20, length=30}}, publicationYear=2001}, Book{bookId=90970, bookName='BookName90970', bookLanguage='Ukrainian', bookDescription='goodDescription', additional=Additional{pageCount=756, size=Size{height=10, width=20, length=30}}, publicationYear=2001}, Book{bookId=92186, bookName='BookName92186', bookLanguage='Ukrainian', bookDescription='goodDescription', additional=Additional{pageCount=756, size=Size{height=10, width=20, length=30}}, publicationYear=2001}, Book{bookId=92895, bookName='BookName92895', bookLanguage='Ukrainian', bookDescription='goodDescription', additional=Additional{pageCount=756, size=Size{height=10, width=20, length=30}}, publicationYear=2001}, Book{bookId=93538, bookName='BookName93538', bookLanguage='Ukrainian', bookDescription='goodDescription', additional=Additional{pageCount=756, size=Size{height=10, width=20, length=30}}, publicationYear=2001}, Book{bookId=93902, bookName='BookName93902', bookLanguage='Ukrainian', bookDescription='goodDescription', additional=Additional{pageCount=756, size=Size{height=10, width=20, length=30}}, publicationYear=2001}, Book{bookId=94498, bookName='BookName94498', bookLanguage='Ukrainian', bookDescription='goodDescription', additional=Additional{pageCount=756, size=Size{height=10, width=20, length=30}}, publicationYear=2001}, Book{bookId=95076, bookName='BookName95076', bookLanguage='Ukrainian', bookDescription='goodDescription', additional=Additional{pageCount=756, size=Size{height=10, width=20, length=30}}, publicationYear=2001}, Book{bookId=95556, bookName='BookName95556', bookLanguage='Ukrainian', bookDescription='goodDescription', additional=Additional{pageCount=756, size=Size{height=10, width=20, length=30}}, publicationYear=2001}, Book{bookId=95579, bookName='BookName95579', bookLanguage='Ukrainian', bookDescription='goodDescription', additional=Additional{pageCount=756, size=Size{height=10, width=20, length=30}}, publicationYear=2001}, Book{bookId=95633, bookName='BookName95633', bookLanguage='Ukrainian', bookDescription='goodDescription', additional=Additional{pageCount=756, size=Size{height=10, width=20, length=30}}, publicationYear=2001}, Book{bookId=96562, bookName='BookName96562', bookLanguage='Ukrainian', bookDescription='goodDescription', additional=Additional{pageCount=756, size=Size{height=10, width=20, length=30}}, publicationYear=2001}, Book{bookId=96572, bookName='BookName96572', bookLanguage='Ukrainian', bookDescription='goodDescription', additional=Additional{pageCount=756, size=Size{height=10, width=20, length=30}}, publicationYear=2001}, Book{bookId=96604, bookName='BookName96604', bookLanguage='Ukrainian', bookDescription='goodDescription', additional=Additional{pageCount=756, size=Size{height=10, width=20, length=30}}, publicationYear=2001}, Book{bookId=99533, bookName='BookName99533', bookLanguage='Ukrainian', bookDescription='goodDescription', additional=Additional{pageCount=756, size=Size{height=10, width=20, length=30}}, publicationYear=2001}, Book{bookId=99840, bookName='BookName99840', bookLanguage='Ukrainian', bookDescription='goodDescription', additional=Additional{pageCount=756, size=Size{height=10, width=20, length=30}}, publicationYear=2001}]
]]></system-out>
  </testcase>
  <testcase name="testGetBooksWithBadPageNumber" classname="book.GetAllBookOfSpecialGenreTest" time="0"/>
  <testcase name="testGetBooksWithBadPaginationValue" classname="book.GetAllBookOfSpecialGenreTest" time="0.076"/>
  <testcase name="testGetBookBadRequest" classname="book.GetBookTest" time="0"/>
  <testcase name="testGetBookById" classname="book.GetBookTest" time="0"/>
  <testcase name="testGetBookNotFound" classname="book.GetBookTest" time="0"/>
  <testcase name="testSearchBookByAuthor" classname="book.GetBookByAuthorTest" time="0"/>
  <testcase name="testSearchBookByAuthorBadRequest" classname="book.GetBookByAuthorTest" time="0"/>
  <testcase name="testSearchBookByAuthorThatNotExist" classname="book.GetBookByAuthorTest" time="0"/>
  <testcase name="testGetAllBooks" classname="book.GetAllBooksTest" time="0"/>
  <testcase name="testGetBooksWithBadPageNumber" classname="book.GetAllBooksTest" time="0"/>
  <testcase name="testGetBooksWithBadPaginationValue" classname="book.GetAllBooksTest" time="0"/>
  <testcase name="testPositiveUpdateBook" classname="book.UpdateBookTest" time="0"/>
  <testcase name="testUpdateBookThatNotFound" classname="book.UpdateBookTest" time="0"/>
  <testcase name="testUpdateBookWithoutBody" classname="book.UpdateBookTest" time="0"/>
  <testcase name="testCreateAuthorWithExistsId" classname="book.CreateBookTest" time="0"/>
  <testcase name="testCreateAuthorWithoutBody" classname="book.CreateBookTest" time="0"/>
  <testcase name="testPositiveScenario" classname="book.CreateBookTest" time="0.116"/>
  <testcase name="testCreateAuthorWithExistsId" classname="genre.CreateGenreTest" time="0.066"/>
  <testcase name="testCreateAuthorWithoutBody" classname="genre.CreateGenreTest" time="0.034"/>
  <testcase name="testPositiveScenario" classname="genre.CreateGenreTest" time="0.003"/>
  <testcase name="testGetGenreBadRequest" classname="genre.GetGenreTest" time="0.025"/>
  <testcase name="testGetGenreById" classname="genre.GetGenreTest" time="0.045"/>
  <testcase name="testGetGenreNotFound" classname="genre.GetGenreTest" time="0.022"/>
  <testcase name="testDeleteGenreBadRequest" classname="genre.DeleteGenreTest" time="0.022"/>
  <testcase name="testDeleteGenreById" classname="genre.DeleteGenreTest" time="0.037"/>
  <testcase name="testDeleteGenreNotFound" classname="genre.DeleteGenreTest" time="0.025"/>
  <testcase name="testPositiveUpdateGenre" classname="genre.UpdateGenreTest" time="0.012"/>
  <testcase name="testUpdateGenreThatNotFound" classname="genre.UpdateGenreTest" time="0.014"/>
  <testcase name="testUpdateGenreWithoutBody" classname="genre.UpdateGenreTest" time="0.039"/>
  <testcase name="testSearchGenreByAuthor" classname="genre.GetGenreByAuthorTest" time="0.009"/>
  <testcase name="testSearchGenreByAuthorBadRequest" classname="genre.GetGenreByAuthorTest" time="0.052"/>
  <testcase name="testSearchGenreByAuthorThatNotExist" classname="genre.GetGenreByAuthorTest" time="0.019"/>
  <testcase name="testSearchGenreBadRequest" classname="genre.SearchGenreTest" time="0.019"/>
  <testcase name="testSearchGenreByName" classname="genre.SearchGenreTest" time="0.001"/>
  <testcase name="testGetAllGenres" classname="genre.GetAllGenresTest" time="0.012"/>
  <testcase name="testGetGenresWithBadPageNumber" classname="genre.GetAllGenresTest" time="0.034"/>
  <testcase name="testGetGenresWithBadPaginationValue" classname="genre.GetAllGenresTest" time="0.041"/>
  <testcase name="testDeleteAuthorBadRequest" classname="author.DeleteAuthorTest" time="0.043"/>
  <testcase name="testDeleteAuthorById" classname="author.DeleteAuthorTest" time="0.026"/>
  <testcase name="testDeleteAuthorNotFound" classname="author.DeleteAuthorTest" time="0.02"/>
  <testcase name="testSearchAuthorByBook" classname="author.GetAuthorByBookTest" time="0.012"/>
  <testcase name="testSearchAuthorByBookBadRequest" classname="author.GetAuthorByBookTest" time="0.016"/>
  <testcase name="testSearchAuthorByBookThatNotExist" classname="author.GetAuthorByBookTest" time="0.011"/>
  <testcase name="testGetAuthorBadRequest" classname="author.GetAuthorTest" time="0.02"/>
  <testcase name="testGetAuthorById" classname="author.GetAuthorTest" time="0.023"/>
  <testcase name="testGetAuthorNotFound" classname="author.GetAuthorTest" time="0.009"/>
  <testcase name="testCreateAuthorWithExistsId" classname="author.CreateAuthorTest" time="0.021"/>
  <testcase name="testCreateAuthorWithoutBody" classname="author.CreateAuthorTest" time="0.032"/>
  <testcase name="testPositiveScenario" classname="author.CreateAuthorTest" time="0.007"/>
  <testcase name="testSearchAuthorByGenre" classname="author.GetAuthorByGenreTest" time="0.007"/>
  <testcase name="testSearchAuthorByGenreBadRequest" classname="author.GetAuthorByGenreTest" time="0.058"/>
  <testcase name="testSearchAuthorByGenreThatNotExist" classname="author.GetAuthorByGenreTest" time="0.031"/>
  <testcase name="testSearchAuthorBadRequest" classname="author.SearchAuthorTest" time="0.012"/>
  <testcase name="testSearchAuthorByFirstName" classname="author.SearchAuthorTest" time="0.011"/>
  <testcase name="testSearchAuthorByLastName" classname="author.SearchAuthorTest" time="0.027"/>
  <testcase name="testPositiveUpdateAuthor" classname="author.UpdateAuthorTest" time="0.013"/>
  <testcase name="testUpdateAuthorWithoutBody" classname="author.UpdateAuthorTest" time="0.02"/>
  <testcase name="testUpdateUserThatNotFound" classname="author.UpdateAuthorTest" time="0.018"/>
  <testcase name="testGetAllAuthors" classname="author.GetAllAuthorsTest" time="0.051"/>
  <testcase name="testGetAuthorsWithBadPageNumber" classname="author.GetAllAuthorsTest" time="0.022"/>
  <testcase name="testGetAuthorsWithBadPaginationValue" classname="author.GetAllAuthorsTest" time="0.018"/>
</testsuite>