-------------------------------------------------------------------------------
Test set: TestSuite
-------------------------------------------------------------------------------
Tests run: 73, Failures: 1, Errors: 0, Skipped: 0, Time elapsed: 11.198 s <<< FAILURE! - in TestSuite
testGetAllBooks(book.GetAllBookOfSpecialGenreTest)  Time elapsed: 1.982 s  <<< FAILURE!
java.lang.AssertionError: Size not equals of expected expected [5] but found [398]
	at book.GetAllBookOfSpecialGenreTest.testGetAllBooks(GetAllBookOfSpecialGenreTest.java:40)

