-------------------------------------------------------------------------------
Test set: TestSuite
-------------------------------------------------------------------------------
Tests run: 73, Failures: 1, Errors: 0, Skipped: 0, Time elapsed: 11.133 s <<< FAILURE! - in TestSuite
testGetAllBooks(book.GetAllBookOfSpecialGenreTest)  Time elapsed: 1.871 s  <<< FAILURE!
java.lang.AssertionError: expected [5] but found [355]
	at book.GetAllBookOfSpecialGenreTest.testGetAllBooks(GetAllBookOfSpecialGenreTest.java:40)

